[11-11-2023 22:27:23.838 INFO com.vmo.automationexercise.helper.Log] - Open browser
[11-11-2023 22:27:27.332 INFO com.vmo.automationexercise.helper.Log] - Open Homepage successful
[11-11-2023 22:27:27.372 INFO com.vmo.automationexercise.helper.Log] - Open Automation exercise shop
[11-11-2023 22:27:27.804 INFO com.vmo.automationexercise.helper.Log] - Verify that home page is visible successfully
[11-11-2023 22:27:27.965 INFO com.vmo.automationexercise.helper.Log] - Hover over first product 
[11-11-2023 22:27:28.158 INFO com.vmo.automationexercise.helper.Log] - Add products to cart
[11-11-2023 22:27:30.027 INFO com.vmo.automationexercise.helper.Log] - Click 'Cart' button
[11-11-2023 22:27:30.043 INFO com.vmo.automationexercise.helper.Log] - Verify that cart page is displayed
[11-11-2023 22:27:30.193 INFO com.vmo.automationexercise.helper.Log] - Click Proceed To Checkout
[11-11-2023 22:27:31.198 INFO com.vmo.automationexercise.helper.Log] - Click 'Register / Login' button
[11-11-2023 22:27:31.198 INFO com.vmo.automationexercise.helper.Log] - Enter name: Mrs. Lacy Stark
[11-11-2023 22:27:31.198 INFO com.vmo.automationexercise.helper.Log] - Enter locator: //input[@name='name']
[11-11-2023 22:27:31.198 INFO com.vmo.automationexercise.helper.Log] - Enter driver: ChromeDriver: chrome on windows (cf083bbf28c20e0bbdc5246fb4472724)
[11-11-2023 22:27:31.603 INFO com.vmo.automationexercise.helper.Log] - Enter name: Mrs. Lacy Stark
[11-11-2023 22:27:31.827 INFO com.vmo.automationexercise.helper.Log] - Enter email: billie.ryan@gmail.com
[11-11-2023 22:27:33.170 INFO com.vmo.automationexercise.helper.Log] - Click on signup button
[11-11-2023 22:27:33.313 INFO com.vmo.automationexercise.helper.Log] - Verify that 'ENTER ACCOUNT INFORMATION' is visible
[11-11-2023 22:27:33.453 INFO com.vmo.automationexercise.helper.Log] - Choose title
[11-11-2023 22:27:33.713 INFO com.vmo.automationexercise.helper.Log] - Enter password: dsn9m3d66zaz
[11-11-2023 22:27:33.927 INFO com.vmo.automationexercise.helper.Log] - Choose day: 5
[11-11-2023 22:27:34.103 INFO com.vmo.automationexercise.helper.Log] - Choose month: May
[11-11-2023 22:27:34.241 INFO com.vmo.automationexercise.helper.Log] - Choose year: 1989
[11-11-2023 22:27:34.434 INFO com.vmo.automationexercise.helper.Log] - Tick on Sign up for our newsletter! checkbox
[11-11-2023 22:27:34.579 INFO com.vmo.automationexercise.helper.Log] - Tick on Receive special offers from our partners! checkbox
[11-11-2023 22:27:34.822 INFO com.vmo.automationexercise.helper.Log] - Enter first name: Josh
[11-11-2023 22:27:35.018 INFO com.vmo.automationexercise.helper.Log] - Enter last name: Lindgren
[11-11-2023 22:27:35.246 INFO com.vmo.automationexercise.helper.Log] - Enter company: Simonis-Rutherford
[11-11-2023 22:27:35.448 INFO com.vmo.automationexercise.helper.Log] - Enter address1: 9492 Diedra Oval, Margaritobury, GA 95705-8345
[11-11-2023 22:27:35.669 INFO com.vmo.automationexercise.helper.Log] - Enter address2: 009
[11-11-2023 22:27:35.807 INFO com.vmo.automationexercise.helper.Log] - Choose country: Canada
[11-11-2023 22:27:35.959 INFO com.vmo.automationexercise.helper.Log] - Enter state: South Dakota
[11-11-2023 22:27:36.144 INFO com.vmo.automationexercise.helper.Log] - Enter city: Jcfurt
[11-11-2023 22:27:36.405 INFO com.vmo.automationexercise.helper.Log] - Enter zipcode: 12632
[11-11-2023 22:27:36.674 INFO com.vmo.automationexercise.helper.Log] - Enter phone number: 908.086.6547
[11-11-2023 22:27:37.945 INFO com.vmo.automationexercise.helper.Log] - Click on Create account button
[11-11-2023 22:27:38.096 INFO com.vmo.automationexercise.helper.Log] - Verify that 'ACCOUNT CREATED!' is visible
[11-11-2023 22:27:42.408 INFO com.vmo.automationexercise.helper.Log] - Click Continue button to login
[11-11-2023 22:27:42.470 INFO com.vmo.automationexercise.helper.Log] - Verify that 'Logged in as username' is visible
[11-11-2023 22:27:44.283 INFO com.vmo.automationexercise.helper.Log] - Click 'Cart' button
[11-11-2023 22:27:45.545 INFO com.vmo.automationexercise.helper.Log] - Click 'Proceed To Checkout' button
[11-11-2023 22:28:45.838 WARN org.asynchttpclient.netty.handler.WebSocketHandler] - onError
java.net.SocketException: Connection reset
	at sun.nio.ch.SocketChannelImpl.throwConnectionReset(SocketChannelImpl.java:401) ~[?:?]
	at sun.nio.ch.SocketChannelImpl.read(SocketChannelImpl.java:434) ~[?:?]
	at io.netty.buffer.PooledByteBuf.setBytes(PooledByteBuf.java:256) ~[netty-buffer-4.1.92.Final.jar:4.1.92.Final]
	at io.netty.buffer.AbstractByteBuf.writeBytes(AbstractByteBuf.java:1132) ~[netty-buffer-4.1.92.Final.jar:4.1.92.Final]
	at io.netty.channel.socket.nio.NioSocketChannel.doReadBytes(NioSocketChannel.java:357) ~[netty-transport-4.1.92.Final.jar:4.1.92.Final]
	at io.netty.channel.nio.AbstractNioByteChannel$NioByteUnsafe.read(AbstractNioByteChannel.java:151) ~[netty-transport-4.1.92.Final.jar:4.1.92.Final]
	at io.netty.channel.nio.NioEventLoop.processSelectedKey(NioEventLoop.java:788) ~[netty-transport-4.1.92.Final.jar:4.1.92.Final]
	at io.netty.channel.nio.NioEventLoop.processSelectedKeysOptimized(NioEventLoop.java:724) ~[netty-transport-4.1.92.Final.jar:4.1.92.Final]
	at io.netty.channel.nio.NioEventLoop.processSelectedKeys(NioEventLoop.java:650) ~[netty-transport-4.1.92.Final.jar:4.1.92.Final]
	at io.netty.channel.nio.NioEventLoop.run(NioEventLoop.java:562) ~[netty-transport-4.1.92.Final.jar:4.1.92.Final]
	at io.netty.util.concurrent.SingleThreadEventExecutor$4.run(SingleThreadEventExecutor.java:997) ~[netty-common-4.1.92.Final.jar:4.1.92.Final]
	at io.netty.util.internal.ThreadExecutorMap$2.run(ThreadExecutorMap.java:74) ~[netty-common-4.1.92.Final.jar:4.1.92.Final]
	at io.netty.util.concurrent.FastThreadLocalRunnable.run(FastThreadLocalRunnable.java:30) ~[netty-common-4.1.92.Final.jar:4.1.92.Final]
	at java.lang.Thread.run(Thread.java:1623) [?:?]
