[20-11-2023 06:01:42.329 INFO com.vmo.automationexercise.helper.Log] - Open browser
[20-11-2023 06:01:47.479 INFO com.vmo.automationexercise.helper.Log] - Open Homepage successful
[20-11-2023 06:01:47.526 INFO com.vmo.automationexercise.helper.Log] - Open Automation exercise shop
[20-11-2023 06:01:51.353 INFO com.vmo.automationexercise.helper.Log] - Open Homepage successful
[20-11-2023 06:01:51.381 INFO com.vmo.automationexercise.helper.Log] - Verify that home page is visible successfully
[20-11-2023 06:01:51.412 INFO com.vmo.automationexercise.helper.Log] - Scroll down page to bottom
[20-11-2023 06:01:51.772 INFO com.vmo.automationexercise.helper.Log] - Verify 'SUBSCRIPTION' is visible
[20-11-2023 06:01:51.928 INFO com.vmo.automationexercise.helper.Log] - Click on arrow at bottom right side to move upward
[20-11-2023 06:01:52.335 INFO com.vmo.automationexercise.helper.Log] - Verify that page is scrolled up 
[20-11-2023 06:01:52.462 INFO com.vmo.automationexercise.helper.Log] - Verify that 'Full-Fledged practice website for Automation Engineers' text is visible on screen
[20-11-2023 06:01:54.313 INFO com.vmo.automationexercise.helper.Log] - Open browser
[20-11-2023 06:01:59.341 INFO com.vmo.automationexercise.helper.Log] - Open Homepage successful
[20-11-2023 06:01:59.343 INFO com.vmo.automationexercise.helper.Log] - Open Automation exercise shop
[20-11-2023 06:02:02.545 INFO com.vmo.automationexercise.helper.Log] - Open Homepage successful
[20-11-2023 06:02:02.558 INFO com.vmo.automationexercise.helper.Log] - Verify that home page is visible successfully
[20-11-2023 06:02:02.570 INFO com.vmo.automationexercise.helper.Log] - Scroll down page to bottom
[20-11-2023 06:02:02.677 INFO com.vmo.automationexercise.helper.Log] - Verify 'SUBSCRIPTION' is visible
[20-11-2023 06:02:02.738 INFO com.vmo.automationexercise.helper.Log] - Scroll up page to top
[20-11-2023 06:02:02.851 INFO com.vmo.automationexercise.helper.Log] - Verify that page is scrolled up 
[20-11-2023 06:02:02.891 INFO com.vmo.automationexercise.helper.Log] - Verify that 'Full-Fledged practice website for Automation Engineers' text is visible on screen
