[19-11-2023 21:40:05.833 INFO com.vmo.automationexercise.helper.Log] - Open browser
[19-11-2023 21:40:09.288 INFO com.vmo.automationexercise.helper.Log] - Open Homepage successful
[19-11-2023 21:40:09.331 INFO com.vmo.automationexercise.helper.Log] - Open Automation exercise shop
[19-11-2023 21:40:09.749 INFO com.vmo.automationexercise.helper.Log] - Verify that home page is visible successfully
[19-11-2023 21:40:11.084 INFO com.vmo.automationexercise.helper.Log] -  Click on 'Signup / Login' button
[19-11-2023 21:40:11.320 INFO com.vmo.automationexercise.helper.Log] -  Verify 'Login to your account' is visible
[19-11-2023 21:40:11.604 INFO com.vmo.automationexercise.helper.Log] - Enter email: tia.mclaughlin@gmail.com
[19-11-2023 21:40:11.845 INFO com.vmo.automationexercise.helper.Log] - Enter password: uaq3hhz2sdke6
[19-11-2023 21:40:14.760 INFO com.vmo.automationexercise.helper.Log] - Click 'login' button
[19-11-2023 21:40:14.855 INFO com.vmo.automationexercise.helper.Log] - Verify that 'Logged in as username' is visible
[19-11-2023 21:40:15.092 INFO com.vmo.automationexercise.helper.Log] - Hover over first product 
[19-11-2023 21:40:15.256 INFO com.vmo.automationexercise.helper.Log] - Add products to cart
[19-11-2023 21:40:17.053 INFO com.vmo.automationexercise.helper.Log] - Click 'Cart' button
[19-11-2023 21:40:17.065 INFO com.vmo.automationexercise.helper.Log] - Verify that cart page is displayed
[19-11-2023 21:40:18.191 INFO com.vmo.automationexercise.helper.Log] - Click 'Cart' button
[19-11-2023 21:40:19.712 INFO com.vmo.automationexercise.helper.Log] - Click 'Proceed To Checkout' button
[19-11-2023 21:40:20.061 WARN org.asynchttpclient.netty.handler.WebSocketHandler] - onError
java.net.SocketException: Connection reset
	at sun.nio.ch.SocketChannelImpl.throwConnectionReset(SocketChannelImpl.java:401) ~[?:?]
	at sun.nio.ch.SocketChannelImpl.read(SocketChannelImpl.java:434) ~[?:?]
	at io.netty.buffer.PooledByteBuf.setBytes(PooledByteBuf.java:256) ~[netty-buffer-4.1.92.Final.jar:4.1.92.Final]
	at io.netty.buffer.AbstractByteBuf.writeBytes(AbstractByteBuf.java:1132) ~[netty-buffer-4.1.92.Final.jar:4.1.92.Final]
	at io.netty.channel.socket.nio.NioSocketChannel.doReadBytes(NioSocketChannel.java:357) ~[netty-transport-4.1.92.Final.jar:4.1.92.Final]
	at io.netty.channel.nio.AbstractNioByteChannel$NioByteUnsafe.read(AbstractNioByteChannel.java:151) ~[netty-transport-4.1.92.Final.jar:4.1.92.Final]
	at io.netty.channel.nio.NioEventLoop.processSelectedKey(NioEventLoop.java:788) ~[netty-transport-4.1.92.Final.jar:4.1.92.Final]
	at io.netty.channel.nio.NioEventLoop.processSelectedKeysOptimized(NioEventLoop.java:724) ~[netty-transport-4.1.92.Final.jar:4.1.92.Final]
	at io.netty.channel.nio.NioEventLoop.processSelectedKeys(NioEventLoop.java:650) ~[netty-transport-4.1.92.Final.jar:4.1.92.Final]
	at io.netty.channel.nio.NioEventLoop.run(NioEventLoop.java:562) ~[netty-transport-4.1.92.Final.jar:4.1.92.Final]
	at io.netty.util.concurrent.SingleThreadEventExecutor$4.run(SingleThreadEventExecutor.java:997) ~[netty-common-4.1.92.Final.jar:4.1.92.Final]
	at io.netty.util.internal.ThreadExecutorMap$2.run(ThreadExecutorMap.java:74) ~[netty-common-4.1.92.Final.jar:4.1.92.Final]
	at io.netty.util.concurrent.FastThreadLocalRunnable.run(FastThreadLocalRunnable.java:30) ~[netty-common-4.1.92.Final.jar:4.1.92.Final]
	at java.lang.Thread.run(Thread.java:1623) [?:?]
[19-11-2023 21:40:21.926 INFO com.vmo.automationexercise.helper.Log] - Open browser
[19-11-2023 21:40:25.536 INFO com.vmo.automationexercise.helper.Log] - Open Homepage successful
[19-11-2023 21:40:25.538 INFO com.vmo.automationexercise.helper.Log] - Open Automation exercise shop
[19-11-2023 21:40:25.585 INFO com.vmo.automationexercise.helper.Log] - Verify that home page is visible successfully
[19-11-2023 21:40:26.958 INFO com.vmo.automationexercise.helper.Log] - Click Signup button
[19-11-2023 21:40:27.179 INFO com.vmo.automationexercise.helper.Log] - Verify 'New User Signup!' is visible
[19-11-2023 21:40:27.179 INFO com.vmo.automationexercise.helper.Log] - Enter name: Laurine Kshlerin
[19-11-2023 21:40:27.181 INFO com.vmo.automationexercise.helper.Log] - Enter locator: //input[@name='name']
[19-11-2023 21:40:27.182 INFO com.vmo.automationexercise.helper.Log] - Enter driver: ChromeDriver: chrome on windows (0508ded90b40f357988ee88635c33d37)
[19-11-2023 21:40:27.401 INFO com.vmo.automationexercise.helper.Log] - Enter name: Laurine Kshlerin
[19-11-2023 21:40:27.623 INFO com.vmo.automationexercise.helper.Log] - Enter email: faye.toy@gmail.com
[19-11-2023 21:40:28.495 INFO com.vmo.automationexercise.helper.Log] - Click on signup button
[19-11-2023 21:40:28.554 INFO com.vmo.automationexercise.helper.Log] - Verify that 'ENTER ACCOUNT INFORMATION' is visible
[19-11-2023 21:40:28.612 INFO com.vmo.automationexercise.helper.Log] - Choose title
[19-11-2023 21:40:28.762 INFO com.vmo.automationexercise.helper.Log] - Enter password: v7gcv15j6c
[19-11-2023 21:40:28.919 INFO com.vmo.automationexercise.helper.Log] - Choose day: 5
[19-11-2023 21:40:29.000 INFO com.vmo.automationexercise.helper.Log] - Choose month: May
[19-11-2023 21:40:29.091 INFO com.vmo.automationexercise.helper.Log] - Choose year: 1989
[19-11-2023 21:40:29.239 INFO com.vmo.automationexercise.helper.Log] - Tick on Sign up for our newsletter! checkbox
[19-11-2023 21:40:29.306 INFO com.vmo.automationexercise.helper.Log] - Tick on Receive special offers from our partners! checkbox
[19-11-2023 21:40:29.401 INFO com.vmo.automationexercise.helper.Log] - Enter first name: Felipa
[19-11-2023 21:40:29.524 INFO com.vmo.automationexercise.helper.Log] - Enter last name: Stamm
[19-11-2023 21:40:29.632 INFO com.vmo.automationexercise.helper.Log] - Enter company: Leuschke-Gerhold
[19-11-2023 21:40:29.893 INFO com.vmo.automationexercise.helper.Log] - Enter address1: Suite 150 2409 Cummerata Road, West Tommye, NJ 24654
[19-11-2023 21:40:29.979 INFO com.vmo.automationexercise.helper.Log] - Enter address2: 9696
[19-11-2023 21:40:30.042 INFO com.vmo.automationexercise.helper.Log] - Choose country: Canada
[19-11-2023 21:40:30.144 INFO com.vmo.automationexercise.helper.Log] - Enter state: Pennsylvania
[19-11-2023 21:40:30.249 INFO com.vmo.automationexercise.helper.Log] - Enter city: South Kurt
[19-11-2023 21:40:30.343 INFO com.vmo.automationexercise.helper.Log] - Enter zipcode: 46055
[19-11-2023 21:40:30.457 INFO com.vmo.automationexercise.helper.Log] - Enter phone number: 1-104-818-3976
[19-11-2023 21:40:31.848 INFO com.vmo.automationexercise.helper.Log] - Click on Create account button
[19-11-2023 21:40:31.985 INFO com.vmo.automationexercise.helper.Log] - Verify that 'ACCOUNT CREATED!' is visible
[19-11-2023 21:40:34.751 INFO com.vmo.automationexercise.helper.Log] - Click Continue button to login
[19-11-2023 21:40:34.914 INFO com.vmo.automationexercise.helper.Log] - Verify that 'Logged in as username' is visible
[19-11-2023 21:40:35.084 INFO com.vmo.automationexercise.helper.Log] - Hover over first product 
[19-11-2023 21:40:35.241 INFO com.vmo.automationexercise.helper.Log] - Add products to cart
[19-11-2023 21:40:36.988 INFO com.vmo.automationexercise.helper.Log] - Click 'Cart' button
[19-11-2023 21:40:37.001 INFO com.vmo.automationexercise.helper.Log] - Verify that cart page is displayed
[19-11-2023 21:40:37.870 INFO com.vmo.automationexercise.helper.Log] - Click 'Cart' button
[19-11-2023 21:40:39.178 INFO com.vmo.automationexercise.helper.Log] - Click 'Proceed To Checkout' button
[19-11-2023 21:40:39.318 INFO com.vmo.automationexercise.helper.Log] - Verify Name Details Successfully
[19-11-2023 21:40:39.493 INFO com.vmo.automationexercise.helper.Log] - Verify Review Your Order Successfully
[19-11-2023 21:40:40.623 INFO com.vmo.automationexercise.helper.Log] - Enter description in comment text area and click 'Place Order'
[19-11-2023 21:40:41.004 INFO com.vmo.automationexercise.helper.Log] - Enter payment details: Name on Card
[19-11-2023 21:40:41.252 INFO com.vmo.automationexercise.helper.Log] - Enter payment details:  Card Number
[19-11-2023 21:40:41.541 INFO com.vmo.automationexercise.helper.Log] - Enter payment details:  CVC
[19-11-2023 21:40:41.771 INFO com.vmo.automationexercise.helper.Log] - Enter payment details:  Expiration month
[19-11-2023 21:40:41.967 INFO com.vmo.automationexercise.helper.Log] - Enter payment details:  Expiration year
[19-11-2023 21:40:44.277 INFO com.vmo.automationexercise.helper.Log] - Click 'Pay and Confirm Order' button
