[04-11-2023 14:17:09.653 INFO com.vmo.automationexercise.helper.Log] - Open browser
[04-11-2023 14:17:15.211 INFO com.vmo.automationexercise.helper.Log] - Open Homepage successful
[04-11-2023 14:17:15.276 INFO com.vmo.automationexercise.helper.Log] - Open Automation exercise shop
[04-11-2023 14:17:15.624 INFO com.vmo.automationexercise.helper.Log] - Verify that home page is visible successfully
[04-11-2023 14:17:16.525 INFO com.vmo.automationexercise.helper.Log] - Click Signup button
[04-11-2023 14:17:16.706 INFO com.vmo.automationexercise.helper.Log] - Verify 'New User Signup!' is visible
[04-11-2023 14:17:17.533 INFO com.vmo.automationexercise.helper.Log] - Enter name: Carmel Kohler
[04-11-2023 14:17:17.819 INFO com.vmo.automationexercise.helper.Log] - Enter email: tia.mclaughlin@gmail.com
[04-11-2023 14:17:18.829 INFO com.vmo.automationexercise.helper.Log] - Click on signup button
[04-11-2023 14:17:19.068 INFO com.vmo.automationexercise.helper.Log] - Verify that 'ENTER ACCOUNT INFORMATION' is visible
[04-11-2023 14:17:19.208 INFO com.vmo.automationexercise.helper.Log] - Choose title
[04-11-2023 14:17:19.484 INFO com.vmo.automationexercise.helper.Log] - Enter password: uaq3hhz2sdke6
[04-11-2023 14:17:19.745 INFO com.vmo.automationexercise.helper.Log] - Choose day: 5
[04-11-2023 14:17:19.898 INFO com.vmo.automationexercise.helper.Log] - Choose month: May
[04-11-2023 14:17:20.085 INFO com.vmo.automationexercise.helper.Log] - Choose year: 1989
[04-11-2023 14:17:20.229 INFO com.vmo.automationexercise.helper.Log] - Tick on Sign up for our newsletter! checkbox
[04-11-2023 14:17:20.378 INFO com.vmo.automationexercise.helper.Log] - Tick on Receive special offers from our partners! checkbox
[04-11-2023 14:17:20.687 INFO com.vmo.automationexercise.helper.Log] - Enter first name: Clair
[04-11-2023 14:17:20.932 INFO com.vmo.automationexercise.helper.Log] - Enter last name: Mayert
[04-11-2023 14:17:21.218 INFO com.vmo.automationexercise.helper.Log] - Enter company: com.github.javafaker.Company@3a3f1703
[04-11-2023 14:17:21.523 INFO com.vmo.automationexercise.helper.Log] - Enter address1: com.github.javafaker.Address@25d6ae3
[04-11-2023 14:17:21.850 INFO com.vmo.automationexercise.helper.Log] - Enter address2: com.github.javafaker.Address@25d6ae3
[04-11-2023 14:17:22.073 INFO com.vmo.automationexercise.helper.Log] - Choose country: Canada
[04-11-2023 14:17:22.391 INFO com.vmo.automationexercise.helper.Log] - Enter state: Louisiana
[04-11-2023 14:17:22.662 INFO com.vmo.automationexercise.helper.Log] - Enter city: South Imeldaport
[04-11-2023 14:17:22.936 INFO com.vmo.automationexercise.helper.Log] - Enter zipcode: 07278
[04-11-2023 14:17:23.237 INFO com.vmo.automationexercise.helper.Log] - Enter phone number: com.github.javafaker.PhoneNumber@182ce25e
[04-11-2023 14:17:25.394 INFO com.vmo.automationexercise.helper.Log] - Click on Create account button
[04-11-2023 14:17:25.567 INFO com.vmo.automationexercise.helper.Log] - Verify that 'ACCOUNT CREATED!' is visible
[04-11-2023 14:17:28.370 INFO com.vmo.automationexercise.helper.Log] - Click Continue button to login
[04-11-2023 14:17:28.529 INFO com.vmo.automationexercise.helper.Log] - Verify that 'Logged in as username' is visible
[04-11-2023 14:17:28.856 WARN org.asynchttpclient.netty.handler.WebSocketHandler] - onError
java.net.SocketException: Connection reset
	at sun.nio.ch.SocketChannelImpl.throwConnectionReset(SocketChannelImpl.java:401) ~[?:?]
	at sun.nio.ch.SocketChannelImpl.read(SocketChannelImpl.java:434) ~[?:?]
	at io.netty.buffer.PooledByteBuf.setBytes(PooledByteBuf.java:256) ~[netty-buffer-4.1.92.Final.jar:4.1.92.Final]
	at io.netty.buffer.AbstractByteBuf.writeBytes(AbstractByteBuf.java:1132) ~[netty-buffer-4.1.92.Final.jar:4.1.92.Final]
	at io.netty.channel.socket.nio.NioSocketChannel.doReadBytes(NioSocketChannel.java:357) ~[netty-transport-4.1.92.Final.jar:4.1.92.Final]
	at io.netty.channel.nio.AbstractNioByteChannel$NioByteUnsafe.read(AbstractNioByteChannel.java:151) ~[netty-transport-4.1.92.Final.jar:4.1.92.Final]
	at io.netty.channel.nio.NioEventLoop.processSelectedKey(NioEventLoop.java:788) ~[netty-transport-4.1.92.Final.jar:4.1.92.Final]
	at io.netty.channel.nio.NioEventLoop.processSelectedKeysOptimized(NioEventLoop.java:724) ~[netty-transport-4.1.92.Final.jar:4.1.92.Final]
	at io.netty.channel.nio.NioEventLoop.processSelectedKeys(NioEventLoop.java:650) ~[netty-transport-4.1.92.Final.jar:4.1.92.Final]
	at io.netty.channel.nio.NioEventLoop.run(NioEventLoop.java:562) ~[netty-transport-4.1.92.Final.jar:4.1.92.Final]
	at io.netty.util.concurrent.SingleThreadEventExecutor$4.run(SingleThreadEventExecutor.java:997) ~[netty-common-4.1.92.Final.jar:4.1.92.Final]
	at io.netty.util.internal.ThreadExecutorMap$2.run(ThreadExecutorMap.java:74) ~[netty-common-4.1.92.Final.jar:4.1.92.Final]
	at io.netty.util.concurrent.FastThreadLocalRunnable.run(FastThreadLocalRunnable.java:30) ~[netty-common-4.1.92.Final.jar:4.1.92.Final]
	at java.lang.Thread.run(Thread.java:1623) [?:?]
