[12-11-2023 19:41:58.897 INFO com.vmo.automationexercise.helper.Log] - Open browser
[12-11-2023 19:42:04.643 INFO com.vmo.automationexercise.helper.Log] - Open Homepage successful
[12-11-2023 19:42:04.701 INFO com.vmo.automationexercise.helper.Log] - Open Automation exercise shop
[12-11-2023 19:42:05.772 INFO com.vmo.automationexercise.helper.Log] - Verify that home page is visible successfully
[12-11-2023 19:42:05.967 INFO com.vmo.automationexercise.helper.Log] - Hover over first product 
[12-11-2023 19:42:06.186 INFO com.vmo.automationexercise.helper.Log] - Add products to cart
[12-11-2023 19:42:08.012 INFO com.vmo.automationexercise.helper.Log] - Click 'Cart' button
[12-11-2023 19:42:08.021 INFO com.vmo.automationexercise.helper.Log] - Verify that cart page is displayed
[12-11-2023 19:42:08.259 INFO com.vmo.automationexercise.helper.Log] - Click Proceed To Checkout
[12-11-2023 19:42:09.055 INFO com.vmo.automationexercise.helper.Log] - Click 'Register / Login' button
[12-11-2023 19:42:09.055 INFO com.vmo.automationexercise.helper.Log] - Enter name: Nevada Hickle V
[12-11-2023 19:42:09.055 INFO com.vmo.automationexercise.helper.Log] - Enter locator: //input[@name='name']
[12-11-2023 19:42:09.055 INFO com.vmo.automationexercise.helper.Log] - Enter driver: ChromeDriver: chrome on windows (b608403bec8497df96928fb59bb6fd7e)
[12-11-2023 19:42:09.400 INFO com.vmo.automationexercise.helper.Log] - Enter name: Nevada Hickle V
[12-11-2023 19:42:09.658 INFO com.vmo.automationexercise.helper.Log] - Enter email: taylor.quitzon@hotmail.com
[12-11-2023 19:42:10.504 INFO com.vmo.automationexercise.helper.Log] - Click on signup button
[12-11-2023 19:42:10.627 INFO com.vmo.automationexercise.helper.Log] - Verify that 'ENTER ACCOUNT INFORMATION' is visible
[12-11-2023 19:42:10.840 INFO com.vmo.automationexercise.helper.Log] - Choose title
[12-11-2023 19:42:11.085 INFO com.vmo.automationexercise.helper.Log] - Enter password: 7kjbv0s8rgn4
[12-11-2023 19:42:11.232 INFO com.vmo.automationexercise.helper.Log] - Choose day: 5
[12-11-2023 19:42:11.395 INFO com.vmo.automationexercise.helper.Log] - Choose month: May
[12-11-2023 19:42:11.574 INFO com.vmo.automationexercise.helper.Log] - Choose year: 1989
[12-11-2023 19:42:11.791 INFO com.vmo.automationexercise.helper.Log] - Tick on Sign up for our newsletter! checkbox
[12-11-2023 19:42:11.922 INFO com.vmo.automationexercise.helper.Log] - Tick on Receive special offers from our partners! checkbox
[12-11-2023 19:42:12.165 INFO com.vmo.automationexercise.helper.Log] - Enter first name: Stacy
[12-11-2023 19:42:12.421 INFO com.vmo.automationexercise.helper.Log] - Enter last name: O'Hara
[12-11-2023 19:42:12.690 INFO com.vmo.automationexercise.helper.Log] - Enter company: Fisher-Boehm
[12-11-2023 19:42:13.005 INFO com.vmo.automationexercise.helper.Log] - Enter address1: Apt. 904 8775 O'Hara Canyon, Lake Jonas, PA 58767-1013
[12-11-2023 19:42:13.305 INFO com.vmo.automationexercise.helper.Log] - Enter address2: 4264
[12-11-2023 19:42:13.492 INFO com.vmo.automationexercise.helper.Log] - Choose country: Canada
[12-11-2023 19:42:13.775 INFO com.vmo.automationexercise.helper.Log] - Enter state: Georgia
[12-11-2023 19:42:14.056 INFO com.vmo.automationexercise.helper.Log] - Enter city: Lake Laurence
[12-11-2023 19:42:14.298 INFO com.vmo.automationexercise.helper.Log] - Enter zipcode: 97898-8759
[12-11-2023 19:42:14.540 INFO com.vmo.automationexercise.helper.Log] - Enter phone number: 1-980-895-2634
[12-11-2023 19:42:15.823 INFO com.vmo.automationexercise.helper.Log] - Click on Create account button
[12-11-2023 19:42:16.017 INFO com.vmo.automationexercise.helper.Log] - Verify that 'ACCOUNT CREATED!' is visible
[12-11-2023 19:42:18.498 INFO com.vmo.automationexercise.helper.Log] - Click Continue button to login
[12-11-2023 19:42:18.633 INFO com.vmo.automationexercise.helper.Log] - Verify that 'Logged in as username' is visible
[12-11-2023 19:42:19.504 INFO com.vmo.automationexercise.helper.Log] - Click 'Cart' button
[12-11-2023 19:42:20.754 INFO com.vmo.automationexercise.helper.Log] - Click 'Proceed To Checkout' button
[12-11-2023 19:42:21.231 INFO com.vmo.automationexercise.helper.Log] - Verify Address Details Successfully
[12-11-2023 19:42:21.419 INFO com.vmo.automationexercise.helper.Log] - Verify Review Your Order Successfully
[12-11-2023 19:42:22.421 INFO com.vmo.automationexercise.helper.Log] - Enter description in comment text area and click 'Place Order'
[12-11-2023 19:42:22.654 INFO com.vmo.automationexercise.helper.Log] - Enter payment details: Name on Card
[12-11-2023 19:42:22.787 INFO com.vmo.automationexercise.helper.Log] - Enter payment details:  Card Number
[12-11-2023 19:42:22.919 INFO com.vmo.automationexercise.helper.Log] - Enter payment details:  CVC
[12-11-2023 19:42:23.103 INFO com.vmo.automationexercise.helper.Log] - Enter payment details:  Expiration month
[12-11-2023 19:42:23.330 INFO com.vmo.automationexercise.helper.Log] - Enter payment details:  Expiration year
[12-11-2023 19:42:25.580 INFO com.vmo.automationexercise.helper.Log] - Click 'Pay and Confirm Order' button
[12-11-2023 19:42:25.784 WARN org.asynchttpclient.netty.handler.WebSocketHandler] - onError
java.net.SocketException: Connection reset
	at sun.nio.ch.SocketChannelImpl.throwConnectionReset(SocketChannelImpl.java:401) ~[?:?]
	at sun.nio.ch.SocketChannelImpl.read(SocketChannelImpl.java:434) ~[?:?]
	at io.netty.buffer.PooledByteBuf.setBytes(PooledByteBuf.java:256) ~[netty-buffer-4.1.92.Final.jar:4.1.92.Final]
	at io.netty.buffer.AbstractByteBuf.writeBytes(AbstractByteBuf.java:1132) ~[netty-buffer-4.1.92.Final.jar:4.1.92.Final]
	at io.netty.channel.socket.nio.NioSocketChannel.doReadBytes(NioSocketChannel.java:357) ~[netty-transport-4.1.92.Final.jar:4.1.92.Final]
	at io.netty.channel.nio.AbstractNioByteChannel$NioByteUnsafe.read(AbstractNioByteChannel.java:151) ~[netty-transport-4.1.92.Final.jar:4.1.92.Final]
	at io.netty.channel.nio.NioEventLoop.processSelectedKey(NioEventLoop.java:788) ~[netty-transport-4.1.92.Final.jar:4.1.92.Final]
	at io.netty.channel.nio.NioEventLoop.processSelectedKeysOptimized(NioEventLoop.java:724) ~[netty-transport-4.1.92.Final.jar:4.1.92.Final]
	at io.netty.channel.nio.NioEventLoop.processSelectedKeys(NioEventLoop.java:650) ~[netty-transport-4.1.92.Final.jar:4.1.92.Final]
	at io.netty.channel.nio.NioEventLoop.run(NioEventLoop.java:562) ~[netty-transport-4.1.92.Final.jar:4.1.92.Final]
	at io.netty.util.concurrent.SingleThreadEventExecutor$4.run(SingleThreadEventExecutor.java:997) ~[netty-common-4.1.92.Final.jar:4.1.92.Final]
	at io.netty.util.internal.ThreadExecutorMap$2.run(ThreadExecutorMap.java:74) ~[netty-common-4.1.92.Final.jar:4.1.92.Final]
	at io.netty.util.concurrent.FastThreadLocalRunnable.run(FastThreadLocalRunnable.java:30) ~[netty-common-4.1.92.Final.jar:4.1.92.Final]
	at java.lang.Thread.run(Thread.java:1623) [?:?]
