[08-11-2023 22:15:29.076 INFO com.vmo.automationexercise.helper.Log] - Open browser
[08-11-2023 22:15:32.628 INFO com.vmo.automationexercise.helper.Log] - Open Homepage successful
[08-11-2023 22:15:32.668 INFO com.vmo.automationexercise.helper.Log] - Open Automation exercise shop
[08-11-2023 22:15:32.794 INFO com.vmo.automationexercise.helper.Log] - Verify that home page is visible successfully
[08-11-2023 22:15:36.181 INFO com.vmo.automationexercise.helper.Log] - Click 'Products' button
[08-11-2023 22:15:36.573 INFO com.vmo.automationexercise.helper.Log] - Hover over first product 
[08-11-2023 22:15:36.841 INFO com.vmo.automationexercise.helper.Log] - Click add to cart of first product
[08-11-2023 22:15:37.539 INFO com.vmo.automationexercise.helper.Log] - Click 'Continue Shopping' button
[08-11-2023 22:15:37.717 INFO com.vmo.automationexercise.helper.Log] - Hover over second product 
[08-11-2023 22:15:37.911 INFO com.vmo.automationexercise.helper.Log] - Click add to cart of second product
[08-11-2023 22:15:39.463 INFO com.vmo.automationexercise.helper.Log] - Click 'View Cart' button
[08-11-2023 22:15:39.577 INFO com.vmo.automationexercise.helper.Log] - Quantity of first product is: 1
[08-11-2023 22:15:39.659 INFO com.vmo.automationexercise.helper.Log] - Quantity of second product is: 1
[08-11-2023 22:15:39.908 WARN org.asynchttpclient.netty.handler.WebSocketHandler] - onError
java.net.SocketException: Connection reset
	at sun.nio.ch.SocketChannelImpl.throwConnectionReset(SocketChannelImpl.java:401) ~[?:?]
	at sun.nio.ch.SocketChannelImpl.read(SocketChannelImpl.java:434) ~[?:?]
	at io.netty.buffer.PooledByteBuf.setBytes(PooledByteBuf.java:256) ~[netty-buffer-4.1.92.Final.jar:4.1.92.Final]
	at io.netty.buffer.AbstractByteBuf.writeBytes(AbstractByteBuf.java:1132) ~[netty-buffer-4.1.92.Final.jar:4.1.92.Final]
	at io.netty.channel.socket.nio.NioSocketChannel.doReadBytes(NioSocketChannel.java:357) ~[netty-transport-4.1.92.Final.jar:4.1.92.Final]
	at io.netty.channel.nio.AbstractNioByteChannel$NioByteUnsafe.read(AbstractNioByteChannel.java:151) ~[netty-transport-4.1.92.Final.jar:4.1.92.Final]
	at io.netty.channel.nio.NioEventLoop.processSelectedKey(NioEventLoop.java:788) ~[netty-transport-4.1.92.Final.jar:4.1.92.Final]
	at io.netty.channel.nio.NioEventLoop.processSelectedKeysOptimized(NioEventLoop.java:724) ~[netty-transport-4.1.92.Final.jar:4.1.92.Final]
	at io.netty.channel.nio.NioEventLoop.processSelectedKeys(NioEventLoop.java:650) ~[netty-transport-4.1.92.Final.jar:4.1.92.Final]
	at io.netty.channel.nio.NioEventLoop.run(NioEventLoop.java:562) ~[netty-transport-4.1.92.Final.jar:4.1.92.Final]
	at io.netty.util.concurrent.SingleThreadEventExecutor$4.run(SingleThreadEventExecutor.java:997) ~[netty-common-4.1.92.Final.jar:4.1.92.Final]
	at io.netty.util.internal.ThreadExecutorMap$2.run(ThreadExecutorMap.java:74) ~[netty-common-4.1.92.Final.jar:4.1.92.Final]
	at io.netty.util.concurrent.FastThreadLocalRunnable.run(FastThreadLocalRunnable.java:30) ~[netty-common-4.1.92.Final.jar:4.1.92.Final]
	at java.lang.Thread.run(Thread.java:1623) [?:?]
[08-11-2023 22:15:41.710 INFO com.vmo.automationexercise.helper.Log] - Open browser
[08-11-2023 22:15:47.755 INFO com.vmo.automationexercise.helper.Log] - Open Homepage successful
[08-11-2023 22:15:47.755 INFO com.vmo.automationexercise.helper.Log] - Open Automation exercise shop
[08-11-2023 22:15:47.785 INFO com.vmo.automationexercise.helper.Log] - Verify that home page is visible successfully
