[12-11-2023 19:24:00.181 INFO com.vmo.automationexercise.helper.Log] - Open browser
[12-11-2023 19:24:05.295 INFO com.vmo.automationexercise.helper.Log] - Open Homepage successful
[12-11-2023 19:24:05.360 INFO com.vmo.automationexercise.helper.Log] - Open Automation exercise shop
[12-11-2023 19:24:06.458 INFO com.vmo.automationexercise.helper.Log] - Verify that home page is visible successfully
[12-11-2023 19:24:06.656 INFO com.vmo.automationexercise.helper.Log] - Hover over first product 
[12-11-2023 19:24:06.859 INFO com.vmo.automationexercise.helper.Log] - Add products to cart
[12-11-2023 19:24:08.977 INFO com.vmo.automationexercise.helper.Log] - Click 'Cart' button
[12-11-2023 19:24:08.987 INFO com.vmo.automationexercise.helper.Log] - Verify that cart page is displayed
[12-11-2023 19:24:09.159 INFO com.vmo.automationexercise.helper.Log] - Click Proceed To Checkout
[12-11-2023 19:24:10.039 INFO com.vmo.automationexercise.helper.Log] - Click 'Register / Login' button
[12-11-2023 19:24:10.047 INFO com.vmo.automationexercise.helper.Log] - Enter name: Luba Jast
[12-11-2023 19:24:10.047 INFO com.vmo.automationexercise.helper.Log] - Enter locator: //input[@name='name']
[12-11-2023 19:24:10.047 INFO com.vmo.automationexercise.helper.Log] - Enter driver: ChromeDriver: chrome on windows (5c6d74f4c62ce60e92c40bf61f8b7b71)
[12-11-2023 19:24:10.353 INFO com.vmo.automationexercise.helper.Log] - Enter name: Luba Jast
[12-11-2023 19:24:10.575 INFO com.vmo.automationexercise.helper.Log] - Enter email: roosevelt.anderson@hotmail.com
[12-11-2023 19:24:11.497 INFO com.vmo.automationexercise.helper.Log] - Click on signup button
[12-11-2023 19:24:11.685 INFO com.vmo.automationexercise.helper.Log] - Verify that 'ENTER ACCOUNT INFORMATION' is visible
[12-11-2023 19:24:11.873 INFO com.vmo.automationexercise.helper.Log] - Choose title
[12-11-2023 19:24:12.165 INFO com.vmo.automationexercise.helper.Log] - Enter password: r8g5qs11vy
[12-11-2023 19:24:12.327 INFO com.vmo.automationexercise.helper.Log] - Choose day: 5
[12-11-2023 19:24:12.456 INFO com.vmo.automationexercise.helper.Log] - Choose month: May
[12-11-2023 19:24:12.585 INFO com.vmo.automationexercise.helper.Log] - Choose year: 1989
[12-11-2023 19:24:12.771 INFO com.vmo.automationexercise.helper.Log] - Tick on Sign up for our newsletter! checkbox
[12-11-2023 19:24:12.918 INFO com.vmo.automationexercise.helper.Log] - Tick on Receive special offers from our partners! checkbox
[12-11-2023 19:24:13.169 INFO com.vmo.automationexercise.helper.Log] - Enter first name: Elia
[12-11-2023 19:24:13.389 INFO com.vmo.automationexercise.helper.Log] - Enter last name: Labadie
[12-11-2023 19:24:13.625 INFO com.vmo.automationexercise.helper.Log] - Enter company: Koelpin-Schamberger
[12-11-2023 19:24:13.893 INFO com.vmo.automationexercise.helper.Log] - Enter address1: 21945 Murray Roads, Rowefurt, AK 44203
[12-11-2023 19:24:14.121 INFO com.vmo.automationexercise.helper.Log] - Enter address2: 8697
[12-11-2023 19:24:14.301 INFO com.vmo.automationexercise.helper.Log] - Choose country: Canada
[12-11-2023 19:24:14.574 INFO com.vmo.automationexercise.helper.Log] - Enter state: Kentucky
[12-11-2023 19:24:14.826 INFO com.vmo.automationexercise.helper.Log] - Enter city: Lake Lonfort
[12-11-2023 19:24:15.034 INFO com.vmo.automationexercise.helper.Log] - Enter zipcode: 51649-4396
[12-11-2023 19:24:15.268 INFO com.vmo.automationexercise.helper.Log] - Enter phone number: 1-816-564-1393
[12-11-2023 19:24:16.648 INFO com.vmo.automationexercise.helper.Log] - Click on Create account button
[12-11-2023 19:24:16.794 INFO com.vmo.automationexercise.helper.Log] - Verify that 'ACCOUNT CREATED!' is visible
[12-11-2023 19:24:20.700 INFO com.vmo.automationexercise.helper.Log] - Click Continue button to login
[12-11-2023 19:24:20.847 INFO com.vmo.automationexercise.helper.Log] - Verify that 'Logged in as username' is visible
[12-11-2023 19:24:21.795 INFO com.vmo.automationexercise.helper.Log] - Click 'Cart' button
[12-11-2023 19:24:23.133 INFO com.vmo.automationexercise.helper.Log] - Click 'Proceed To Checkout' button
[12-11-2023 19:24:23.446 INFO com.vmo.automationexercise.helper.Log] - Verify Address Details Successfully
[12-11-2023 19:24:23.544 INFO com.vmo.automationexercise.helper.Log] - Verify Review Your Order Successfully
[12-11-2023 19:24:24.490 INFO com.vmo.automationexercise.helper.Log] - Enter description in comment text area and click 'Place Order'
[12-11-2023 19:24:24.841 INFO com.vmo.automationexercise.helper.Log] - Enter payment details: Name on Card
[12-11-2023 19:24:25.085 INFO com.vmo.automationexercise.helper.Log] - Enter payment details:  Card Number
[12-11-2023 19:24:25.345 INFO com.vmo.automationexercise.helper.Log] - Enter payment details:  CVC
[12-11-2023 19:24:25.564 INFO com.vmo.automationexercise.helper.Log] - Enter payment details:  Expiration month
[12-11-2023 19:24:25.821 INFO com.vmo.automationexercise.helper.Log] - Enter payment details:  Expiration year
[12-11-2023 19:24:28.123 INFO com.vmo.automationexercise.helper.Log] - Click 'Pay and Confirm Order' button
[12-11-2023 19:25:28.355 WARN org.asynchttpclient.netty.handler.WebSocketHandler] - onError
java.net.SocketException: Connection reset
	at sun.nio.ch.SocketChannelImpl.throwConnectionReset(SocketChannelImpl.java:401) ~[?:?]
	at sun.nio.ch.SocketChannelImpl.read(SocketChannelImpl.java:434) ~[?:?]
	at io.netty.buffer.PooledByteBuf.setBytes(PooledByteBuf.java:256) ~[netty-buffer-4.1.92.Final.jar:4.1.92.Final]
	at io.netty.buffer.AbstractByteBuf.writeBytes(AbstractByteBuf.java:1132) ~[netty-buffer-4.1.92.Final.jar:4.1.92.Final]
	at io.netty.channel.socket.nio.NioSocketChannel.doReadBytes(NioSocketChannel.java:357) ~[netty-transport-4.1.92.Final.jar:4.1.92.Final]
	at io.netty.channel.nio.AbstractNioByteChannel$NioByteUnsafe.read(AbstractNioByteChannel.java:151) ~[netty-transport-4.1.92.Final.jar:4.1.92.Final]
	at io.netty.channel.nio.NioEventLoop.processSelectedKey(NioEventLoop.java:788) ~[netty-transport-4.1.92.Final.jar:4.1.92.Final]
	at io.netty.channel.nio.NioEventLoop.processSelectedKeysOptimized(NioEventLoop.java:724) ~[netty-transport-4.1.92.Final.jar:4.1.92.Final]
	at io.netty.channel.nio.NioEventLoop.processSelectedKeys(NioEventLoop.java:650) ~[netty-transport-4.1.92.Final.jar:4.1.92.Final]
	at io.netty.channel.nio.NioEventLoop.run(NioEventLoop.java:562) ~[netty-transport-4.1.92.Final.jar:4.1.92.Final]
	at io.netty.util.concurrent.SingleThreadEventExecutor$4.run(SingleThreadEventExecutor.java:997) ~[netty-common-4.1.92.Final.jar:4.1.92.Final]
	at io.netty.util.internal.ThreadExecutorMap$2.run(ThreadExecutorMap.java:74) ~[netty-common-4.1.92.Final.jar:4.1.92.Final]
	at io.netty.util.concurrent.FastThreadLocalRunnable.run(FastThreadLocalRunnable.java:30) ~[netty-common-4.1.92.Final.jar:4.1.92.Final]
	at java.lang.Thread.run(Thread.java:1623) [?:?]
