[04-11-2023 15:57:48.280 INFO com.vmo.automationexercise.helper.Log] - Open browser
[04-11-2023 15:57:51.870 INFO com.vmo.automationexercise.helper.Log] - Open Homepage successful
[04-11-2023 15:57:51.903 INFO com.vmo.automationexercise.helper.Log] - Open Automation exercise shop
[04-11-2023 15:57:52.027 INFO com.vmo.automationexercise.helper.Log] - Verify that home page is visible successfully
[04-11-2023 15:57:58.590 INFO com.vmo.automationexercise.helper.Log] -  Click on 'Signup / Login' button
[04-11-2023 15:57:58.769 INFO com.vmo.automationexercise.helper.Log] -  Verify 'Login to your account' is visible
[04-11-2023 15:57:59.096 INFO com.vmo.automationexercise.helper.Log] - Enter email: tia.mclaughlin@gmail.com
[04-11-2023 15:57:59.324 INFO com.vmo.automationexercise.helper.Log] - Enter password: uaq3hhz2sdke6
[04-11-2023 15:58:02.880 INFO com.vmo.automationexercise.helper.Log] - Click 'login' button
[04-11-2023 15:58:03.059 INFO com.vmo.automationexercise.helper.Log] - Verify that 'Logged in as username' is visible
[04-11-2023 15:58:05.000 INFO com.vmo.automationexercise.helper.Log] - Open browser
[04-11-2023 15:58:08.501 INFO com.vmo.automationexercise.helper.Log] - Open Homepage successful
[04-11-2023 15:58:08.502 INFO com.vmo.automationexercise.helper.Log] - Open Automation exercise shop
[04-11-2023 15:58:08.527 INFO com.vmo.automationexercise.helper.Log] - Verify that home page is visible successfully
[04-11-2023 15:58:09.548 INFO com.vmo.automationexercise.helper.Log] -  Click on 'Signup / Login' button
[04-11-2023 15:58:09.650 INFO com.vmo.automationexercise.helper.Log] -  Verify 'Login to your account' is visible
[04-11-2023 15:58:09.906 INFO com.vmo.automationexercise.helper.Log] - Enter email: tia.mclaughlin@gmail.com.vn
[04-11-2023 15:58:10.004 INFO com.vmo.automationexercise.helper.Log] - Enter password: uaq3hhz2sdke6
[04-11-2023 15:58:11.120 INFO com.vmo.automationexercise.helper.Log] - Click 'login' button
[04-11-2023 15:58:11.282 INFO com.vmo.automationexercise.helper.Log] - Verify error 'Your email or password is incorrect!' is visible
[04-11-2023 15:58:12.765 INFO com.vmo.automationexercise.helper.Log] - Open browser
[04-11-2023 15:58:19.088 INFO com.vmo.automationexercise.helper.Log] - Open Homepage successful
[04-11-2023 15:58:19.090 INFO com.vmo.automationexercise.helper.Log] - Open Automation exercise shop
[04-11-2023 15:58:19.110 INFO com.vmo.automationexercise.helper.Log] - Verify that home page is visible successfully
[04-11-2023 15:58:19.952 INFO com.vmo.automationexercise.helper.Log] -  Click on 'Signup / Login' button
[04-11-2023 15:58:20.051 INFO com.vmo.automationexercise.helper.Log] -  Verify 'Login to your account' is visible
[04-11-2023 15:58:20.333 INFO com.vmo.automationexercise.helper.Log] - Enter email: tia.mclaughlin@gmail.com
[04-11-2023 15:58:20.451 INFO com.vmo.automationexercise.helper.Log] - Enter password: uaq3hhz2sdke6
[04-11-2023 15:58:23.448 INFO com.vmo.automationexercise.helper.Log] - Click 'login' button
[04-11-2023 15:58:23.610 INFO com.vmo.automationexercise.helper.Log] - Verify that 'Logged in as username' is visible
