[04-11-2023 15:17:08.465 INFO com.vmo.automationexercise.helper.Log] - Open browser
[04-11-2023 15:17:12.413 INFO com.vmo.automationexercise.helper.Log] - Open Homepage successful
[04-11-2023 15:17:12.442 INFO com.vmo.automationexercise.helper.Log] - Open Automation exercise shop
[04-11-2023 15:17:12.558 INFO com.vmo.automationexercise.helper.Log] - Verify that home page is visible successfully
[04-11-2023 15:17:13.931 INFO com.vmo.automationexercise.helper.Log] - Click Signup button
[04-11-2023 15:18:14.556 WARN org.asynchttpclient.netty.handler.WebSocketHandler] - onError
java.net.SocketException: Connection reset
	at sun.nio.ch.SocketChannelImpl.throwConnectionReset(SocketChannelImpl.java:401) ~[?:?]
	at sun.nio.ch.SocketChannelImpl.read(SocketChannelImpl.java:434) ~[?:?]
	at io.netty.buffer.PooledByteBuf.setBytes(PooledByteBuf.java:256) ~[netty-buffer-4.1.92.Final.jar:4.1.92.Final]
	at io.netty.buffer.AbstractByteBuf.writeBytes(AbstractByteBuf.java:1132) ~[netty-buffer-4.1.92.Final.jar:4.1.92.Final]
	at io.netty.channel.socket.nio.NioSocketChannel.doReadBytes(NioSocketChannel.java:357) ~[netty-transport-4.1.92.Final.jar:4.1.92.Final]
	at io.netty.channel.nio.AbstractNioByteChannel$NioByteUnsafe.read(AbstractNioByteChannel.java:151) ~[netty-transport-4.1.92.Final.jar:4.1.92.Final]
	at io.netty.channel.nio.NioEventLoop.processSelectedKey(NioEventLoop.java:788) ~[netty-transport-4.1.92.Final.jar:4.1.92.Final]
	at io.netty.channel.nio.NioEventLoop.processSelectedKeysOptimized(NioEventLoop.java:724) ~[netty-transport-4.1.92.Final.jar:4.1.92.Final]
	at io.netty.channel.nio.NioEventLoop.processSelectedKeys(NioEventLoop.java:650) ~[netty-transport-4.1.92.Final.jar:4.1.92.Final]
	at io.netty.channel.nio.NioEventLoop.run(NioEventLoop.java:562) ~[netty-transport-4.1.92.Final.jar:4.1.92.Final]
	at io.netty.util.concurrent.SingleThreadEventExecutor$4.run(SingleThreadEventExecutor.java:997) ~[netty-common-4.1.92.Final.jar:4.1.92.Final]
	at io.netty.util.internal.ThreadExecutorMap$2.run(ThreadExecutorMap.java:74) ~[netty-common-4.1.92.Final.jar:4.1.92.Final]
	at io.netty.util.concurrent.FastThreadLocalRunnable.run(FastThreadLocalRunnable.java:30) ~[netty-common-4.1.92.Final.jar:4.1.92.Final]
	at java.lang.Thread.run(Thread.java:1623) [?:?]
[04-11-2023 15:18:16.134 INFO com.vmo.automationexercise.helper.Log] - Open browser
[04-11-2023 15:18:21.152 INFO com.vmo.automationexercise.helper.Log] - Open Homepage successful
[04-11-2023 15:18:21.153 INFO com.vmo.automationexercise.helper.Log] - Open Automation exercise shop
[04-11-2023 15:18:21.180 INFO com.vmo.automationexercise.helper.Log] - Verify that home page is visible successfully
