[11-11-2023 22:36:19.709 INFO com.vmo.automationexercise.helper.Log] - Open browser
[11-11-2023 22:36:24.773 INFO com.vmo.automationexercise.helper.Log] - Open Homepage successful
[11-11-2023 22:36:24.830 INFO com.vmo.automationexercise.helper.Log] - Open Automation exercise shop
[11-11-2023 22:36:25.818 INFO com.vmo.automationexercise.helper.Log] - Verify that home page is visible successfully
[11-11-2023 22:36:26.029 INFO com.vmo.automationexercise.helper.Log] - Hover over first product 
[11-11-2023 22:36:26.248 INFO com.vmo.automationexercise.helper.Log] - Add products to cart
[11-11-2023 22:36:28.506 INFO com.vmo.automationexercise.helper.Log] - Click 'Cart' button
[11-11-2023 22:36:28.514 INFO com.vmo.automationexercise.helper.Log] - Verify that cart page is displayed
[11-11-2023 22:36:28.655 INFO com.vmo.automationexercise.helper.Log] - Click Proceed To Checkout
[11-11-2023 22:36:29.745 INFO com.vmo.automationexercise.helper.Log] - Click 'Register / Login' button
[11-11-2023 22:36:29.746 INFO com.vmo.automationexercise.helper.Log] - Enter name: Tracy Von
[11-11-2023 22:36:29.748 INFO com.vmo.automationexercise.helper.Log] - Enter locator: //input[@name='name']
[11-11-2023 22:36:29.748 INFO com.vmo.automationexercise.helper.Log] - Enter driver: ChromeDriver: chrome on windows (d9321eb7d23a041b1476f9cb12aef3e2)
[11-11-2023 22:36:29.986 INFO com.vmo.automationexercise.helper.Log] - Enter name: Tracy Von
[11-11-2023 22:36:30.230 INFO com.vmo.automationexercise.helper.Log] - Enter email: tyrell.haag@hotmail.com
[11-11-2023 22:36:31.842 INFO com.vmo.automationexercise.helper.Log] - Click on signup button
[11-11-2023 22:36:32.045 INFO com.vmo.automationexercise.helper.Log] - Verify that 'ENTER ACCOUNT INFORMATION' is visible
[11-11-2023 22:36:32.208 INFO com.vmo.automationexercise.helper.Log] - Choose title
[11-11-2023 22:36:32.453 INFO com.vmo.automationexercise.helper.Log] - Enter password: vw5knx6x5okl
[11-11-2023 22:36:32.612 INFO com.vmo.automationexercise.helper.Log] - Choose day: 5
[11-11-2023 22:36:32.749 INFO com.vmo.automationexercise.helper.Log] - Choose month: May
[11-11-2023 22:36:32.896 INFO com.vmo.automationexercise.helper.Log] - Choose year: 1989
[11-11-2023 22:36:34.320 WARN org.asynchttpclient.netty.handler.WebSocketHandler] - onError
java.net.SocketException: Connection reset
	at sun.nio.ch.SocketChannelImpl.throwConnectionReset(SocketChannelImpl.java:401) ~[?:?]
	at sun.nio.ch.SocketChannelImpl.read(SocketChannelImpl.java:434) ~[?:?]
	at io.netty.buffer.PooledByteBuf.setBytes(PooledByteBuf.java:256) ~[netty-buffer-4.1.92.Final.jar:4.1.92.Final]
	at io.netty.buffer.AbstractByteBuf.writeBytes(AbstractByteBuf.java:1132) ~[netty-buffer-4.1.92.Final.jar:4.1.92.Final]
	at io.netty.channel.socket.nio.NioSocketChannel.doReadBytes(NioSocketChannel.java:357) ~[netty-transport-4.1.92.Final.jar:4.1.92.Final]
	at io.netty.channel.nio.AbstractNioByteChannel$NioByteUnsafe.read(AbstractNioByteChannel.java:151) ~[netty-transport-4.1.92.Final.jar:4.1.92.Final]
	at io.netty.channel.nio.NioEventLoop.processSelectedKey(NioEventLoop.java:788) ~[netty-transport-4.1.92.Final.jar:4.1.92.Final]
	at io.netty.channel.nio.NioEventLoop.processSelectedKeysOptimized(NioEventLoop.java:724) ~[netty-transport-4.1.92.Final.jar:4.1.92.Final]
	at io.netty.channel.nio.NioEventLoop.processSelectedKeys(NioEventLoop.java:650) ~[netty-transport-4.1.92.Final.jar:4.1.92.Final]
	at io.netty.channel.nio.NioEventLoop.run(NioEventLoop.java:562) ~[netty-transport-4.1.92.Final.jar:4.1.92.Final]
	at io.netty.util.concurrent.SingleThreadEventExecutor$4.run(SingleThreadEventExecutor.java:997) ~[netty-common-4.1.92.Final.jar:4.1.92.Final]
	at io.netty.util.internal.ThreadExecutorMap$2.run(ThreadExecutorMap.java:74) ~[netty-common-4.1.92.Final.jar:4.1.92.Final]
	at io.netty.util.concurrent.FastThreadLocalRunnable.run(FastThreadLocalRunnable.java:30) ~[netty-common-4.1.92.Final.jar:4.1.92.Final]
	at java.lang.Thread.run(Thread.java:1623) [?:?]
