[09-11-2023 22:14:48.450 INFO com.vmo.automationexercise.helper.Log] - Open browser
[09-11-2023 22:14:52.188 INFO com.vmo.automationexercise.helper.Log] - Open Homepage successful
[09-11-2023 22:14:52.229 INFO com.vmo.automationexercise.helper.Log] - Open Automation exercise shop
[09-11-2023 22:14:52.358 INFO com.vmo.automationexercise.helper.Log] - Verify that home page is visible successfully
[09-11-2023 22:14:53.448 INFO com.vmo.automationexercise.helper.Log] - Click 'View Product' for any product on home page
[09-11-2023 22:14:53.461 INFO com.vmo.automationexercise.helper.Log] - Verify product detail is opened
[09-11-2023 22:14:53.755 INFO com.vmo.automationexercise.helper.Log] - Increase quantity to 4
[09-11-2023 22:14:53.876 INFO com.vmo.automationexercise.helper.Log] - Click 'Add to cart' button
[09-11-2023 22:14:56.376 INFO com.vmo.automationexercise.helper.Log] - Click 'View Cart' button
[09-11-2023 22:14:56.589 INFO com.vmo.automationexercise.helper.Log] - Verify that product is displayed in cart page with exact quantity
[09-11-2023 22:14:56.686 WARN org.asynchttpclient.netty.handler.WebSocketHandler] - onError
java.net.SocketException: Connection reset
	at sun.nio.ch.SocketChannelImpl.throwConnectionReset(SocketChannelImpl.java:401) ~[?:?]
	at sun.nio.ch.SocketChannelImpl.read(SocketChannelImpl.java:434) ~[?:?]
	at io.netty.buffer.PooledByteBuf.setBytes(PooledByteBuf.java:256) ~[netty-buffer-4.1.92.Final.jar:4.1.92.Final]
	at io.netty.buffer.AbstractByteBuf.writeBytes(AbstractByteBuf.java:1132) ~[netty-buffer-4.1.92.Final.jar:4.1.92.Final]
	at io.netty.channel.socket.nio.NioSocketChannel.doReadBytes(NioSocketChannel.java:357) ~[netty-transport-4.1.92.Final.jar:4.1.92.Final]
	at io.netty.channel.nio.AbstractNioByteChannel$NioByteUnsafe.read(AbstractNioByteChannel.java:151) ~[netty-transport-4.1.92.Final.jar:4.1.92.Final]
	at io.netty.channel.nio.NioEventLoop.processSelectedKey(NioEventLoop.java:788) ~[netty-transport-4.1.92.Final.jar:4.1.92.Final]
	at io.netty.channel.nio.NioEventLoop.processSelectedKeysOptimized(NioEventLoop.java:724) ~[netty-transport-4.1.92.Final.jar:4.1.92.Final]
	at io.netty.channel.nio.NioEventLoop.processSelectedKeys(NioEventLoop.java:650) ~[netty-transport-4.1.92.Final.jar:4.1.92.Final]
	at io.netty.channel.nio.NioEventLoop.run(NioEventLoop.java:562) ~[netty-transport-4.1.92.Final.jar:4.1.92.Final]
	at io.netty.util.concurrent.SingleThreadEventExecutor$4.run(SingleThreadEventExecutor.java:997) ~[netty-common-4.1.92.Final.jar:4.1.92.Final]
	at io.netty.util.internal.ThreadExecutorMap$2.run(ThreadExecutorMap.java:74) ~[netty-common-4.1.92.Final.jar:4.1.92.Final]
	at io.netty.util.concurrent.FastThreadLocalRunnable.run(FastThreadLocalRunnable.java:30) ~[netty-common-4.1.92.Final.jar:4.1.92.Final]
	at java.lang.Thread.run(Thread.java:1623) [?:?]
