[18-11-2023 16:59:49.811 INFO com.vmo.automationexercise.helper.Log] - Open browser
[18-11-2023 16:59:53.898 INFO com.vmo.automationexercise.helper.Log] - Open Homepage successful
[18-11-2023 16:59:53.935 INFO com.vmo.automationexercise.helper.Log] - Open Automation exercise shop
[18-11-2023 16:59:54.118 INFO com.vmo.automationexercise.helper.Log] - Verify that home page is visible successfully
[18-11-2023 16:59:55.741 INFO com.vmo.automationexercise.helper.Log] - Click 'View Product' for any product on home page
[18-11-2023 16:59:55.752 INFO com.vmo.automationexercise.helper.Log] - Verify product detail is opened
[18-11-2023 16:59:56.025 INFO com.vmo.automationexercise.helper.Log] - Increase quantity to 4
[18-11-2023 16:59:56.146 INFO com.vmo.automationexercise.helper.Log] - Click 'Add to cart' button
[18-11-2023 16:59:57.989 INFO com.vmo.automationexercise.helper.Log] - Click 'View Cart' button
[18-11-2023 16:59:58.202 INFO com.vmo.automationexercise.helper.Log] - Verify that product is displayed in cart page with exact quantity
[18-11-2023 16:59:58.336 INFO com.vmo.automationexercise.helper.Log] -  Click 'X' button corresponding to particular product
[18-11-2023 16:59:58.976 INFO com.vmo.automationexercise.helper.Log] - Verify that product is removed from the cart
[18-11-2023 16:59:59.089 WARN org.asynchttpclient.netty.handler.WebSocketHandler] - onError
java.net.SocketException: Connection reset
	at sun.nio.ch.SocketChannelImpl.throwConnectionReset(SocketChannelImpl.java:401) ~[?:?]
	at sun.nio.ch.SocketChannelImpl.read(SocketChannelImpl.java:434) ~[?:?]
	at io.netty.buffer.PooledByteBuf.setBytes(PooledByteBuf.java:256) ~[netty-buffer-4.1.92.Final.jar:4.1.92.Final]
	at io.netty.buffer.AbstractByteBuf.writeBytes(AbstractByteBuf.java:1132) ~[netty-buffer-4.1.92.Final.jar:4.1.92.Final]
	at io.netty.channel.socket.nio.NioSocketChannel.doReadBytes(NioSocketChannel.java:357) ~[netty-transport-4.1.92.Final.jar:4.1.92.Final]
	at io.netty.channel.nio.AbstractNioByteChannel$NioByteUnsafe.read(AbstractNioByteChannel.java:151) ~[netty-transport-4.1.92.Final.jar:4.1.92.Final]
	at io.netty.channel.nio.NioEventLoop.processSelectedKey(NioEventLoop.java:788) ~[netty-transport-4.1.92.Final.jar:4.1.92.Final]
	at io.netty.channel.nio.NioEventLoop.processSelectedKeysOptimized(NioEventLoop.java:724) ~[netty-transport-4.1.92.Final.jar:4.1.92.Final]
	at io.netty.channel.nio.NioEventLoop.processSelectedKeys(NioEventLoop.java:650) ~[netty-transport-4.1.92.Final.jar:4.1.92.Final]
	at io.netty.channel.nio.NioEventLoop.run(NioEventLoop.java:562) ~[netty-transport-4.1.92.Final.jar:4.1.92.Final]
	at io.netty.util.concurrent.SingleThreadEventExecutor$4.run(SingleThreadEventExecutor.java:997) ~[netty-common-4.1.92.Final.jar:4.1.92.Final]
	at io.netty.util.internal.ThreadExecutorMap$2.run(ThreadExecutorMap.java:74) ~[netty-common-4.1.92.Final.jar:4.1.92.Final]
	at io.netty.util.concurrent.FastThreadLocalRunnable.run(FastThreadLocalRunnable.java:30) ~[netty-common-4.1.92.Final.jar:4.1.92.Final]
	at java.lang.Thread.run(Thread.java:1623) [?:?]
[18-11-2023 17:00:00.712 INFO com.vmo.automationexercise.helper.Log] - Open browser
[18-11-2023 17:00:06.231 INFO com.vmo.automationexercise.helper.Log] - Open Homepage successful
[18-11-2023 17:00:06.233 INFO com.vmo.automationexercise.helper.Log] - Open Automation exercise shop
[18-11-2023 17:00:06.251 INFO com.vmo.automationexercise.helper.Log] - Verify that home page is visible successfully
[18-11-2023 17:00:06.295 INFO com.vmo.automationexercise.helper.Log] - Scroll to bottom of page
[18-11-2023 17:00:06.396 INFO com.vmo.automationexercise.helper.Log] - Verify 'RECOMMENDED ITEMS' are visible
[18-11-2023 17:00:24.745 INFO com.vmo.automationexercise.helper.Log] - Click on 'Add To Cart' on Recommended product
[18-11-2023 17:00:26.832 INFO com.vmo.automationexercise.helper.Log] - First product is added to Cart
