[13-11-2023 21:53:27.716 INFO com.vmo.automationexercise.helper.Log] - Open browser
[13-11-2023 21:53:31.496 INFO com.vmo.automationexercise.helper.Log] - Open Homepage successful
[13-11-2023 21:53:31.535 INFO com.vmo.automationexercise.helper.Log] - Open Automation exercise shop
[13-11-2023 21:53:31.675 INFO com.vmo.automationexercise.helper.Log] - Verify that home page is visible successfully
[13-11-2023 21:53:31.789 INFO com.vmo.automationexercise.helper.Log] - Verify that categories are visible on left side bar
[13-11-2023 21:53:31.878 INFO com.vmo.automationexercise.helper.Log] - Click on 'Women' category
[13-11-2023 21:53:32.734 INFO com.vmo.automationexercise.helper.Log] - Click on 'Dress' subcategory
[13-11-2023 21:53:32.808 INFO com.vmo.automationexercise.helper.Log] - Verify that category page is displayed
[13-11-2023 21:53:32.947 INFO com.vmo.automationexercise.helper.Log] - Verify that confirm text 'WOMEN - TOPS PRODUCTS' is displayed
[13-11-2023 21:53:34.923 INFO com.vmo.automationexercise.helper.Log] - Verify that user is navigated to that category page
[13-11-2023 21:53:35.030 WARN org.asynchttpclient.netty.handler.WebSocketHandler] - onError
java.net.SocketException: Connection reset
	at sun.nio.ch.SocketChannelImpl.throwConnectionReset(SocketChannelImpl.java:401) ~[?:?]
	at sun.nio.ch.SocketChannelImpl.read(SocketChannelImpl.java:434) ~[?:?]
	at io.netty.buffer.PooledByteBuf.setBytes(PooledByteBuf.java:256) ~[netty-buffer-4.1.92.Final.jar:4.1.92.Final]
	at io.netty.buffer.AbstractByteBuf.writeBytes(AbstractByteBuf.java:1132) ~[netty-buffer-4.1.92.Final.jar:4.1.92.Final]
	at io.netty.channel.socket.nio.NioSocketChannel.doReadBytes(NioSocketChannel.java:357) ~[netty-transport-4.1.92.Final.jar:4.1.92.Final]
	at io.netty.channel.nio.AbstractNioByteChannel$NioByteUnsafe.read(AbstractNioByteChannel.java:151) ~[netty-transport-4.1.92.Final.jar:4.1.92.Final]
	at io.netty.channel.nio.NioEventLoop.processSelectedKey(NioEventLoop.java:788) ~[netty-transport-4.1.92.Final.jar:4.1.92.Final]
	at io.netty.channel.nio.NioEventLoop.processSelectedKeysOptimized(NioEventLoop.java:724) ~[netty-transport-4.1.92.Final.jar:4.1.92.Final]
	at io.netty.channel.nio.NioEventLoop.processSelectedKeys(NioEventLoop.java:650) ~[netty-transport-4.1.92.Final.jar:4.1.92.Final]
	at io.netty.channel.nio.NioEventLoop.run(NioEventLoop.java:562) ~[netty-transport-4.1.92.Final.jar:4.1.92.Final]
	at io.netty.util.concurrent.SingleThreadEventExecutor$4.run(SingleThreadEventExecutor.java:997) ~[netty-common-4.1.92.Final.jar:4.1.92.Final]
	at io.netty.util.internal.ThreadExecutorMap$2.run(ThreadExecutorMap.java:74) ~[netty-common-4.1.92.Final.jar:4.1.92.Final]
	at io.netty.util.concurrent.FastThreadLocalRunnable.run(FastThreadLocalRunnable.java:30) ~[netty-common-4.1.92.Final.jar:4.1.92.Final]
	at java.lang.Thread.run(Thread.java:1623) [?:?]
[13-11-2023 21:53:36.779 INFO com.vmo.automationexercise.helper.Log] - Open browser
[13-11-2023 21:53:40.432 INFO com.vmo.automationexercise.helper.Log] - Open Homepage successful
[13-11-2023 21:53:40.436 INFO com.vmo.automationexercise.helper.Log] - Open Automation exercise shop
