[04-11-2023 14:25:24.564 INFO com.vmo.automationexercise.helper.Log] - Open browser
[04-11-2023 14:25:29.985 INFO com.vmo.automationexercise.helper.Log] - Open Homepage successful
[04-11-2023 14:25:30.049 INFO com.vmo.automationexercise.helper.Log] - Open Automation exercise shop
[04-11-2023 14:25:30.357 INFO com.vmo.automationexercise.helper.Log] - Verify that home page is visible successfully
[04-11-2023 14:25:31.410 INFO com.vmo.automationexercise.helper.Log] - Click Signup button
[04-11-2023 14:25:31.607 INFO com.vmo.automationexercise.helper.Log] - Verify 'New User Signup!' is visible
[04-11-2023 14:25:32.421 INFO com.vmo.automationexercise.helper.Log] - Enter name: Michael Herzog II
[04-11-2023 14:25:32.688 INFO com.vmo.automationexercise.helper.Log] - Enter email: hank.robel@yahoo.com
[04-11-2023 14:25:34.781 INFO com.vmo.automationexercise.helper.Log] - Click on signup button
[04-11-2023 14:25:34.887 INFO com.vmo.automationexercise.helper.Log] - Verify that 'ENTER ACCOUNT INFORMATION' is visible
[04-11-2023 14:25:35.097 INFO com.vmo.automationexercise.helper.Log] - Choose title
[04-11-2023 14:25:35.304 INFO com.vmo.automationexercise.helper.Log] - Enter password: w68naiev
[04-11-2023 14:25:35.520 INFO com.vmo.automationexercise.helper.Log] - Choose day: 5
[04-11-2023 14:25:35.675 INFO com.vmo.automationexercise.helper.Log] - Choose month: May
[04-11-2023 14:25:35.831 INFO com.vmo.automationexercise.helper.Log] - Choose year: 1989
[04-11-2023 14:25:35.994 INFO com.vmo.automationexercise.helper.Log] - Tick on Sign up for our newsletter! checkbox
[04-11-2023 14:25:36.158 INFO com.vmo.automationexercise.helper.Log] - Tick on Receive special offers from our partners! checkbox
[04-11-2023 14:25:36.528 INFO com.vmo.automationexercise.helper.Log] - Enter first name: Frida
[04-11-2023 14:25:36.749 INFO com.vmo.automationexercise.helper.Log] - Enter last name: Hoppe
[04-11-2023 14:25:36.998 INFO com.vmo.automationexercise.helper.Log] - Enter company: Bogan-Abshire
[04-11-2023 14:25:37.269 INFO com.vmo.automationexercise.helper.Log] - Enter address1: Suite 838 5537 Roberto Course, West Jessenia, IN 33404-1954
[04-11-2023 14:25:37.520 INFO com.vmo.automationexercise.helper.Log] - Enter address2: 45882
[04-11-2023 14:25:37.692 INFO com.vmo.automationexercise.helper.Log] - Choose country: Canada
[04-11-2023 14:25:37.873 INFO com.vmo.automationexercise.helper.Log] - Enter state: Texas
[04-11-2023 14:25:38.106 INFO com.vmo.automationexercise.helper.Log] - Enter city: Lake Loretta
[04-11-2023 14:25:38.307 INFO com.vmo.automationexercise.helper.Log] - Enter zipcode: 95674-9242
[04-11-2023 14:25:38.509 INFO com.vmo.automationexercise.helper.Log] - Enter phone number: 746.173.2129
[04-11-2023 14:25:40.323 INFO com.vmo.automationexercise.helper.Log] - Click on Create account button
[04-11-2023 14:25:40.481 INFO com.vmo.automationexercise.helper.Log] - Verify that 'ACCOUNT CREATED!' is visible
[04-11-2023 14:25:44.957 INFO com.vmo.automationexercise.helper.Log] - Click Continue button to login
[04-11-2023 14:25:45.038 INFO com.vmo.automationexercise.helper.Log] - Verify that 'Logged in as username' is visible
[04-11-2023 14:25:46.180 INFO com.vmo.automationexercise.helper.Log] - Click 'Delete Account' button
[04-11-2023 14:25:46.230 INFO com.vmo.automationexercise.helper.Log] - Verify that 'ACCOUNT DELETED!' is visible 
[04-11-2023 14:25:49.505 WARN org.asynchttpclient.netty.handler.WebSocketHandler] - onError
java.net.SocketException: Connection reset
	at sun.nio.ch.SocketChannelImpl.throwConnectionReset(SocketChannelImpl.java:401) ~[?:?]
	at sun.nio.ch.SocketChannelImpl.read(SocketChannelImpl.java:434) ~[?:?]
	at io.netty.buffer.PooledByteBuf.setBytes(PooledByteBuf.java:256) ~[netty-buffer-4.1.92.Final.jar:4.1.92.Final]
	at io.netty.buffer.AbstractByteBuf.writeBytes(AbstractByteBuf.java:1132) ~[netty-buffer-4.1.92.Final.jar:4.1.92.Final]
	at io.netty.channel.socket.nio.NioSocketChannel.doReadBytes(NioSocketChannel.java:357) ~[netty-transport-4.1.92.Final.jar:4.1.92.Final]
	at io.netty.channel.nio.AbstractNioByteChannel$NioByteUnsafe.read(AbstractNioByteChannel.java:151) ~[netty-transport-4.1.92.Final.jar:4.1.92.Final]
	at io.netty.channel.nio.NioEventLoop.processSelectedKey(NioEventLoop.java:788) ~[netty-transport-4.1.92.Final.jar:4.1.92.Final]
	at io.netty.channel.nio.NioEventLoop.processSelectedKeysOptimized(NioEventLoop.java:724) ~[netty-transport-4.1.92.Final.jar:4.1.92.Final]
	at io.netty.channel.nio.NioEventLoop.processSelectedKeys(NioEventLoop.java:650) ~[netty-transport-4.1.92.Final.jar:4.1.92.Final]
	at io.netty.channel.nio.NioEventLoop.run(NioEventLoop.java:562) ~[netty-transport-4.1.92.Final.jar:4.1.92.Final]
	at io.netty.util.concurrent.SingleThreadEventExecutor$4.run(SingleThreadEventExecutor.java:997) ~[netty-common-4.1.92.Final.jar:4.1.92.Final]
	at io.netty.util.internal.ThreadExecutorMap$2.run(ThreadExecutorMap.java:74) ~[netty-common-4.1.92.Final.jar:4.1.92.Final]
	at io.netty.util.concurrent.FastThreadLocalRunnable.run(FastThreadLocalRunnable.java:30) ~[netty-common-4.1.92.Final.jar:4.1.92.Final]
	at java.lang.Thread.run(Thread.java:1623) [?:?]
