[11-11-2023 22:03:47.492 INFO com.vmo.automationexercise.helper.Log] - Open browser
[11-11-2023 22:03:51.287 INFO com.vmo.automationexercise.helper.Log] - Open Homepage successful
[11-11-2023 22:03:51.331 INFO com.vmo.automationexercise.helper.Log] - Open Automation exercise shop
[11-11-2023 22:03:51.725 INFO com.vmo.automationexercise.helper.Log] - Verify that home page is visible successfully
[11-11-2023 22:03:51.889 INFO com.vmo.automationexercise.helper.Log] - Hover over first product 
[11-11-2023 22:03:52.072 INFO com.vmo.automationexercise.helper.Log] - Add products to cart
[11-11-2023 22:03:53.604 INFO com.vmo.automationexercise.helper.Log] - Click 'Cart' button
[11-11-2023 22:03:53.620 INFO com.vmo.automationexercise.helper.Log] - Verify that cart page is displayed
[11-11-2023 22:03:53.879 INFO com.vmo.automationexercise.helper.Log] - Click Proceed To Checkout
[11-11-2023 22:03:54.849 INFO com.vmo.automationexercise.helper.Log] - Click 'Register / Login' button
[11-11-2023 22:03:55.113 WARN org.asynchttpclient.netty.handler.WebSocketHandler] - onError
java.net.SocketException: Connection reset
	at sun.nio.ch.SocketChannelImpl.throwConnectionReset(SocketChannelImpl.java:401) ~[?:?]
	at sun.nio.ch.SocketChannelImpl.read(SocketChannelImpl.java:434) ~[?:?]
	at io.netty.buffer.PooledByteBuf.setBytes(PooledByteBuf.java:256) ~[netty-buffer-4.1.92.Final.jar:4.1.92.Final]
	at io.netty.buffer.AbstractByteBuf.writeBytes(AbstractByteBuf.java:1132) ~[netty-buffer-4.1.92.Final.jar:4.1.92.Final]
	at io.netty.channel.socket.nio.NioSocketChannel.doReadBytes(NioSocketChannel.java:357) ~[netty-transport-4.1.92.Final.jar:4.1.92.Final]
	at io.netty.channel.nio.AbstractNioByteChannel$NioByteUnsafe.read(AbstractNioByteChannel.java:151) ~[netty-transport-4.1.92.Final.jar:4.1.92.Final]
	at io.netty.channel.nio.NioEventLoop.processSelectedKey(NioEventLoop.java:788) ~[netty-transport-4.1.92.Final.jar:4.1.92.Final]
	at io.netty.channel.nio.NioEventLoop.processSelectedKeysOptimized(NioEventLoop.java:724) ~[netty-transport-4.1.92.Final.jar:4.1.92.Final]
	at io.netty.channel.nio.NioEventLoop.processSelectedKeys(NioEventLoop.java:650) ~[netty-transport-4.1.92.Final.jar:4.1.92.Final]
	at io.netty.channel.nio.NioEventLoop.run(NioEventLoop.java:562) ~[netty-transport-4.1.92.Final.jar:4.1.92.Final]
	at io.netty.util.concurrent.SingleThreadEventExecutor$4.run(SingleThreadEventExecutor.java:997) ~[netty-common-4.1.92.Final.jar:4.1.92.Final]
	at io.netty.util.internal.ThreadExecutorMap$2.run(ThreadExecutorMap.java:74) ~[netty-common-4.1.92.Final.jar:4.1.92.Final]
	at io.netty.util.concurrent.FastThreadLocalRunnable.run(FastThreadLocalRunnable.java:30) ~[netty-common-4.1.92.Final.jar:4.1.92.Final]
	at java.lang.Thread.run(Thread.java:1623) [?:?]
