[04-11-2023 15:25:16.523 INFO com.vmo.automationexercise.helper.Log] - Open browser
[04-11-2023 15:25:19.876 INFO com.vmo.automationexercise.helper.Log] - Open Homepage successful
[04-11-2023 15:25:19.912 INFO com.vmo.automationexercise.helper.Log] - Open Automation exercise shop
[04-11-2023 15:25:20.038 INFO com.vmo.automationexercise.helper.Log] - Verify that home page is visible successfully
[04-11-2023 15:25:20.834 INFO com.vmo.automationexercise.helper.Log] - Click Signup button
[04-11-2023 15:25:21.088 INFO com.vmo.automationexercise.helper.Log] - Verify 'New User Signup!' is visible
[04-11-2023 15:25:21.830 INFO com.vmo.automationexercise.helper.Log] - Enter name: Jonathan Labadie
[04-11-2023 15:25:22.010 INFO com.vmo.automationexercise.helper.Log] - Enter email: lupe.cormier@gmail.com
[04-11-2023 15:25:23.005 INFO com.vmo.automationexercise.helper.Log] - Click on signup button
[04-11-2023 15:25:23.225 INFO com.vmo.automationexercise.helper.Log] - Verify that 'ENTER ACCOUNT INFORMATION' is visible
[04-11-2023 15:25:23.382 INFO com.vmo.automationexercise.helper.Log] - Choose title
[04-11-2023 15:25:23.642 INFO com.vmo.automationexercise.helper.Log] - Enter password: bbya1iqsk3h88o
[04-11-2023 15:25:23.801 INFO com.vmo.automationexercise.helper.Log] - Choose day: 5
[04-11-2023 15:25:23.921 INFO com.vmo.automationexercise.helper.Log] - Choose month: May
[04-11-2023 15:25:24.029 INFO com.vmo.automationexercise.helper.Log] - Choose year: 1989
[04-11-2023 15:26:25.715 WARN org.asynchttpclient.netty.handler.WebSocketHandler] - onError
java.net.SocketException: Connection reset
	at sun.nio.ch.SocketChannelImpl.throwConnectionReset(SocketChannelImpl.java:401) ~[?:?]
	at sun.nio.ch.SocketChannelImpl.read(SocketChannelImpl.java:434) ~[?:?]
	at io.netty.buffer.PooledByteBuf.setBytes(PooledByteBuf.java:256) ~[netty-buffer-4.1.92.Final.jar:4.1.92.Final]
	at io.netty.buffer.AbstractByteBuf.writeBytes(AbstractByteBuf.java:1132) ~[netty-buffer-4.1.92.Final.jar:4.1.92.Final]
	at io.netty.channel.socket.nio.NioSocketChannel.doReadBytes(NioSocketChannel.java:357) ~[netty-transport-4.1.92.Final.jar:4.1.92.Final]
	at io.netty.channel.nio.AbstractNioByteChannel$NioByteUnsafe.read(AbstractNioByteChannel.java:151) ~[netty-transport-4.1.92.Final.jar:4.1.92.Final]
	at io.netty.channel.nio.NioEventLoop.processSelectedKey(NioEventLoop.java:788) ~[netty-transport-4.1.92.Final.jar:4.1.92.Final]
	at io.netty.channel.nio.NioEventLoop.processSelectedKeysOptimized(NioEventLoop.java:724) ~[netty-transport-4.1.92.Final.jar:4.1.92.Final]
	at io.netty.channel.nio.NioEventLoop.processSelectedKeys(NioEventLoop.java:650) ~[netty-transport-4.1.92.Final.jar:4.1.92.Final]
	at io.netty.channel.nio.NioEventLoop.run(NioEventLoop.java:562) ~[netty-transport-4.1.92.Final.jar:4.1.92.Final]
	at io.netty.util.concurrent.SingleThreadEventExecutor$4.run(SingleThreadEventExecutor.java:997) ~[netty-common-4.1.92.Final.jar:4.1.92.Final]
	at io.netty.util.internal.ThreadExecutorMap$2.run(ThreadExecutorMap.java:74) ~[netty-common-4.1.92.Final.jar:4.1.92.Final]
	at io.netty.util.concurrent.FastThreadLocalRunnable.run(FastThreadLocalRunnable.java:30) ~[netty-common-4.1.92.Final.jar:4.1.92.Final]
	at java.lang.Thread.run(Thread.java:1623) [?:?]
[04-11-2023 15:26:27.639 INFO com.vmo.automationexercise.helper.Log] - Open browser
[04-11-2023 15:26:31.213 INFO com.vmo.automationexercise.helper.Log] - Open Homepage successful
[04-11-2023 15:26:31.213 INFO com.vmo.automationexercise.helper.Log] - Open Automation exercise shop
[04-11-2023 15:26:31.245 INFO com.vmo.automationexercise.helper.Log] - Verify that home page is visible successfully
[04-11-2023 15:26:32.604 INFO com.vmo.automationexercise.helper.Log] -  Click on 'Signup / Login' button
[04-11-2023 15:26:32.767 INFO com.vmo.automationexercise.helper.Log] -  Verify 'Login to your account' is visible
[04-11-2023 15:26:33.055 INFO com.vmo.automationexercise.helper.Log] - Enter email: tia.mclaughlin@gmail.com
[04-11-2023 15:26:33.209 INFO com.vmo.automationexercise.helper.Log] - Enter password: uaq3hhz2sdke6
[04-11-2023 15:26:37.611 INFO com.vmo.automationexercise.helper.Log] - Click 'login' button
[04-11-2023 15:26:37.730 INFO com.vmo.automationexercise.helper.Log] - Verify that 'Logged in as username' is visible
