[11-11-2023 22:06:50.763 INFO com.vmo.automationexercise.helper.Log] - Open browser
[11-11-2023 22:06:54.554 INFO com.vmo.automationexercise.helper.Log] - Open Homepage successful
[11-11-2023 22:06:54.592 INFO com.vmo.automationexercise.helper.Log] - Open Automation exercise shop
[11-11-2023 22:06:54.959 INFO com.vmo.automationexercise.helper.Log] - Verify that home page is visible successfully
[11-11-2023 22:06:55.146 INFO com.vmo.automationexercise.helper.Log] - Hover over first product 
[11-11-2023 22:06:55.365 INFO com.vmo.automationexercise.helper.Log] - Add products to cart
[11-11-2023 22:06:57.780 INFO com.vmo.automationexercise.helper.Log] - Click 'Cart' button
[11-11-2023 22:06:57.792 INFO com.vmo.automationexercise.helper.Log] - Verify that cart page is displayed
[11-11-2023 22:06:58.078 INFO com.vmo.automationexercise.helper.Log] - Click Proceed To Checkout
[11-11-2023 22:06:59.957 INFO com.vmo.automationexercise.helper.Log] - Click 'Register / Login' button
[11-11-2023 22:06:59.960 INFO com.vmo.automationexercise.helper.Log] - Enter name: Malisa Carroll V
[11-11-2023 22:07:00.080 WARN org.asynchttpclient.netty.handler.WebSocketHandler] - onError
java.net.SocketException: Connection reset
	at sun.nio.ch.SocketChannelImpl.throwConnectionReset(SocketChannelImpl.java:401) ~[?:?]
	at sun.nio.ch.SocketChannelImpl.read(SocketChannelImpl.java:434) ~[?:?]
	at io.netty.buffer.PooledByteBuf.setBytes(PooledByteBuf.java:256) ~[netty-buffer-4.1.92.Final.jar:4.1.92.Final]
	at io.netty.buffer.AbstractByteBuf.writeBytes(AbstractByteBuf.java:1132) ~[netty-buffer-4.1.92.Final.jar:4.1.92.Final]
	at io.netty.channel.socket.nio.NioSocketChannel.doReadBytes(NioSocketChannel.java:357) ~[netty-transport-4.1.92.Final.jar:4.1.92.Final]
	at io.netty.channel.nio.AbstractNioByteChannel$NioByteUnsafe.read(AbstractNioByteChannel.java:151) ~[netty-transport-4.1.92.Final.jar:4.1.92.Final]
	at io.netty.channel.nio.NioEventLoop.processSelectedKey(NioEventLoop.java:788) ~[netty-transport-4.1.92.Final.jar:4.1.92.Final]
	at io.netty.channel.nio.NioEventLoop.processSelectedKeysOptimized(NioEventLoop.java:724) ~[netty-transport-4.1.92.Final.jar:4.1.92.Final]
	at io.netty.channel.nio.NioEventLoop.processSelectedKeys(NioEventLoop.java:650) ~[netty-transport-4.1.92.Final.jar:4.1.92.Final]
	at io.netty.channel.nio.NioEventLoop.run(NioEventLoop.java:562) ~[netty-transport-4.1.92.Final.jar:4.1.92.Final]
	at io.netty.util.concurrent.SingleThreadEventExecutor$4.run(SingleThreadEventExecutor.java:997) ~[netty-common-4.1.92.Final.jar:4.1.92.Final]
	at io.netty.util.internal.ThreadExecutorMap$2.run(ThreadExecutorMap.java:74) ~[netty-common-4.1.92.Final.jar:4.1.92.Final]
	at io.netty.util.concurrent.FastThreadLocalRunnable.run(FastThreadLocalRunnable.java:30) ~[netty-common-4.1.92.Final.jar:4.1.92.Final]
	at java.lang.Thread.run(Thread.java:1623) [?:?]
