[12-11-2023 19:40:46.033 INFO com.vmo.automationexercise.helper.Log] - Open browser
[12-11-2023 19:40:52.068 INFO com.vmo.automationexercise.helper.Log] - Open Homepage successful
[12-11-2023 19:40:52.119 INFO com.vmo.automationexercise.helper.Log] - Open Automation exercise shop
[12-11-2023 19:40:53.224 INFO com.vmo.automationexercise.helper.Log] - Verify that home page is visible successfully
[12-11-2023 19:40:53.437 INFO com.vmo.automationexercise.helper.Log] - Hover over first product 
[12-11-2023 19:40:53.674 INFO com.vmo.automationexercise.helper.Log] - Add products to cart
[12-11-2023 19:40:55.603 INFO com.vmo.automationexercise.helper.Log] - Click 'Cart' button
[12-11-2023 19:40:55.627 INFO com.vmo.automationexercise.helper.Log] - Verify that cart page is displayed
[12-11-2023 19:40:55.848 INFO com.vmo.automationexercise.helper.Log] - Click Proceed To Checkout
[12-11-2023 19:40:56.676 INFO com.vmo.automationexercise.helper.Log] - Click 'Register / Login' button
[12-11-2023 19:40:56.678 INFO com.vmo.automationexercise.helper.Log] - Enter name: Carey Lebsack IV
[12-11-2023 19:40:56.678 INFO com.vmo.automationexercise.helper.Log] - Enter locator: //input[@name='name']
[12-11-2023 19:40:56.681 INFO com.vmo.automationexercise.helper.Log] - Enter driver: ChromeDriver: chrome on windows (7b8070ea9646301164b1fbc50e5c5ab1)
[12-11-2023 19:40:57.043 INFO com.vmo.automationexercise.helper.Log] - Enter name: Carey Lebsack IV
[12-11-2023 19:40:57.311 INFO com.vmo.automationexercise.helper.Log] - Enter email: beatris.becker@hotmail.com
[12-11-2023 19:40:58.246 INFO com.vmo.automationexercise.helper.Log] - Click on signup button
[12-11-2023 19:40:58.507 INFO com.vmo.automationexercise.helper.Log] - Verify that 'ENTER ACCOUNT INFORMATION' is visible
[12-11-2023 19:40:58.695 INFO com.vmo.automationexercise.helper.Log] - Choose title
[12-11-2023 19:40:58.940 INFO com.vmo.automationexercise.helper.Log] - Enter password: x4v8pu7x33o
[12-11-2023 19:40:59.171 INFO com.vmo.automationexercise.helper.Log] - Choose day: 5
[12-11-2023 19:40:59.336 INFO com.vmo.automationexercise.helper.Log] - Choose month: May
[12-11-2023 19:40:59.532 INFO com.vmo.automationexercise.helper.Log] - Choose year: 1989
[12-11-2023 19:40:59.727 INFO com.vmo.automationexercise.helper.Log] - Tick on Sign up for our newsletter! checkbox
[12-11-2023 19:40:59.866 INFO com.vmo.automationexercise.helper.Log] - Tick on Receive special offers from our partners! checkbox
[12-11-2023 19:41:00.114 INFO com.vmo.automationexercise.helper.Log] - Enter first name: Nguyet
[12-11-2023 19:41:00.349 INFO com.vmo.automationexercise.helper.Log] - Enter last name: Tillman
[12-11-2023 19:41:00.623 INFO com.vmo.automationexercise.helper.Log] - Enter company: Bruen Inc
[12-11-2023 19:41:00.882 INFO com.vmo.automationexercise.helper.Log] - Enter address1: 818 Nikolaus Ville, North Earnestfurt, VT 97901
[12-11-2023 19:41:01.141 INFO com.vmo.automationexercise.helper.Log] - Enter address2: 47234
[12-11-2023 19:41:01.344 INFO com.vmo.automationexercise.helper.Log] - Choose country: Canada
[12-11-2023 19:41:01.540 INFO com.vmo.automationexercise.helper.Log] - Enter state: Georgia
[12-11-2023 19:41:01.719 INFO com.vmo.automationexercise.helper.Log] - Enter city: North Corinna
[12-11-2023 19:41:01.905 INFO com.vmo.automationexercise.helper.Log] - Enter zipcode: 69660
[12-11-2023 19:41:02.100 INFO com.vmo.automationexercise.helper.Log] - Enter phone number: (592) 091-3403
[12-11-2023 19:41:03.426 INFO com.vmo.automationexercise.helper.Log] - Click on Create account button
[12-11-2023 19:41:03.585 INFO com.vmo.automationexercise.helper.Log] - Verify that 'ACCOUNT CREATED!' is visible
[12-11-2023 19:41:06.435 INFO com.vmo.automationexercise.helper.Log] - Click Continue button to login
[12-11-2023 19:41:06.576 INFO com.vmo.automationexercise.helper.Log] - Verify that 'Logged in as username' is visible
[12-11-2023 19:41:07.895 INFO com.vmo.automationexercise.helper.Log] - Click 'Cart' button
[12-11-2023 19:41:09.194 INFO com.vmo.automationexercise.helper.Log] - Click 'Proceed To Checkout' button
[12-11-2023 19:41:09.683 INFO com.vmo.automationexercise.helper.Log] - Verify Address Details Successfully
[12-11-2023 19:41:09.789 INFO com.vmo.automationexercise.helper.Log] - Verify Review Your Order Successfully
[12-11-2023 19:41:10.760 INFO com.vmo.automationexercise.helper.Log] - Enter description in comment text area and click 'Place Order'
[12-11-2023 19:41:10.964 INFO com.vmo.automationexercise.helper.Log] - Enter payment details: Name on Card
[12-11-2023 19:41:11.138 INFO com.vmo.automationexercise.helper.Log] - Enter payment details:  Card Number
[12-11-2023 19:41:11.364 INFO com.vmo.automationexercise.helper.Log] - Enter payment details:  CVC
[12-11-2023 19:41:11.532 INFO com.vmo.automationexercise.helper.Log] - Enter payment details:  Expiration month
[12-11-2023 19:41:11.683 INFO com.vmo.automationexercise.helper.Log] - Enter payment details:  Expiration year
[12-11-2023 19:41:13.767 INFO com.vmo.automationexercise.helper.Log] - Click 'Pay and Confirm Order' button
[12-11-2023 19:41:14.057 WARN org.asynchttpclient.netty.handler.WebSocketHandler] - onError
java.net.SocketException: Connection reset
	at sun.nio.ch.SocketChannelImpl.throwConnectionReset(SocketChannelImpl.java:401) ~[?:?]
	at sun.nio.ch.SocketChannelImpl.read(SocketChannelImpl.java:434) ~[?:?]
	at io.netty.buffer.PooledByteBuf.setBytes(PooledByteBuf.java:256) ~[netty-buffer-4.1.92.Final.jar:4.1.92.Final]
	at io.netty.buffer.AbstractByteBuf.writeBytes(AbstractByteBuf.java:1132) ~[netty-buffer-4.1.92.Final.jar:4.1.92.Final]
	at io.netty.channel.socket.nio.NioSocketChannel.doReadBytes(NioSocketChannel.java:357) ~[netty-transport-4.1.92.Final.jar:4.1.92.Final]
	at io.netty.channel.nio.AbstractNioByteChannel$NioByteUnsafe.read(AbstractNioByteChannel.java:151) ~[netty-transport-4.1.92.Final.jar:4.1.92.Final]
	at io.netty.channel.nio.NioEventLoop.processSelectedKey(NioEventLoop.java:788) ~[netty-transport-4.1.92.Final.jar:4.1.92.Final]
	at io.netty.channel.nio.NioEventLoop.processSelectedKeysOptimized(NioEventLoop.java:724) ~[netty-transport-4.1.92.Final.jar:4.1.92.Final]
	at io.netty.channel.nio.NioEventLoop.processSelectedKeys(NioEventLoop.java:650) ~[netty-transport-4.1.92.Final.jar:4.1.92.Final]
	at io.netty.channel.nio.NioEventLoop.run(NioEventLoop.java:562) ~[netty-transport-4.1.92.Final.jar:4.1.92.Final]
	at io.netty.util.concurrent.SingleThreadEventExecutor$4.run(SingleThreadEventExecutor.java:997) ~[netty-common-4.1.92.Final.jar:4.1.92.Final]
	at io.netty.util.internal.ThreadExecutorMap$2.run(ThreadExecutorMap.java:74) ~[netty-common-4.1.92.Final.jar:4.1.92.Final]
	at io.netty.util.concurrent.FastThreadLocalRunnable.run(FastThreadLocalRunnable.java:30) ~[netty-common-4.1.92.Final.jar:4.1.92.Final]
	at java.lang.Thread.run(Thread.java:1623) [?:?]
