[12-11-2023 21:50:57.803 INFO com.vmo.automationexercise.helper.Log] - Open browser
[12-11-2023 21:51:01.424 INFO com.vmo.automationexercise.helper.Log] - Open Homepage successful
[12-11-2023 21:51:01.461 INFO com.vmo.automationexercise.helper.Log] - Open Automation exercise shop
[12-11-2023 21:51:01.591 INFO com.vmo.automationexercise.helper.Log] - Verify that home page is visible successfully
[12-11-2023 21:51:04.002 INFO com.vmo.automationexercise.helper.Log] - Click 'View Product' for any product on home page
[12-11-2023 21:51:04.015 INFO com.vmo.automationexercise.helper.Log] - Verify product detail is opened
[12-11-2023 21:51:04.348 INFO com.vmo.automationexercise.helper.Log] - Increase quantity to 4
[12-11-2023 21:51:04.496 INFO com.vmo.automationexercise.helper.Log] - Click 'Add to cart' button
[12-11-2023 21:51:07.324 INFO com.vmo.automationexercise.helper.Log] - Click 'View Cart' button
[12-11-2023 21:51:07.590 INFO com.vmo.automationexercise.helper.Log] - Verify that product is displayed in cart page with exact quantity
[12-11-2023 21:51:07.717 INFO com.vmo.automationexercise.helper.Log] -  Click 'X' button corresponding to particular product
[12-11-2023 21:51:08.499 WARN org.asynchttpclient.netty.handler.WebSocketHandler] - onError
java.net.SocketException: Connection reset
	at sun.nio.ch.SocketChannelImpl.throwConnectionReset(SocketChannelImpl.java:401) ~[?:?]
	at sun.nio.ch.SocketChannelImpl.read(SocketChannelImpl.java:434) ~[?:?]
	at io.netty.buffer.PooledByteBuf.setBytes(PooledByteBuf.java:256) ~[netty-buffer-4.1.92.Final.jar:4.1.92.Final]
	at io.netty.buffer.AbstractByteBuf.writeBytes(AbstractByteBuf.java:1132) ~[netty-buffer-4.1.92.Final.jar:4.1.92.Final]
	at io.netty.channel.socket.nio.NioSocketChannel.doReadBytes(NioSocketChannel.java:357) ~[netty-transport-4.1.92.Final.jar:4.1.92.Final]
	at io.netty.channel.nio.AbstractNioByteChannel$NioByteUnsafe.read(AbstractNioByteChannel.java:151) ~[netty-transport-4.1.92.Final.jar:4.1.92.Final]
	at io.netty.channel.nio.NioEventLoop.processSelectedKey(NioEventLoop.java:788) ~[netty-transport-4.1.92.Final.jar:4.1.92.Final]
	at io.netty.channel.nio.NioEventLoop.processSelectedKeysOptimized(NioEventLoop.java:724) ~[netty-transport-4.1.92.Final.jar:4.1.92.Final]
	at io.netty.channel.nio.NioEventLoop.processSelectedKeys(NioEventLoop.java:650) ~[netty-transport-4.1.92.Final.jar:4.1.92.Final]
	at io.netty.channel.nio.NioEventLoop.run(NioEventLoop.java:562) ~[netty-transport-4.1.92.Final.jar:4.1.92.Final]
	at io.netty.util.concurrent.SingleThreadEventExecutor$4.run(SingleThreadEventExecutor.java:997) ~[netty-common-4.1.92.Final.jar:4.1.92.Final]
	at io.netty.util.internal.ThreadExecutorMap$2.run(ThreadExecutorMap.java:74) ~[netty-common-4.1.92.Final.jar:4.1.92.Final]
	at io.netty.util.concurrent.FastThreadLocalRunnable.run(FastThreadLocalRunnable.java:30) ~[netty-common-4.1.92.Final.jar:4.1.92.Final]
	at java.lang.Thread.run(Thread.java:1623) [?:?]
