[04-11-2023 22:46:55.645 INFO com.vmo.automationexercise.helper.Log] - Open browser
[04-11-2023 22:47:00.263 INFO com.vmo.automationexercise.helper.Log] - Open Homepage successful
[04-11-2023 22:47:00.326 INFO com.vmo.automationexercise.helper.Log] - Open Automation exercise shop
[04-11-2023 22:47:00.859 INFO com.vmo.automationexercise.helper.Log] - Verify that home page is visible successfully
[04-11-2023 22:47:03.366 INFO com.vmo.automationexercise.helper.Log] - Click on 'Contact Us' button
[04-11-2023 22:47:03.603 INFO com.vmo.automationexercise.helper.Log] - Verify 'GET IN TOUCH' is visible
[04-11-2023 22:47:03.881 INFO com.vmo.automationexercise.helper.Log] - Enter name: Fran Pagac
[04-11-2023 22:47:04.153 INFO com.vmo.automationexercise.helper.Log] - Enter email: marquerite.grimes@yahoo.com
[04-11-2023 22:47:04.412 INFO com.vmo.automationexercise.helper.Log] - Enter subject: Product
[04-11-2023 22:47:04.576 INFO com.vmo.automationexercise.helper.Log] - Enter message: Contact us
[04-11-2023 22:47:04.786 WARN org.asynchttpclient.netty.handler.WebSocketHandler] - onError
java.net.SocketException: Connection reset
	at sun.nio.ch.SocketChannelImpl.throwConnectionReset(SocketChannelImpl.java:401) ~[?:?]
	at sun.nio.ch.SocketChannelImpl.read(SocketChannelImpl.java:434) ~[?:?]
	at io.netty.buffer.PooledByteBuf.setBytes(PooledByteBuf.java:256) ~[netty-buffer-4.1.92.Final.jar:4.1.92.Final]
	at io.netty.buffer.AbstractByteBuf.writeBytes(AbstractByteBuf.java:1132) ~[netty-buffer-4.1.92.Final.jar:4.1.92.Final]
	at io.netty.channel.socket.nio.NioSocketChannel.doReadBytes(NioSocketChannel.java:357) ~[netty-transport-4.1.92.Final.jar:4.1.92.Final]
	at io.netty.channel.nio.AbstractNioByteChannel$NioByteUnsafe.read(AbstractNioByteChannel.java:151) ~[netty-transport-4.1.92.Final.jar:4.1.92.Final]
	at io.netty.channel.nio.NioEventLoop.processSelectedKey(NioEventLoop.java:788) ~[netty-transport-4.1.92.Final.jar:4.1.92.Final]
	at io.netty.channel.nio.NioEventLoop.processSelectedKeysOptimized(NioEventLoop.java:724) ~[netty-transport-4.1.92.Final.jar:4.1.92.Final]
	at io.netty.channel.nio.NioEventLoop.processSelectedKeys(NioEventLoop.java:650) ~[netty-transport-4.1.92.Final.jar:4.1.92.Final]
	at io.netty.channel.nio.NioEventLoop.run(NioEventLoop.java:562) ~[netty-transport-4.1.92.Final.jar:4.1.92.Final]
	at io.netty.util.concurrent.SingleThreadEventExecutor$4.run(SingleThreadEventExecutor.java:997) ~[netty-common-4.1.92.Final.jar:4.1.92.Final]
	at io.netty.util.internal.ThreadExecutorMap$2.run(ThreadExecutorMap.java:74) ~[netty-common-4.1.92.Final.jar:4.1.92.Final]
	at io.netty.util.concurrent.FastThreadLocalRunnable.run(FastThreadLocalRunnable.java:30) ~[netty-common-4.1.92.Final.jar:4.1.92.Final]
	at java.lang.Thread.run(Thread.java:1623) [?:?]
