[04-11-2023 16:19:02.473 INFO com.vmo.automationexercise.helper.Log] - Open browser
[04-11-2023 16:19:06.026 INFO com.vmo.automationexercise.helper.Log] - Open Homepage successful
[04-11-2023 16:19:06.054 INFO com.vmo.automationexercise.helper.Log] - Open Automation exercise shop
[04-11-2023 16:19:06.206 INFO com.vmo.automationexercise.helper.Log] - Verify that home page is visible successfully
[04-11-2023 16:19:08.455 INFO com.vmo.automationexercise.helper.Log] - Click Signup button
[04-11-2023 16:19:08.546 INFO com.vmo.automationexercise.helper.Log] - Verify 'New User Signup!' is visible
[04-11-2023 16:19:09.143 INFO com.vmo.automationexercise.helper.Log] - Enter name: Eldon Lakin
[04-11-2023 16:19:09.422 INFO com.vmo.automationexercise.helper.Log] - Enter email: tia.mclaughlin@gmail.com
[04-11-2023 16:19:10.996 WARN org.asynchttpclient.netty.handler.WebSocketHandler] - onError
java.net.SocketException: Connection reset
	at sun.nio.ch.SocketChannelImpl.throwConnectionReset(SocketChannelImpl.java:401) ~[?:?]
	at sun.nio.ch.SocketChannelImpl.read(SocketChannelImpl.java:434) ~[?:?]
	at io.netty.buffer.PooledByteBuf.setBytes(PooledByteBuf.java:256) ~[netty-buffer-4.1.92.Final.jar:4.1.92.Final]
	at io.netty.buffer.AbstractByteBuf.writeBytes(AbstractByteBuf.java:1132) ~[netty-buffer-4.1.92.Final.jar:4.1.92.Final]
	at io.netty.channel.socket.nio.NioSocketChannel.doReadBytes(NioSocketChannel.java:357) ~[netty-transport-4.1.92.Final.jar:4.1.92.Final]
	at io.netty.channel.nio.AbstractNioByteChannel$NioByteUnsafe.read(AbstractNioByteChannel.java:151) ~[netty-transport-4.1.92.Final.jar:4.1.92.Final]
	at io.netty.channel.nio.NioEventLoop.processSelectedKey(NioEventLoop.java:788) ~[netty-transport-4.1.92.Final.jar:4.1.92.Final]
	at io.netty.channel.nio.NioEventLoop.processSelectedKeysOptimized(NioEventLoop.java:724) ~[netty-transport-4.1.92.Final.jar:4.1.92.Final]
	at io.netty.channel.nio.NioEventLoop.processSelectedKeys(NioEventLoop.java:650) ~[netty-transport-4.1.92.Final.jar:4.1.92.Final]
	at io.netty.channel.nio.NioEventLoop.run(NioEventLoop.java:562) ~[netty-transport-4.1.92.Final.jar:4.1.92.Final]
	at io.netty.util.concurrent.SingleThreadEventExecutor$4.run(SingleThreadEventExecutor.java:997) ~[netty-common-4.1.92.Final.jar:4.1.92.Final]
	at io.netty.util.internal.ThreadExecutorMap$2.run(ThreadExecutorMap.java:74) ~[netty-common-4.1.92.Final.jar:4.1.92.Final]
	at io.netty.util.concurrent.FastThreadLocalRunnable.run(FastThreadLocalRunnable.java:30) ~[netty-common-4.1.92.Final.jar:4.1.92.Final]
	at java.lang.Thread.run(Thread.java:1623) [?:?]
[04-11-2023 16:19:12.672 INFO com.vmo.automationexercise.helper.Log] - Open browser
[04-11-2023 16:19:16.156 INFO com.vmo.automationexercise.helper.Log] - Open Homepage successful
[04-11-2023 16:19:16.156 INFO com.vmo.automationexercise.helper.Log] - Open Automation exercise shop
[04-11-2023 16:19:16.205 INFO com.vmo.automationexercise.helper.Log] - Verify that home page is visible successfully
[04-11-2023 16:19:17.476 INFO com.vmo.automationexercise.helper.Log] -  Click on 'Signup / Login' button
[04-11-2023 16:19:17.602 INFO com.vmo.automationexercise.helper.Log] -  Verify 'Login to your account' is visible
[04-11-2023 16:19:17.849 INFO com.vmo.automationexercise.helper.Log] - Enter email: tia.mclaughlin@gmail.com
[04-11-2023 16:19:18.024 INFO com.vmo.automationexercise.helper.Log] - Enter password: uaq3hhz2sdke6
[04-11-2023 16:19:20.247 INFO com.vmo.automationexercise.helper.Log] - Click 'login' button
[04-11-2023 16:19:20.395 INFO com.vmo.automationexercise.helper.Log] - Verify that 'Logged in as username' is visible
[04-11-2023 16:19:21.608 INFO com.vmo.automationexercise.helper.Log] - Click 'Logout' button
[04-11-2023 16:19:21.619 INFO com.vmo.automationexercise.helper.Log] - Verify that user is navigated to login page
