[11-11-2023 22:51:58.856 INFO com.vmo.automationexercise.helper.Log] - Open browser
[11-11-2023 22:52:02.666 INFO com.vmo.automationexercise.helper.Log] - Open Homepage successful
[11-11-2023 22:52:02.726 INFO com.vmo.automationexercise.helper.Log] - Open Automation exercise shop
[11-11-2023 22:52:03.768 INFO com.vmo.automationexercise.helper.Log] - Verify that home page is visible successfully
[11-11-2023 22:52:03.974 INFO com.vmo.automationexercise.helper.Log] - Hover over first product 
[11-11-2023 22:52:04.217 INFO com.vmo.automationexercise.helper.Log] - Add products to cart
[11-11-2023 22:52:07.708 INFO com.vmo.automationexercise.helper.Log] - Click 'Cart' button
[11-11-2023 22:52:07.725 INFO com.vmo.automationexercise.helper.Log] - Verify that cart page is displayed
[11-11-2023 22:52:07.944 INFO com.vmo.automationexercise.helper.Log] - Click Proceed To Checkout
[11-11-2023 22:52:09.066 INFO com.vmo.automationexercise.helper.Log] - Click 'Register / Login' button
[11-11-2023 22:52:09.066 INFO com.vmo.automationexercise.helper.Log] - Enter name: Mrs. Keisha Rath
[11-11-2023 22:52:09.066 INFO com.vmo.automationexercise.helper.Log] - Enter locator: //input[@name='name']
[11-11-2023 22:52:09.066 INFO com.vmo.automationexercise.helper.Log] - Enter driver: ChromeDriver: chrome on windows (6387543a9ed0aa6b7cb26102db0b66ac)
[11-11-2023 22:52:09.717 INFO com.vmo.automationexercise.helper.Log] - Enter name: Mrs. Keisha Rath
[11-11-2023 22:52:09.962 INFO com.vmo.automationexercise.helper.Log] - Enter email: francine.walter@gmail.com
[11-11-2023 22:52:13.210 INFO com.vmo.automationexercise.helper.Log] - Click on signup button
[11-11-2023 22:52:13.395 INFO com.vmo.automationexercise.helper.Log] - Verify that 'ENTER ACCOUNT INFORMATION' is visible
[11-11-2023 22:52:13.587 INFO com.vmo.automationexercise.helper.Log] - Choose title
[11-11-2023 22:52:13.892 INFO com.vmo.automationexercise.helper.Log] - Enter password: jyp3d9ovp0
[11-11-2023 22:52:14.184 INFO com.vmo.automationexercise.helper.Log] - Choose day: 5
[11-11-2023 22:52:14.411 INFO com.vmo.automationexercise.helper.Log] - Choose month: May
[11-11-2023 22:52:14.640 INFO com.vmo.automationexercise.helper.Log] - Choose year: 1989
[11-11-2023 22:52:16.088 WARN org.asynchttpclient.netty.handler.WebSocketHandler] - onError
java.net.SocketException: Connection reset
	at sun.nio.ch.SocketChannelImpl.throwConnectionReset(SocketChannelImpl.java:401) ~[?:?]
	at sun.nio.ch.SocketChannelImpl.read(SocketChannelImpl.java:434) ~[?:?]
	at io.netty.buffer.PooledByteBuf.setBytes(PooledByteBuf.java:256) ~[netty-buffer-4.1.92.Final.jar:4.1.92.Final]
	at io.netty.buffer.AbstractByteBuf.writeBytes(AbstractByteBuf.java:1132) ~[netty-buffer-4.1.92.Final.jar:4.1.92.Final]
	at io.netty.channel.socket.nio.NioSocketChannel.doReadBytes(NioSocketChannel.java:357) ~[netty-transport-4.1.92.Final.jar:4.1.92.Final]
	at io.netty.channel.nio.AbstractNioByteChannel$NioByteUnsafe.read(AbstractNioByteChannel.java:151) ~[netty-transport-4.1.92.Final.jar:4.1.92.Final]
	at io.netty.channel.nio.NioEventLoop.processSelectedKey(NioEventLoop.java:788) ~[netty-transport-4.1.92.Final.jar:4.1.92.Final]
	at io.netty.channel.nio.NioEventLoop.processSelectedKeysOptimized(NioEventLoop.java:724) ~[netty-transport-4.1.92.Final.jar:4.1.92.Final]
	at io.netty.channel.nio.NioEventLoop.processSelectedKeys(NioEventLoop.java:650) ~[netty-transport-4.1.92.Final.jar:4.1.92.Final]
	at io.netty.channel.nio.NioEventLoop.run(NioEventLoop.java:562) ~[netty-transport-4.1.92.Final.jar:4.1.92.Final]
	at io.netty.util.concurrent.SingleThreadEventExecutor$4.run(SingleThreadEventExecutor.java:997) ~[netty-common-4.1.92.Final.jar:4.1.92.Final]
	at io.netty.util.internal.ThreadExecutorMap$2.run(ThreadExecutorMap.java:74) ~[netty-common-4.1.92.Final.jar:4.1.92.Final]
	at io.netty.util.concurrent.FastThreadLocalRunnable.run(FastThreadLocalRunnable.java:30) ~[netty-common-4.1.92.Final.jar:4.1.92.Final]
	at java.lang.Thread.run(Thread.java:1623) [?:?]
