[04-11-2023 10:00:38.155 INFO com.vmo.automationexercise.helper.Log] - Open browser
[04-11-2023 10:00:41.322 INFO com.vmo.automationexercise.helper.Log] - Open Homepage successful
[04-11-2023 10:00:41.356 INFO com.vmo.automationexercise.helper.Log] - Open Automation exercise shop
[04-11-2023 10:00:41.477 INFO com.vmo.automationexercise.helper.Log] - Verify that home page is visible successfully
[04-11-2023 10:00:42.265 INFO com.vmo.automationexercise.helper.Log] - Click Signup button
[04-11-2023 10:00:42.484 INFO com.vmo.automationexercise.helper.Log] - Verify 'New User Signup!' is visible
[04-11-2023 10:00:43.250 INFO com.vmo.automationexercise.helper.Log] - Enter name: Mr. Dodie Schaefer
[04-11-2023 10:00:43.476 INFO com.vmo.automationexercise.helper.Log] - Enter email: rodger.jacobi@yahoo.com
[04-11-2023 10:00:43.610 INFO com.vmo.automationexercise.helper.Log] - Click on signup button
[04-11-2023 10:01:44.009 WARN org.asynchttpclient.netty.handler.WebSocketHandler] - onError
java.net.SocketException: Connection reset
	at sun.nio.ch.SocketChannelImpl.throwConnectionReset(SocketChannelImpl.java:401) ~[?:?]
	at sun.nio.ch.SocketChannelImpl.read(SocketChannelImpl.java:434) ~[?:?]
	at io.netty.buffer.PooledByteBuf.setBytes(PooledByteBuf.java:256) ~[netty-buffer-4.1.92.Final.jar:4.1.92.Final]
	at io.netty.buffer.AbstractByteBuf.writeBytes(AbstractByteBuf.java:1132) ~[netty-buffer-4.1.92.Final.jar:4.1.92.Final]
	at io.netty.channel.socket.nio.NioSocketChannel.doReadBytes(NioSocketChannel.java:357) ~[netty-transport-4.1.92.Final.jar:4.1.92.Final]
	at io.netty.channel.nio.AbstractNioByteChannel$NioByteUnsafe.read(AbstractNioByteChannel.java:151) ~[netty-transport-4.1.92.Final.jar:4.1.92.Final]
	at io.netty.channel.nio.NioEventLoop.processSelectedKey(NioEventLoop.java:788) ~[netty-transport-4.1.92.Final.jar:4.1.92.Final]
	at io.netty.channel.nio.NioEventLoop.processSelectedKeysOptimized(NioEventLoop.java:724) ~[netty-transport-4.1.92.Final.jar:4.1.92.Final]
	at io.netty.channel.nio.NioEventLoop.processSelectedKeys(NioEventLoop.java:650) ~[netty-transport-4.1.92.Final.jar:4.1.92.Final]
	at io.netty.channel.nio.NioEventLoop.run(NioEventLoop.java:562) ~[netty-transport-4.1.92.Final.jar:4.1.92.Final]
	at io.netty.util.concurrent.SingleThreadEventExecutor$4.run(SingleThreadEventExecutor.java:997) ~[netty-common-4.1.92.Final.jar:4.1.92.Final]
	at io.netty.util.internal.ThreadExecutorMap$2.run(ThreadExecutorMap.java:74) ~[netty-common-4.1.92.Final.jar:4.1.92.Final]
	at io.netty.util.concurrent.FastThreadLocalRunnable.run(FastThreadLocalRunnable.java:30) ~[netty-common-4.1.92.Final.jar:4.1.92.Final]
	at java.lang.Thread.run(Thread.java:1623) [?:?]
