[20-11-2023 05:57:17.950 INFO com.vmo.automationexercise.helper.Log] - Open browser
[20-11-2023 05:57:23.157 INFO com.vmo.automationexercise.helper.Log] - Open Homepage successful
[20-11-2023 05:57:23.215 INFO com.vmo.automationexercise.helper.Log] - Open Automation exercise shop
[20-11-2023 05:57:25.756 INFO com.vmo.automationexercise.helper.Log] - Open Homepage successful
[20-11-2023 05:57:25.775 INFO com.vmo.automationexercise.helper.Log] - Verify that home page is visible successfully
[20-11-2023 05:57:25.807 INFO com.vmo.automationexercise.helper.Log] - Scroll down page to bottom
[20-11-2023 05:57:26.015 INFO com.vmo.automationexercise.helper.Log] - Verify 'SUBSCRIPTION' is visible
[20-11-2023 05:57:26.175 INFO com.vmo.automationexercise.helper.Log] - Click on arrow at bottom right side to move upward
[20-11-2023 05:57:26.516 INFO com.vmo.automationexercise.helper.Log] - Verify that page is scrolled up 
[20-11-2023 05:57:26.745 WARN org.asynchttpclient.netty.handler.WebSocketHandler] - onError
java.net.SocketException: Connection reset
	at sun.nio.ch.SocketChannelImpl.throwConnectionReset(SocketChannelImpl.java:401) ~[?:?]
	at sun.nio.ch.SocketChannelImpl.read(SocketChannelImpl.java:434) ~[?:?]
	at io.netty.buffer.PooledByteBuf.setBytes(PooledByteBuf.java:256) ~[netty-buffer-4.1.92.Final.jar:4.1.92.Final]
	at io.netty.buffer.AbstractByteBuf.writeBytes(AbstractByteBuf.java:1132) ~[netty-buffer-4.1.92.Final.jar:4.1.92.Final]
	at io.netty.channel.socket.nio.NioSocketChannel.doReadBytes(NioSocketChannel.java:357) ~[netty-transport-4.1.92.Final.jar:4.1.92.Final]
	at io.netty.channel.nio.AbstractNioByteChannel$NioByteUnsafe.read(AbstractNioByteChannel.java:151) ~[netty-transport-4.1.92.Final.jar:4.1.92.Final]
	at io.netty.channel.nio.NioEventLoop.processSelectedKey(NioEventLoop.java:788) ~[netty-transport-4.1.92.Final.jar:4.1.92.Final]
	at io.netty.channel.nio.NioEventLoop.processSelectedKeysOptimized(NioEventLoop.java:724) ~[netty-transport-4.1.92.Final.jar:4.1.92.Final]
	at io.netty.channel.nio.NioEventLoop.processSelectedKeys(NioEventLoop.java:650) ~[netty-transport-4.1.92.Final.jar:4.1.92.Final]
	at io.netty.channel.nio.NioEventLoop.run(NioEventLoop.java:562) ~[netty-transport-4.1.92.Final.jar:4.1.92.Final]
	at io.netty.util.concurrent.SingleThreadEventExecutor$4.run(SingleThreadEventExecutor.java:997) ~[netty-common-4.1.92.Final.jar:4.1.92.Final]
	at io.netty.util.internal.ThreadExecutorMap$2.run(ThreadExecutorMap.java:74) ~[netty-common-4.1.92.Final.jar:4.1.92.Final]
	at io.netty.util.concurrent.FastThreadLocalRunnable.run(FastThreadLocalRunnable.java:30) ~[netty-common-4.1.92.Final.jar:4.1.92.Final]
	at java.lang.Thread.run(Thread.java:1623) [?:?]
