[08-11-2023 22:13:28.177 INFO com.vmo.automationexercise.helper.Log] - Open browser
[08-11-2023 22:13:32.622 INFO com.vmo.automationexercise.helper.Log] - Open Homepage successful
[08-11-2023 22:13:32.679 INFO com.vmo.automationexercise.helper.Log] - Open Automation exercise shop
[08-11-2023 22:13:33.048 INFO com.vmo.automationexercise.helper.Log] - Verify that home page is visible successfully
[08-11-2023 22:13:34.886 INFO com.vmo.automationexercise.helper.Log] - Click 'Products' button
[08-11-2023 22:13:35.252 INFO com.vmo.automationexercise.helper.Log] - Hover over first product 
[08-11-2023 22:13:35.440 INFO com.vmo.automationexercise.helper.Log] - Click add to cart of first product
[08-11-2023 22:13:36.219 INFO com.vmo.automationexercise.helper.Log] - Click 'Continue Shopping' button
[08-11-2023 22:13:36.404 INFO com.vmo.automationexercise.helper.Log] - Hover over second product 
[08-11-2023 22:13:36.589 INFO com.vmo.automationexercise.helper.Log] - Click add to cart of second product
[08-11-2023 22:14:37.611 WARN org.asynchttpclient.netty.handler.WebSocketHandler] - onError
java.net.SocketException: Connection reset
	at sun.nio.ch.SocketChannelImpl.throwConnectionReset(SocketChannelImpl.java:401) ~[?:?]
	at sun.nio.ch.SocketChannelImpl.read(SocketChannelImpl.java:434) ~[?:?]
	at io.netty.buffer.PooledByteBuf.setBytes(PooledByteBuf.java:256) ~[netty-buffer-4.1.92.Final.jar:4.1.92.Final]
	at io.netty.buffer.AbstractByteBuf.writeBytes(AbstractByteBuf.java:1132) ~[netty-buffer-4.1.92.Final.jar:4.1.92.Final]
	at io.netty.channel.socket.nio.NioSocketChannel.doReadBytes(NioSocketChannel.java:357) ~[netty-transport-4.1.92.Final.jar:4.1.92.Final]
	at io.netty.channel.nio.AbstractNioByteChannel$NioByteUnsafe.read(AbstractNioByteChannel.java:151) ~[netty-transport-4.1.92.Final.jar:4.1.92.Final]
	at io.netty.channel.nio.NioEventLoop.processSelectedKey(NioEventLoop.java:788) ~[netty-transport-4.1.92.Final.jar:4.1.92.Final]
	at io.netty.channel.nio.NioEventLoop.processSelectedKeysOptimized(NioEventLoop.java:724) ~[netty-transport-4.1.92.Final.jar:4.1.92.Final]
	at io.netty.channel.nio.NioEventLoop.processSelectedKeys(NioEventLoop.java:650) ~[netty-transport-4.1.92.Final.jar:4.1.92.Final]
	at io.netty.channel.nio.NioEventLoop.run(NioEventLoop.java:562) ~[netty-transport-4.1.92.Final.jar:4.1.92.Final]
	at io.netty.util.concurrent.SingleThreadEventExecutor$4.run(SingleThreadEventExecutor.java:997) ~[netty-common-4.1.92.Final.jar:4.1.92.Final]
	at io.netty.util.internal.ThreadExecutorMap$2.run(ThreadExecutorMap.java:74) ~[netty-common-4.1.92.Final.jar:4.1.92.Final]
	at io.netty.util.concurrent.FastThreadLocalRunnable.run(FastThreadLocalRunnable.java:30) ~[netty-common-4.1.92.Final.jar:4.1.92.Final]
	at java.lang.Thread.run(Thread.java:1623) [?:?]
[08-11-2023 22:14:39.440 INFO com.vmo.automationexercise.helper.Log] - Open browser
[08-11-2023 22:14:42.928 INFO com.vmo.automationexercise.helper.Log] - Open Homepage successful
[08-11-2023 22:14:42.930 INFO com.vmo.automationexercise.helper.Log] - Open Automation exercise shop
[08-11-2023 22:14:42.945 INFO com.vmo.automationexercise.helper.Log] - Verify that home page is visible successfully
