[20-11-2023 21:20:32.813 INFO com.vmo.automationexercise.helper.Log] - Open browser
[20-11-2023 21:20:32.813 INFO com.vmo.automationexercise.helper.Log] - Open browser
[20-11-2023 21:20:36.208 INFO com.vmo.automationexercise.helper.Log] - Open Homepage successful
[20-11-2023 21:20:36.278 INFO com.vmo.automationexercise.helper.Log] - Open Automation exercise shop
[20-11-2023 21:20:37.410 INFO com.vmo.automationexercise.helper.Log] - Open Homepage successful
[20-11-2023 21:20:37.412 INFO com.vmo.automationexercise.helper.Log] - Open Automation exercise shop
[20-11-2023 21:20:37.445 INFO com.vmo.automationexercise.helper.Log] - Verify that home page is visible successfully
[20-11-2023 21:20:37.459 INFO com.vmo.automationexercise.helper.Log] - Verify that home page is visible successfully
[20-11-2023 21:20:37.711 INFO com.vmo.automationexercise.helper.Log] - Hover over first product 
[20-11-2023 21:20:37.841 INFO com.vmo.automationexercise.helper.Log] - Add products to cart
[20-11-2023 21:20:39.529 INFO com.vmo.automationexercise.helper.Log] - Click 'Cart' button
[20-11-2023 21:20:39.549 INFO com.vmo.automationexercise.helper.Log] - Verify that cart page is displayed
[20-11-2023 21:20:39.792 INFO com.vmo.automationexercise.helper.Log] - Click 'Products' button
[20-11-2023 21:20:39.822 INFO com.vmo.automationexercise.helper.Log] - Click Proceed To Checkout
[20-11-2023 21:20:39.981 INFO com.vmo.automationexercise.helper.Log] - Hover over first product 
[20-11-2023 21:20:40.223 INFO com.vmo.automationexercise.helper.Log] - Click add to cart of first product
[20-11-2023 21:20:41.095 INFO com.vmo.automationexercise.helper.Log] - Click 'Register / Login' button
[20-11-2023 21:20:41.095 INFO com.vmo.automationexercise.helper.Log] - Enter name: Vincent Kub
[20-11-2023 21:20:41.097 INFO com.vmo.automationexercise.helper.Log] - Enter locator: //input[@name='name']
[20-11-2023 21:20:41.097 INFO com.vmo.automationexercise.helper.Log] - Enter driver: ChromeDriver: chrome on windows (12ade6b805eb23b9473cfb5b5d54cc4f)
[20-11-2023 21:20:41.377 INFO com.vmo.automationexercise.helper.Log] - Enter name: Vincent Kub
[20-11-2023 21:20:41.626 INFO com.vmo.automationexercise.helper.Log] - Enter email: mertie.tillman@yahoo.com
[20-11-2023 21:21:38.316 INFO com.vmo.automationexercise.helper.Log] - Open browser
[20-11-2023 21:21:41.084 ERROR io.qameta.allure.AllureLifecycle] - Could not add attachment: no test is running
[20-11-2023 21:21:41.186 WARN org.asynchttpclient.netty.handler.WebSocketHandler] - onError
java.net.SocketException: Connection reset
	at sun.nio.ch.SocketChannelImpl.throwConnectionReset(SocketChannelImpl.java:401) ~[?:?]
	at sun.nio.ch.SocketChannelImpl.read(SocketChannelImpl.java:434) ~[?:?]
	at io.netty.buffer.PooledByteBuf.setBytes(PooledByteBuf.java:256) ~[netty-buffer-4.1.92.Final.jar:4.1.92.Final]
	at io.netty.buffer.AbstractByteBuf.writeBytes(AbstractByteBuf.java:1132) ~[netty-buffer-4.1.92.Final.jar:4.1.92.Final]
	at io.netty.channel.socket.nio.NioSocketChannel.doReadBytes(NioSocketChannel.java:357) ~[netty-transport-4.1.92.Final.jar:4.1.92.Final]
	at io.netty.channel.nio.AbstractNioByteChannel$NioByteUnsafe.read(AbstractNioByteChannel.java:151) ~[netty-transport-4.1.92.Final.jar:4.1.92.Final]
	at io.netty.channel.nio.NioEventLoop.processSelectedKey(NioEventLoop.java:788) ~[netty-transport-4.1.92.Final.jar:4.1.92.Final]
	at io.netty.channel.nio.NioEventLoop.processSelectedKeysOptimized(NioEventLoop.java:724) ~[netty-transport-4.1.92.Final.jar:4.1.92.Final]
	at io.netty.channel.nio.NioEventLoop.processSelectedKeys(NioEventLoop.java:650) ~[netty-transport-4.1.92.Final.jar:4.1.92.Final]
	at io.netty.channel.nio.NioEventLoop.run(NioEventLoop.java:562) ~[netty-transport-4.1.92.Final.jar:4.1.92.Final]
	at io.netty.util.concurrent.SingleThreadEventExecutor$4.run(SingleThreadEventExecutor.java:997) ~[netty-common-4.1.92.Final.jar:4.1.92.Final]
	at io.netty.util.internal.ThreadExecutorMap$2.run(ThreadExecutorMap.java:74) ~[netty-common-4.1.92.Final.jar:4.1.92.Final]
	at io.netty.util.concurrent.FastThreadLocalRunnable.run(FastThreadLocalRunnable.java:30) ~[netty-common-4.1.92.Final.jar:4.1.92.Final]
	at java.lang.Thread.run(Thread.java:1623) [?:?]
[20-11-2023 21:21:41.834 INFO com.vmo.automationexercise.helper.Log] - Open Homepage successful
[20-11-2023 21:21:41.834 INFO com.vmo.automationexercise.helper.Log] - Open Automation exercise shop
[20-11-2023 21:21:41.856 INFO com.vmo.automationexercise.helper.Log] - Verify that home page is visible successfully
[20-11-2023 21:21:42.732 INFO com.vmo.automationexercise.helper.Log] - Open browser
[20-11-2023 21:21:43.779 INFO com.vmo.automationexercise.helper.Log] - Click on 'Contact Us' button
[20-11-2023 21:21:43.905 INFO com.vmo.automationexercise.helper.Log] - Verify 'GET IN TOUCH' is visible
[20-11-2023 21:21:44.172 INFO com.vmo.automationexercise.helper.Log] - Enter name: Marquerite Padberg
[20-11-2023 21:21:44.303 INFO com.vmo.automationexercise.helper.Log] - Enter email: albertina.collier@gmail.com
[20-11-2023 21:21:44.466 INFO com.vmo.automationexercise.helper.Log] - Enter subject: Product
[20-11-2023 21:21:44.624 INFO com.vmo.automationexercise.helper.Log] - Enter message: Contact us
[20-11-2023 21:21:44.669 INFO com.vmo.automationexercise.helper.Log] - Upload file
[20-11-2023 21:21:46.133 ERROR io.qameta.allure.AllureLifecycle] - Could not add attachment: no test is running
[20-11-2023 21:21:46.248 INFO com.vmo.automationexercise.helper.Log] - Open Homepage successful
[20-11-2023 21:21:46.250 INFO com.vmo.automationexercise.helper.Log] - Open Automation exercise shop
[20-11-2023 21:21:46.268 INFO com.vmo.automationexercise.helper.Log] - Verify that home page is visible successfully
[20-11-2023 21:21:47.335 INFO com.vmo.automationexercise.helper.Log] - Click 'View Product' for any product on home page
[20-11-2023 21:21:47.340 INFO com.vmo.automationexercise.helper.Log] - Verify product detail is opened
[20-11-2023 21:21:47.684 INFO com.vmo.automationexercise.helper.Log] - Increase quantity to 4
[20-11-2023 21:21:47.778 INFO com.vmo.automationexercise.helper.Log] - Click 'Add to cart' button
[20-11-2023 21:21:49.200 INFO com.vmo.automationexercise.helper.Log] - Click 'View Cart' button
[20-11-2023 21:21:49.384 INFO com.vmo.automationexercise.helper.Log] - Verify that product is displayed in cart page with exact quantity
[20-11-2023 21:21:49.657 ERROR io.qameta.allure.AllureLifecycle] - Could not add attachment: no test is running
[20-11-2023 21:21:51.284 INFO com.vmo.automationexercise.helper.Log] - Open browser
[20-11-2023 21:21:54.925 INFO com.vmo.automationexercise.helper.Log] - Open Homepage successful
[20-11-2023 21:21:54.925 INFO com.vmo.automationexercise.helper.Log] - Open Automation exercise shop
[20-11-2023 21:21:54.942 INFO com.vmo.automationexercise.helper.Log] - Verify that home page is visible successfully
[20-11-2023 21:21:56.258 INFO com.vmo.automationexercise.helper.Log] - Click 'View Product' for any product on home page
[20-11-2023 21:21:56.266 INFO com.vmo.automationexercise.helper.Log] - Verify product detail is opened
[20-11-2023 21:21:56.448 INFO com.vmo.automationexercise.helper.Log] - Increase quantity to 4
[20-11-2023 21:21:56.549 INFO com.vmo.automationexercise.helper.Log] - Click 'Add to cart' button
