[12-11-2023 21:38:14.912 INFO com.vmo.automationexercise.helper.Log] - Open browser
[12-11-2023 21:38:19.085 INFO com.vmo.automationexercise.helper.Log] - Open Homepage successful
[12-11-2023 21:38:19.138 INFO com.vmo.automationexercise.helper.Log] - Open Automation exercise shop
[12-11-2023 21:38:20.195 INFO com.vmo.automationexercise.helper.Log] - Verify that home page is visible successfully
[12-11-2023 21:38:21.831 INFO com.vmo.automationexercise.helper.Log] -  Click on 'Signup / Login' button
[12-11-2023 21:38:22.005 INFO com.vmo.automationexercise.helper.Log] -  Verify 'Login to your account' is visible
[12-11-2023 21:38:22.337 INFO com.vmo.automationexercise.helper.Log] - Enter email: tia.mclaughlin@gmail.com
[12-11-2023 21:38:22.588 INFO com.vmo.automationexercise.helper.Log] - Enter password: uaq3hhz2sdke6
[12-11-2023 21:38:29.488 INFO com.vmo.automationexercise.helper.Log] - Click 'login' button
[12-11-2023 21:38:29.593 INFO com.vmo.automationexercise.helper.Log] - Verify that 'Logged in as username' is visible
[12-11-2023 21:38:29.813 INFO com.vmo.automationexercise.helper.Log] - Hover over first product 
[12-11-2023 21:38:29.993 INFO com.vmo.automationexercise.helper.Log] - Add products to cart
[12-11-2023 21:38:32.229 INFO com.vmo.automationexercise.helper.Log] - Click 'Cart' button
[12-11-2023 21:38:32.242 INFO com.vmo.automationexercise.helper.Log] - Verify that cart page is displayed
[12-11-2023 21:38:33.944 INFO com.vmo.automationexercise.helper.Log] - Click 'Cart' button
[12-11-2023 21:38:36.770 INFO com.vmo.automationexercise.helper.Log] - Click 'Proceed To Checkout' button
[12-11-2023 21:38:36.869 INFO com.vmo.automationexercise.helper.Log] - Verify Name Details Successfully
[12-11-2023 21:38:37.017 INFO com.vmo.automationexercise.helper.Log] - Verify Review Your Order Successfully
[12-11-2023 21:38:37.838 INFO com.vmo.automationexercise.helper.Log] - Enter description in comment text area and click 'Place Order'
[12-11-2023 21:38:38.166 INFO com.vmo.automationexercise.helper.Log] - Enter payment details: Name on Card
[12-11-2023 21:38:38.368 INFO com.vmo.automationexercise.helper.Log] - Enter payment details:  Card Number
[12-11-2023 21:38:38.589 INFO com.vmo.automationexercise.helper.Log] - Enter payment details:  CVC
[12-11-2023 21:38:38.805 INFO com.vmo.automationexercise.helper.Log] - Enter payment details:  Expiration month
[12-11-2023 21:38:38.992 INFO com.vmo.automationexercise.helper.Log] - Enter payment details:  Expiration year
[12-11-2023 21:38:41.268 INFO com.vmo.automationexercise.helper.Log] - Click 'Pay and Confirm Order' button
[12-11-2023 21:38:41.405 INFO com.vmo.automationexercise.helper.Log] - Verify success message 'Your order has been placed successfully!'
[12-11-2023 21:38:41.515 WARN org.asynchttpclient.netty.handler.WebSocketHandler] - onError
java.net.SocketException: Connection reset
	at sun.nio.ch.SocketChannelImpl.throwConnectionReset(SocketChannelImpl.java:401) ~[?:?]
	at sun.nio.ch.SocketChannelImpl.read(SocketChannelImpl.java:434) ~[?:?]
	at io.netty.buffer.PooledByteBuf.setBytes(PooledByteBuf.java:256) ~[netty-buffer-4.1.92.Final.jar:4.1.92.Final]
	at io.netty.buffer.AbstractByteBuf.writeBytes(AbstractByteBuf.java:1132) ~[netty-buffer-4.1.92.Final.jar:4.1.92.Final]
	at io.netty.channel.socket.nio.NioSocketChannel.doReadBytes(NioSocketChannel.java:357) ~[netty-transport-4.1.92.Final.jar:4.1.92.Final]
	at io.netty.channel.nio.AbstractNioByteChannel$NioByteUnsafe.read(AbstractNioByteChannel.java:151) ~[netty-transport-4.1.92.Final.jar:4.1.92.Final]
	at io.netty.channel.nio.NioEventLoop.processSelectedKey(NioEventLoop.java:788) ~[netty-transport-4.1.92.Final.jar:4.1.92.Final]
	at io.netty.channel.nio.NioEventLoop.processSelectedKeysOptimized(NioEventLoop.java:724) ~[netty-transport-4.1.92.Final.jar:4.1.92.Final]
	at io.netty.channel.nio.NioEventLoop.processSelectedKeys(NioEventLoop.java:650) ~[netty-transport-4.1.92.Final.jar:4.1.92.Final]
	at io.netty.channel.nio.NioEventLoop.run(NioEventLoop.java:562) ~[netty-transport-4.1.92.Final.jar:4.1.92.Final]
	at io.netty.util.concurrent.SingleThreadEventExecutor$4.run(SingleThreadEventExecutor.java:997) ~[netty-common-4.1.92.Final.jar:4.1.92.Final]
	at io.netty.util.internal.ThreadExecutorMap$2.run(ThreadExecutorMap.java:74) ~[netty-common-4.1.92.Final.jar:4.1.92.Final]
	at io.netty.util.concurrent.FastThreadLocalRunnable.run(FastThreadLocalRunnable.java:30) ~[netty-common-4.1.92.Final.jar:4.1.92.Final]
	at java.lang.Thread.run(Thread.java:1623) [?:?]
