[06-11-2023 21:37:43.573 INFO com.vmo.automationexercise.helper.Log] - Open browser
[06-11-2023 21:37:47.242 INFO com.vmo.automationexercise.helper.Log] - Open Homepage successful
[06-11-2023 21:37:47.282 INFO com.vmo.automationexercise.helper.Log] - Open Automation exercise shop
[06-11-2023 21:37:47.426 INFO com.vmo.automationexercise.helper.Log] - Verify that home page is visible successfully
[06-11-2023 21:37:51.269 INFO com.vmo.automationexercise.helper.Log] - Click on 'Products' button
[06-11-2023 21:37:51.279 INFO com.vmo.automationexercise.helper.Log] - Verify user is navigated to ALL PRODUCTS page successfully
[06-11-2023 21:37:51.539 INFO com.vmo.automationexercise.helper.Log] - The products list is visible
[06-11-2023 21:37:51.817 INFO com.vmo.automationexercise.helper.Log] - Enter product name in search input: Men
[06-11-2023 21:37:53.507 INFO com.vmo.automationexercise.helper.Log] - Click search button
[06-11-2023 21:37:53.680 INFO com.vmo.automationexercise.helper.Log] - Verify 'SEARCHED PRODUCTS' is visible
[06-11-2023 21:37:53.995 WARN org.asynchttpclient.netty.handler.WebSocketHandler] - onError
java.net.SocketException: Connection reset
	at sun.nio.ch.SocketChannelImpl.throwConnectionReset(SocketChannelImpl.java:401) ~[?:?]
	at sun.nio.ch.SocketChannelImpl.read(SocketChannelImpl.java:434) ~[?:?]
	at io.netty.buffer.PooledByteBuf.setBytes(PooledByteBuf.java:256) ~[netty-buffer-4.1.92.Final.jar:4.1.92.Final]
	at io.netty.buffer.AbstractByteBuf.writeBytes(AbstractByteBuf.java:1132) ~[netty-buffer-4.1.92.Final.jar:4.1.92.Final]
	at io.netty.channel.socket.nio.NioSocketChannel.doReadBytes(NioSocketChannel.java:357) ~[netty-transport-4.1.92.Final.jar:4.1.92.Final]
	at io.netty.channel.nio.AbstractNioByteChannel$NioByteUnsafe.read(AbstractNioByteChannel.java:151) ~[netty-transport-4.1.92.Final.jar:4.1.92.Final]
	at io.netty.channel.nio.NioEventLoop.processSelectedKey(NioEventLoop.java:788) ~[netty-transport-4.1.92.Final.jar:4.1.92.Final]
	at io.netty.channel.nio.NioEventLoop.processSelectedKeysOptimized(NioEventLoop.java:724) ~[netty-transport-4.1.92.Final.jar:4.1.92.Final]
	at io.netty.channel.nio.NioEventLoop.processSelectedKeys(NioEventLoop.java:650) ~[netty-transport-4.1.92.Final.jar:4.1.92.Final]
	at io.netty.channel.nio.NioEventLoop.run(NioEventLoop.java:562) ~[netty-transport-4.1.92.Final.jar:4.1.92.Final]
	at io.netty.util.concurrent.SingleThreadEventExecutor$4.run(SingleThreadEventExecutor.java:997) ~[netty-common-4.1.92.Final.jar:4.1.92.Final]
	at io.netty.util.internal.ThreadExecutorMap$2.run(ThreadExecutorMap.java:74) ~[netty-common-4.1.92.Final.jar:4.1.92.Final]
	at io.netty.util.concurrent.FastThreadLocalRunnable.run(FastThreadLocalRunnable.java:30) ~[netty-common-4.1.92.Final.jar:4.1.92.Final]
	at java.lang.Thread.run(Thread.java:1623) [?:?]
