[08-11-2023 21:24:18.299 INFO com.vmo.automationexercise.helper.Log] - Open browser
[08-11-2023 21:24:22.098 INFO com.vmo.automationexercise.helper.Log] - Open Homepage successful
[08-11-2023 21:24:22.165 INFO com.vmo.automationexercise.helper.Log] - Open Automation exercise shop
[08-11-2023 21:24:22.327 INFO com.vmo.automationexercise.helper.Log] - Verify that home page is visible successfully
[08-11-2023 21:24:25.756 INFO com.vmo.automationexercise.helper.Log] - Click 'Products' button
[08-11-2023 21:24:26.050 INFO com.vmo.automationexercise.helper.Log] - Hover over first product 
[08-11-2023 21:24:26.222 INFO com.vmo.automationexercise.helper.Log] - Click add to cart of first product
[08-11-2023 21:24:26.901 INFO com.vmo.automationexercise.helper.Log] - Click 'Continue Shopping' button
[08-11-2023 21:24:27.049 INFO com.vmo.automationexercise.helper.Log] - Hover over second product 
[08-11-2023 21:24:27.228 INFO com.vmo.automationexercise.helper.Log] - Click add to cart of second product
[08-11-2023 21:25:27.482 WARN org.asynchttpclient.netty.handler.WebSocketHandler] - onError
java.net.SocketException: Connection reset
	at sun.nio.ch.SocketChannelImpl.throwConnectionReset(SocketChannelImpl.java:401) ~[?:?]
	at sun.nio.ch.SocketChannelImpl.read(SocketChannelImpl.java:434) ~[?:?]
	at io.netty.buffer.PooledByteBuf.setBytes(PooledByteBuf.java:256) ~[netty-buffer-4.1.92.Final.jar:4.1.92.Final]
	at io.netty.buffer.AbstractByteBuf.writeBytes(AbstractByteBuf.java:1132) ~[netty-buffer-4.1.92.Final.jar:4.1.92.Final]
	at io.netty.channel.socket.nio.NioSocketChannel.doReadBytes(NioSocketChannel.java:357) ~[netty-transport-4.1.92.Final.jar:4.1.92.Final]
	at io.netty.channel.nio.AbstractNioByteChannel$NioByteUnsafe.read(AbstractNioByteChannel.java:151) ~[netty-transport-4.1.92.Final.jar:4.1.92.Final]
	at io.netty.channel.nio.NioEventLoop.processSelectedKey(NioEventLoop.java:788) ~[netty-transport-4.1.92.Final.jar:4.1.92.Final]
	at io.netty.channel.nio.NioEventLoop.processSelectedKeysOptimized(NioEventLoop.java:724) ~[netty-transport-4.1.92.Final.jar:4.1.92.Final]
	at io.netty.channel.nio.NioEventLoop.processSelectedKeys(NioEventLoop.java:650) ~[netty-transport-4.1.92.Final.jar:4.1.92.Final]
	at io.netty.channel.nio.NioEventLoop.run(NioEventLoop.java:562) ~[netty-transport-4.1.92.Final.jar:4.1.92.Final]
	at io.netty.util.concurrent.SingleThreadEventExecutor$4.run(SingleThreadEventExecutor.java:997) ~[netty-common-4.1.92.Final.jar:4.1.92.Final]
	at io.netty.util.internal.ThreadExecutorMap$2.run(ThreadExecutorMap.java:74) ~[netty-common-4.1.92.Final.jar:4.1.92.Final]
	at io.netty.util.concurrent.FastThreadLocalRunnable.run(FastThreadLocalRunnable.java:30) ~[netty-common-4.1.92.Final.jar:4.1.92.Final]
	at java.lang.Thread.run(Thread.java:1623) [?:?]
