[12-11-2023 19:18:25.206 INFO com.vmo.automationexercise.helper.Log] - Open browser
[12-11-2023 19:18:28.607 INFO com.vmo.automationexercise.helper.Log] - Open Homepage successful
[12-11-2023 19:18:28.641 INFO com.vmo.automationexercise.helper.Log] - Open Automation exercise shop
[12-11-2023 19:18:29.111 INFO com.vmo.automationexercise.helper.Log] - Verify that home page is visible successfully
[12-11-2023 19:18:29.280 INFO com.vmo.automationexercise.helper.Log] - Hover over first product 
[12-11-2023 19:18:29.479 INFO com.vmo.automationexercise.helper.Log] - Add products to cart
[12-11-2023 19:18:30.954 INFO com.vmo.automationexercise.helper.Log] - Click 'Cart' button
[12-11-2023 19:18:30.964 INFO com.vmo.automationexercise.helper.Log] - Verify that cart page is displayed
[12-11-2023 19:18:31.225 INFO com.vmo.automationexercise.helper.Log] - Click Proceed To Checkout
[12-11-2023 19:18:32.307 INFO com.vmo.automationexercise.helper.Log] - Click 'Register / Login' button
[12-11-2023 19:18:32.307 INFO com.vmo.automationexercise.helper.Log] - Enter name: Isreal Herzog
[12-11-2023 19:18:32.307 INFO com.vmo.automationexercise.helper.Log] - Enter locator: //input[@name='name']
[12-11-2023 19:18:32.307 INFO com.vmo.automationexercise.helper.Log] - Enter driver: ChromeDriver: chrome on windows (db4a9b370032fa617293239bcf05118d)
[12-11-2023 19:18:32.668 INFO com.vmo.automationexercise.helper.Log] - Enter name: Isreal Herzog
[12-11-2023 19:18:32.942 INFO com.vmo.automationexercise.helper.Log] - Enter email: irmgard.kuhn@gmail.com
[12-11-2023 19:18:33.878 INFO com.vmo.automationexercise.helper.Log] - Click on signup button
[12-11-2023 19:18:33.985 INFO com.vmo.automationexercise.helper.Log] - Verify that 'ENTER ACCOUNT INFORMATION' is visible
[12-11-2023 19:18:34.223 INFO com.vmo.automationexercise.helper.Log] - Choose title
[12-11-2023 19:18:34.503 INFO com.vmo.automationexercise.helper.Log] - Enter password: yxp5u9vm9hh
[12-11-2023 19:18:34.713 INFO com.vmo.automationexercise.helper.Log] - Choose day: 5
[12-11-2023 19:18:34.901 INFO com.vmo.automationexercise.helper.Log] - Choose month: May
[12-11-2023 19:18:35.048 INFO com.vmo.automationexercise.helper.Log] - Choose year: 1989
[12-11-2023 19:18:35.252 INFO com.vmo.automationexercise.helper.Log] - Tick on Sign up for our newsletter! checkbox
[12-11-2023 19:18:35.398 INFO com.vmo.automationexercise.helper.Log] - Tick on Receive special offers from our partners! checkbox
[12-11-2023 19:18:35.635 INFO com.vmo.automationexercise.helper.Log] - Enter first name: Randall
[12-11-2023 19:18:35.836 INFO com.vmo.automationexercise.helper.Log] - Enter last name: Lakin
[12-11-2023 19:18:36.088 INFO com.vmo.automationexercise.helper.Log] - Enter company: Ruecker, Ratke and Gutkowski
[12-11-2023 19:18:36.325 INFO com.vmo.automationexercise.helper.Log] - Enter address1: Suite 981 1674 Cecily Road, South Carolin, TN 54750-4359
[12-11-2023 19:18:36.528 INFO com.vmo.automationexercise.helper.Log] - Enter address2: 26943
[12-11-2023 19:18:36.711 INFO com.vmo.automationexercise.helper.Log] - Choose country: Canada
[12-11-2023 19:18:36.996 INFO com.vmo.automationexercise.helper.Log] - Enter state: Pennsylvania
[12-11-2023 19:18:37.274 INFO com.vmo.automationexercise.helper.Log] - Enter city: South Myriam
[12-11-2023 19:18:37.516 INFO com.vmo.automationexercise.helper.Log] - Enter zipcode: 75700-8909
[12-11-2023 19:18:37.782 INFO com.vmo.automationexercise.helper.Log] - Enter phone number: 1-378-050-5979
[12-11-2023 19:18:39.133 INFO com.vmo.automationexercise.helper.Log] - Click on Create account button
[12-11-2023 19:18:39.313 INFO com.vmo.automationexercise.helper.Log] - Verify that 'ACCOUNT CREATED!' is visible
[12-11-2023 19:18:41.935 INFO com.vmo.automationexercise.helper.Log] - Click Continue button to login
[12-11-2023 19:18:42.081 INFO com.vmo.automationexercise.helper.Log] - Verify that 'Logged in as username' is visible
[12-11-2023 19:18:43.903 INFO com.vmo.automationexercise.helper.Log] - Click 'Cart' button
[12-11-2023 19:18:45.206 INFO com.vmo.automationexercise.helper.Log] - Click 'Proceed To Checkout' button
[12-11-2023 19:18:45.710 INFO com.vmo.automationexercise.helper.Log] - Verify Address Details Successfully
[12-11-2023 19:18:45.898 INFO com.vmo.automationexercise.helper.Log] - Verify Review Your Order Successfully
[12-11-2023 19:18:47.031 INFO com.vmo.automationexercise.helper.Log] - Enter description in comment text area and click 'Place Order'
[12-11-2023 19:18:47.398 INFO com.vmo.automationexercise.helper.Log] - Enter payment details: Name on Card
[12-11-2023 19:18:47.567 INFO com.vmo.automationexercise.helper.Log] - Enter payment details:  Card Number
[12-11-2023 19:18:47.693 INFO com.vmo.automationexercise.helper.Log] - Enter payment details:  CVC
[12-11-2023 19:18:47.817 INFO com.vmo.automationexercise.helper.Log] - Enter payment details:  Expiration month
[12-11-2023 19:18:48.005 INFO com.vmo.automationexercise.helper.Log] - Enter payment details:  Expiration year
[12-11-2023 19:18:50.492 INFO com.vmo.automationexercise.helper.Log] - Click 'Pay and Confirm Order' button
[12-11-2023 19:19:50.705 WARN org.asynchttpclient.netty.handler.WebSocketHandler] - onError
java.net.SocketException: Connection reset
	at sun.nio.ch.SocketChannelImpl.throwConnectionReset(SocketChannelImpl.java:401) ~[?:?]
	at sun.nio.ch.SocketChannelImpl.read(SocketChannelImpl.java:434) ~[?:?]
	at io.netty.buffer.PooledByteBuf.setBytes(PooledByteBuf.java:256) ~[netty-buffer-4.1.92.Final.jar:4.1.92.Final]
	at io.netty.buffer.AbstractByteBuf.writeBytes(AbstractByteBuf.java:1132) ~[netty-buffer-4.1.92.Final.jar:4.1.92.Final]
	at io.netty.channel.socket.nio.NioSocketChannel.doReadBytes(NioSocketChannel.java:357) ~[netty-transport-4.1.92.Final.jar:4.1.92.Final]
	at io.netty.channel.nio.AbstractNioByteChannel$NioByteUnsafe.read(AbstractNioByteChannel.java:151) ~[netty-transport-4.1.92.Final.jar:4.1.92.Final]
	at io.netty.channel.nio.NioEventLoop.processSelectedKey(NioEventLoop.java:788) ~[netty-transport-4.1.92.Final.jar:4.1.92.Final]
	at io.netty.channel.nio.NioEventLoop.processSelectedKeysOptimized(NioEventLoop.java:724) ~[netty-transport-4.1.92.Final.jar:4.1.92.Final]
	at io.netty.channel.nio.NioEventLoop.processSelectedKeys(NioEventLoop.java:650) ~[netty-transport-4.1.92.Final.jar:4.1.92.Final]
	at io.netty.channel.nio.NioEventLoop.run(NioEventLoop.java:562) ~[netty-transport-4.1.92.Final.jar:4.1.92.Final]
	at io.netty.util.concurrent.SingleThreadEventExecutor$4.run(SingleThreadEventExecutor.java:997) ~[netty-common-4.1.92.Final.jar:4.1.92.Final]
	at io.netty.util.internal.ThreadExecutorMap$2.run(ThreadExecutorMap.java:74) ~[netty-common-4.1.92.Final.jar:4.1.92.Final]
	at io.netty.util.concurrent.FastThreadLocalRunnable.run(FastThreadLocalRunnable.java:30) ~[netty-common-4.1.92.Final.jar:4.1.92.Final]
	at java.lang.Thread.run(Thread.java:1623) [?:?]
