[20-11-2023 21:40:59.109 INFO com.vmo.automationexercise.helper.Log] - Open browser
[20-11-2023 21:41:04.219 INFO com.vmo.automationexercise.helper.Log] - Open Homepage successful
[20-11-2023 21:41:04.281 INFO com.vmo.automationexercise.helper.Log] - Open Automation exercise shop
[20-11-2023 21:41:04.644 INFO com.vmo.automationexercise.helper.Log] - Verify that home page is visible successfully
[20-11-2023 21:41:06.941 INFO com.vmo.automationexercise.helper.Log] - Click 'Products' button
[20-11-2023 21:41:07.251 INFO com.vmo.automationexercise.helper.Log] - Hover over first product 
[20-11-2023 21:41:07.446 INFO com.vmo.automationexercise.helper.Log] - Click add to cart of first product
[20-11-2023 21:42:08.322 WARN org.asynchttpclient.netty.handler.WebSocketHandler] - onError
java.net.SocketException: Connection reset
	at sun.nio.ch.SocketChannelImpl.throwConnectionReset(SocketChannelImpl.java:401) ~[?:?]
	at sun.nio.ch.SocketChannelImpl.read(SocketChannelImpl.java:434) ~[?:?]
	at io.netty.buffer.PooledByteBuf.setBytes(PooledByteBuf.java:256) ~[netty-buffer-4.1.92.Final.jar:4.1.92.Final]
	at io.netty.buffer.AbstractByteBuf.writeBytes(AbstractByteBuf.java:1132) ~[netty-buffer-4.1.92.Final.jar:4.1.92.Final]
	at io.netty.channel.socket.nio.NioSocketChannel.doReadBytes(NioSocketChannel.java:357) ~[netty-transport-4.1.92.Final.jar:4.1.92.Final]
	at io.netty.channel.nio.AbstractNioByteChannel$NioByteUnsafe.read(AbstractNioByteChannel.java:151) ~[netty-transport-4.1.92.Final.jar:4.1.92.Final]
	at io.netty.channel.nio.NioEventLoop.processSelectedKey(NioEventLoop.java:788) ~[netty-transport-4.1.92.Final.jar:4.1.92.Final]
	at io.netty.channel.nio.NioEventLoop.processSelectedKeysOptimized(NioEventLoop.java:724) ~[netty-transport-4.1.92.Final.jar:4.1.92.Final]
	at io.netty.channel.nio.NioEventLoop.processSelectedKeys(NioEventLoop.java:650) ~[netty-transport-4.1.92.Final.jar:4.1.92.Final]
	at io.netty.channel.nio.NioEventLoop.run(NioEventLoop.java:562) ~[netty-transport-4.1.92.Final.jar:4.1.92.Final]
	at io.netty.util.concurrent.SingleThreadEventExecutor$4.run(SingleThreadEventExecutor.java:997) ~[netty-common-4.1.92.Final.jar:4.1.92.Final]
	at io.netty.util.internal.ThreadExecutorMap$2.run(ThreadExecutorMap.java:74) ~[netty-common-4.1.92.Final.jar:4.1.92.Final]
	at io.netty.util.concurrent.FastThreadLocalRunnable.run(FastThreadLocalRunnable.java:30) ~[netty-common-4.1.92.Final.jar:4.1.92.Final]
	at java.lang.Thread.run(Thread.java:1623) [?:?]
[20-11-2023 21:42:10.272 INFO com.vmo.automationexercise.helper.Log] - Open browser
[20-11-2023 21:42:13.929 INFO com.vmo.automationexercise.helper.Log] - Open Homepage successful
[20-11-2023 21:42:13.929 INFO com.vmo.automationexercise.helper.Log] - Open Automation exercise shop
[20-11-2023 21:42:13.955 INFO com.vmo.automationexercise.helper.Log] - Verify that home page is visible successfully
[20-11-2023 21:42:14.970 INFO com.vmo.automationexercise.helper.Log] - Click 'View Product' for any product on home page
[20-11-2023 21:42:14.978 INFO com.vmo.automationexercise.helper.Log] - Verify product detail is opened
[20-11-2023 21:42:15.317 INFO com.vmo.automationexercise.helper.Log] - Increase quantity to 4
[20-11-2023 21:42:15.404 INFO com.vmo.automationexercise.helper.Log] - Click 'Add to cart' button
[20-11-2023 21:42:16.925 INFO com.vmo.automationexercise.helper.Log] - Click 'View Cart' button
[20-11-2023 21:42:17.105 INFO com.vmo.automationexercise.helper.Log] - Verify that product is displayed in cart page with exact quantity
[20-11-2023 21:42:19.050 INFO com.vmo.automationexercise.helper.Log] - Open browser
[20-11-2023 21:42:22.699 INFO com.vmo.automationexercise.helper.Log] - Open Homepage successful
[20-11-2023 21:42:22.700 INFO com.vmo.automationexercise.helper.Log] - Open Automation exercise shop
[20-11-2023 21:42:22.723 INFO com.vmo.automationexercise.helper.Log] - Verify that home page is visible successfully
[20-11-2023 21:42:24.008 INFO com.vmo.automationexercise.helper.Log] - Click 'View Product' for any product on home page
[20-11-2023 21:42:24.020 INFO com.vmo.automationexercise.helper.Log] - Verify product detail is opened
[20-11-2023 21:42:24.340 INFO com.vmo.automationexercise.helper.Log] - Increase quantity to 4
[20-11-2023 21:42:24.466 INFO com.vmo.automationexercise.helper.Log] - Click 'Add to cart' button
[20-11-2023 21:42:26.028 INFO com.vmo.automationexercise.helper.Log] - Click 'View Cart' button
[20-11-2023 21:42:26.266 INFO com.vmo.automationexercise.helper.Log] - Verify that product is displayed in cart page with exact quantity
[20-11-2023 21:42:26.376 INFO com.vmo.automationexercise.helper.Log] -  Click 'X' button corresponding to particular product
[20-11-2023 21:42:26.999 INFO com.vmo.automationexercise.helper.Log] - Verify that product is removed from the cart
[20-11-2023 21:42:28.871 INFO com.vmo.automationexercise.helper.Log] - Open browser
[20-11-2023 21:42:32.466 INFO com.vmo.automationexercise.helper.Log] - Open Homepage successful
[20-11-2023 21:42:32.467 INFO com.vmo.automationexercise.helper.Log] - Open Automation exercise shop
[20-11-2023 21:42:32.489 INFO com.vmo.automationexercise.helper.Log] - Verify that home page is visible successfully
[20-11-2023 21:42:32.536 INFO com.vmo.automationexercise.helper.Log] - Scroll to bottom of page
[20-11-2023 21:42:32.618 INFO com.vmo.automationexercise.helper.Log] - Verify 'RECOMMENDED ITEMS' are visible
[20-11-2023 21:42:38.217 INFO com.vmo.automationexercise.helper.Log] - Click on 'Add To Cart' on Recommended product
[20-11-2023 21:42:40.202 INFO com.vmo.automationexercise.helper.Log] - First product is added to Cart
