[12-11-2023 21:11:19.755 INFO com.vmo.automationexercise.helper.Log] - Open browser
[12-11-2023 21:11:23.440 INFO com.vmo.automationexercise.helper.Log] - Open Homepage successful
[12-11-2023 21:11:23.482 INFO com.vmo.automationexercise.helper.Log] - Open Automation exercise shop
[12-11-2023 21:11:23.905 INFO com.vmo.automationexercise.helper.Log] - Verify that home page is visible successfully
[12-11-2023 21:11:24.105 INFO com.vmo.automationexercise.helper.Log] - Hover over first product 
[12-11-2023 21:11:24.302 INFO com.vmo.automationexercise.helper.Log] - Add products to cart
[12-11-2023 21:11:26.299 INFO com.vmo.automationexercise.helper.Log] - Click 'Cart' button
[12-11-2023 21:11:26.309 INFO com.vmo.automationexercise.helper.Log] - Verify that cart page is displayed
[12-11-2023 21:11:26.562 INFO com.vmo.automationexercise.helper.Log] - Click Proceed To Checkout
[12-11-2023 21:11:27.440 INFO com.vmo.automationexercise.helper.Log] - Click 'Register / Login' button
[12-11-2023 21:11:27.449 INFO com.vmo.automationexercise.helper.Log] - Enter name: Ying Leuschke III
[12-11-2023 21:11:27.450 INFO com.vmo.automationexercise.helper.Log] - Enter locator: //input[@name='name']
[12-11-2023 21:11:27.450 INFO com.vmo.automationexercise.helper.Log] - Enter driver: ChromeDriver: chrome on windows (c651b4508af85581bb0dd5b93acc612a)
[12-11-2023 21:11:27.800 INFO com.vmo.automationexercise.helper.Log] - Enter name: Ying Leuschke III
[12-11-2023 21:11:28.010 INFO com.vmo.automationexercise.helper.Log] - Enter email: landon.ratke@gmail.com
[12-11-2023 21:11:28.892 INFO com.vmo.automationexercise.helper.Log] - Click on signup button
[12-11-2023 21:11:29.027 INFO com.vmo.automationexercise.helper.Log] - Verify that 'ENTER ACCOUNT INFORMATION' is visible
[12-11-2023 21:11:29.283 INFO com.vmo.automationexercise.helper.Log] - Choose title
[12-11-2023 21:11:29.518 INFO com.vmo.automationexercise.helper.Log] - Enter password: ijxtl8t01i
[12-11-2023 21:11:29.717 INFO com.vmo.automationexercise.helper.Log] - Choose day: 5
[12-11-2023 21:11:29.868 INFO com.vmo.automationexercise.helper.Log] - Choose month: May
[12-11-2023 21:11:30.064 INFO com.vmo.automationexercise.helper.Log] - Choose year: 1989
[12-11-2023 21:11:30.278 INFO com.vmo.automationexercise.helper.Log] - Tick on Sign up for our newsletter! checkbox
[12-11-2023 21:11:30.411 INFO com.vmo.automationexercise.helper.Log] - Tick on Receive special offers from our partners! checkbox
[12-11-2023 21:11:30.622 INFO com.vmo.automationexercise.helper.Log] - Enter first name: Lindsey
[12-11-2023 21:11:30.850 INFO com.vmo.automationexercise.helper.Log] - Enter last name: Erdman
[12-11-2023 21:11:31.099 INFO com.vmo.automationexercise.helper.Log] - Enter company: Rice, Morissette and Koelpin
[12-11-2023 21:11:31.366 INFO com.vmo.automationexercise.helper.Log] - Enter address1: Apt. 866 0248 Cecil Isle, Robbiebury, OR 61192
[12-11-2023 21:11:31.567 INFO com.vmo.automationexercise.helper.Log] - Enter address2: 973
[12-11-2023 21:11:31.715 INFO com.vmo.automationexercise.helper.Log] - Choose country: Canada
[12-11-2023 21:11:31.897 INFO com.vmo.automationexercise.helper.Log] - Enter state: Oklahoma
[12-11-2023 21:11:32.142 INFO com.vmo.automationexercise.helper.Log] - Enter city: Port Dominiqueland
[12-11-2023 21:11:32.381 INFO com.vmo.automationexercise.helper.Log] - Enter zipcode: 24649-9481
[12-11-2023 21:11:32.649 INFO com.vmo.automationexercise.helper.Log] - Enter phone number: 1-682-622-1679
[12-11-2023 21:11:34.077 INFO com.vmo.automationexercise.helper.Log] - Click on Create account button
[12-11-2023 21:11:34.159 INFO com.vmo.automationexercise.helper.Log] - Verify that 'ACCOUNT CREATED!' is visible
[12-11-2023 21:11:38.281 INFO com.vmo.automationexercise.helper.Log] - Click Continue button to login
[12-11-2023 21:11:38.328 INFO com.vmo.automationexercise.helper.Log] - Verify that 'Logged in as username' is visible
[12-11-2023 21:11:39.109 INFO com.vmo.automationexercise.helper.Log] - Click 'Cart' button
[12-11-2023 21:11:40.405 INFO com.vmo.automationexercise.helper.Log] - Click 'Proceed To Checkout' button
[12-11-2023 21:11:40.950 INFO com.vmo.automationexercise.helper.Log] - Verify Address Details Successfully
[12-11-2023 21:11:41.129 INFO com.vmo.automationexercise.helper.Log] - Verify Review Your Order Successfully
[12-11-2023 21:11:42.194 INFO com.vmo.automationexercise.helper.Log] - Enter description in comment text area and click 'Place Order'
[12-11-2023 21:11:42.358 INFO com.vmo.automationexercise.helper.Log] - Enter payment details: Name on Card
[12-11-2023 21:11:42.560 INFO com.vmo.automationexercise.helper.Log] - Enter payment details:  Card Number
[12-11-2023 21:11:42.791 INFO com.vmo.automationexercise.helper.Log] - Enter payment details:  CVC
[12-11-2023 21:11:42.999 INFO com.vmo.automationexercise.helper.Log] - Enter payment details:  Expiration month
[12-11-2023 21:11:43.217 INFO com.vmo.automationexercise.helper.Log] - Enter payment details:  Expiration year
[12-11-2023 21:11:45.383 INFO com.vmo.automationexercise.helper.Log] - Click 'Pay and Confirm Order' button
[12-11-2023 21:11:45.489 INFO com.vmo.automationexercise.helper.Log] - Verify success message 'Your order has been placed successfully!'
[12-11-2023 21:11:47.254 INFO com.vmo.automationexercise.helper.Log] - Open browser
[12-11-2023 21:11:53.986 INFO com.vmo.automationexercise.helper.Log] - Open Homepage successful
[12-11-2023 21:11:53.988 INFO com.vmo.automationexercise.helper.Log] - Open Automation exercise shop
[12-11-2023 21:11:54.030 INFO com.vmo.automationexercise.helper.Log] - Verify that home page is visible successfully
[12-11-2023 21:11:54.801 INFO com.vmo.automationexercise.helper.Log] - Click Signup button
[12-11-2023 21:11:54.911 INFO com.vmo.automationexercise.helper.Log] - Verify 'New User Signup!' is visible
[12-11-2023 21:11:54.912 INFO com.vmo.automationexercise.helper.Log] - Enter name: Ying Leuschke III
[12-11-2023 21:11:54.913 INFO com.vmo.automationexercise.helper.Log] - Enter locator: //input[@name='name']
[12-11-2023 21:11:54.915 INFO com.vmo.automationexercise.helper.Log] - Enter driver: ChromeDriver: chrome on windows (653127e94cc8b691c4bc60d531821aec)
[12-11-2023 21:11:55.231 INFO com.vmo.automationexercise.helper.Log] - Enter name: Ying Leuschke III
[12-11-2023 21:11:55.374 INFO com.vmo.automationexercise.helper.Log] - Enter email: sherwood.dach@hotmail.com
[12-11-2023 21:11:55.730 INFO com.vmo.automationexercise.helper.Log] - Click on signup button
[12-11-2023 21:11:56.275 INFO com.vmo.automationexercise.helper.Log] - Verify that 'ENTER ACCOUNT INFORMATION' is visible
[12-11-2023 21:11:56.508 INFO com.vmo.automationexercise.helper.Log] - Choose title
[12-11-2023 21:11:56.777 INFO com.vmo.automationexercise.helper.Log] - Enter password: 4f0bmu6lai
[12-11-2023 21:11:56.947 INFO com.vmo.automationexercise.helper.Log] - Choose day: 5
[12-11-2023 21:11:57.163 INFO com.vmo.automationexercise.helper.Log] - Choose month: May
[12-11-2023 21:11:57.441 INFO com.vmo.automationexercise.helper.Log] - Choose year: 1989
[12-11-2023 21:11:57.632 INFO com.vmo.automationexercise.helper.Log] - Tick on Sign up for our newsletter! checkbox
[12-11-2023 21:11:57.759 INFO com.vmo.automationexercise.helper.Log] - Tick on Receive special offers from our partners! checkbox
[12-11-2023 21:11:58.007 INFO com.vmo.automationexercise.helper.Log] - Enter first name: Lindsey
[12-11-2023 21:11:58.259 INFO com.vmo.automationexercise.helper.Log] - Enter last name: Erdman
[12-11-2023 21:11:58.530 INFO com.vmo.automationexercise.helper.Log] - Enter company: Rice, Morissette and Koelpin
[12-11-2023 21:11:58.824 INFO com.vmo.automationexercise.helper.Log] - Enter address1: Apt. 866 0248 Cecil Isle, Robbiebury, OR 61192
[12-11-2023 21:11:59.067 INFO com.vmo.automationexercise.helper.Log] - Enter address2: 973
[12-11-2023 21:11:59.233 INFO com.vmo.automationexercise.helper.Log] - Choose country: Canada
[12-11-2023 21:11:59.484 INFO com.vmo.automationexercise.helper.Log] - Enter state: Oklahoma
[12-11-2023 21:11:59.767 INFO com.vmo.automationexercise.helper.Log] - Enter city: Port Dominiqueland
[12-11-2023 21:12:00.000 INFO com.vmo.automationexercise.helper.Log] - Enter zipcode: 24649-9481
[12-11-2023 21:12:00.249 INFO com.vmo.automationexercise.helper.Log] - Enter phone number: 1-682-622-1679
[12-11-2023 21:12:01.422 INFO com.vmo.automationexercise.helper.Log] - Click on Create account button
[12-11-2023 21:12:01.522 INFO com.vmo.automationexercise.helper.Log] - Verify that 'ACCOUNT CREATED!' is visible
[12-11-2023 21:12:04.317 INFO com.vmo.automationexercise.helper.Log] - Click Continue button to login
[12-11-2023 21:12:04.438 INFO com.vmo.automationexercise.helper.Log] - Verify that 'Logged in as username' is visible
[12-11-2023 21:12:04.585 INFO com.vmo.automationexercise.helper.Log] - Hover over first product 
[12-11-2023 21:12:04.748 INFO com.vmo.automationexercise.helper.Log] - Add products to cart
[12-11-2023 21:12:06.694 INFO com.vmo.automationexercise.helper.Log] - Click 'Cart' button
[12-11-2023 21:12:06.709 INFO com.vmo.automationexercise.helper.Log] - Verify that cart page is displayed
[12-11-2023 21:12:07.638 INFO com.vmo.automationexercise.helper.Log] - Click 'Cart' button
[12-11-2023 21:12:09.112 INFO com.vmo.automationexercise.helper.Log] - Click 'Proceed To Checkout' button
[12-11-2023 21:12:09.671 INFO com.vmo.automationexercise.helper.Log] - Verify Address Details Successfully
[12-11-2023 21:12:09.767 INFO com.vmo.automationexercise.helper.Log] - Verify Review Your Order Successfully
[12-11-2023 21:12:11.037 INFO com.vmo.automationexercise.helper.Log] - Enter description in comment text area and click 'Place Order'
[12-11-2023 21:12:11.388 INFO com.vmo.automationexercise.helper.Log] - Enter payment details: Name on Card
[12-11-2023 21:12:11.623 INFO com.vmo.automationexercise.helper.Log] - Enter payment details:  Card Number
[12-11-2023 21:12:11.893 INFO com.vmo.automationexercise.helper.Log] - Enter payment details:  CVC
[12-11-2023 21:12:12.123 INFO com.vmo.automationexercise.helper.Log] - Enter payment details:  Expiration month
[12-11-2023 21:12:12.343 INFO com.vmo.automationexercise.helper.Log] - Enter payment details:  Expiration year
[12-11-2023 21:12:14.555 INFO com.vmo.automationexercise.helper.Log] - Click 'Pay and Confirm Order' button
[12-11-2023 21:12:14.670 INFO com.vmo.automationexercise.helper.Log] - Verify success message 'Your order has been placed successfully!'
