[04-11-2023 15:33:43.600 INFO com.vmo.automationexercise.helper.Log] - Open browser
[04-11-2023 15:33:47.035 INFO com.vmo.automationexercise.helper.Log] - Open Homepage successful
[04-11-2023 15:33:47.071 INFO com.vmo.automationexercise.helper.Log] - Open Automation exercise shop
[04-11-2023 15:33:47.182 INFO com.vmo.automationexercise.helper.Log] - Verify that home page is visible successfully
[04-11-2023 15:33:47.962 INFO com.vmo.automationexercise.helper.Log] - Click Signup button
[04-11-2023 15:33:48.214 INFO com.vmo.automationexercise.helper.Log] - Verify 'New User Signup!' is visible
[04-11-2023 15:33:49.005 INFO com.vmo.automationexercise.helper.Log] - Enter name: Aliza Ward
[04-11-2023 15:33:49.225 INFO com.vmo.automationexercise.helper.Log] - Enter email: esteban.goldner@yahoo.com
[04-11-2023 15:33:50.052 INFO com.vmo.automationexercise.helper.Log] - Click on signup button
[04-11-2023 15:33:50.232 INFO com.vmo.automationexercise.helper.Log] - Verify that 'ENTER ACCOUNT INFORMATION' is visible
[04-11-2023 15:33:50.411 INFO com.vmo.automationexercise.helper.Log] - Choose title
[04-11-2023 15:33:50.670 INFO com.vmo.automationexercise.helper.Log] - Enter password: wzmbt8pcayhny7
[04-11-2023 15:33:50.888 INFO com.vmo.automationexercise.helper.Log] - Choose day: 5
[04-11-2023 15:33:51.019 INFO com.vmo.automationexercise.helper.Log] - Choose month: May
[04-11-2023 15:33:51.200 INFO com.vmo.automationexercise.helper.Log] - Choose year: 1989
[04-11-2023 15:33:51.354 INFO com.vmo.automationexercise.helper.Log] - Tick on Sign up for our newsletter! checkbox
[04-11-2023 15:33:51.524 INFO com.vmo.automationexercise.helper.Log] - Tick on Receive special offers from our partners! checkbox
[04-11-2023 15:33:51.858 INFO com.vmo.automationexercise.helper.Log] - Enter first name: Mariela
[04-11-2023 15:33:52.094 INFO com.vmo.automationexercise.helper.Log] - Enter last name: Stracke
[04-11-2023 15:33:52.388 INFO com.vmo.automationexercise.helper.Log] - Enter company: Johnston LLC
[04-11-2023 15:33:52.684 INFO com.vmo.automationexercise.helper.Log] - Enter address1: Suite 678 0941 Rory Mills, East Gingerview, AZ 27698
[04-11-2023 15:33:52.922 INFO com.vmo.automationexercise.helper.Log] - Enter address2: 625
[04-11-2023 15:33:53.111 INFO com.vmo.automationexercise.helper.Log] - Choose country: Canada
[04-11-2023 15:33:53.385 INFO com.vmo.automationexercise.helper.Log] - Enter state: Massachusetts
[04-11-2023 15:33:53.614 INFO com.vmo.automationexercise.helper.Log] - Enter city: South Tenesha
[04-11-2023 15:33:53.853 INFO com.vmo.automationexercise.helper.Log] - Enter zipcode: 35716-1810
[04-11-2023 15:33:54.103 INFO com.vmo.automationexercise.helper.Log] - Enter phone number: (723) 957-9289
[04-11-2023 15:33:55.376 INFO com.vmo.automationexercise.helper.Log] - Click on Create account button
[04-11-2023 15:33:55.505 INFO com.vmo.automationexercise.helper.Log] - Verify that 'ACCOUNT CREATED!' is visible
[04-11-2023 15:33:59.776 INFO com.vmo.automationexercise.helper.Log] - Click Continue button to login
[04-11-2023 15:33:59.944 INFO com.vmo.automationexercise.helper.Log] - Verify that 'Logged in as username' is visible
[04-11-2023 15:34:02.401 INFO com.vmo.automationexercise.helper.Log] - Click 'Delete Account' button
[04-11-2023 15:34:02.482 INFO com.vmo.automationexercise.helper.Log] - Verify that 'ACCOUNT DELETED!' is visible 
[04-11-2023 15:34:02.696 WARN org.asynchttpclient.netty.handler.WebSocketHandler] - onError
java.net.SocketException: Connection reset
	at sun.nio.ch.SocketChannelImpl.throwConnectionReset(SocketChannelImpl.java:401) ~[?:?]
	at sun.nio.ch.SocketChannelImpl.read(SocketChannelImpl.java:434) ~[?:?]
	at io.netty.buffer.PooledByteBuf.setBytes(PooledByteBuf.java:256) ~[netty-buffer-4.1.92.Final.jar:4.1.92.Final]
	at io.netty.buffer.AbstractByteBuf.writeBytes(AbstractByteBuf.java:1132) ~[netty-buffer-4.1.92.Final.jar:4.1.92.Final]
	at io.netty.channel.socket.nio.NioSocketChannel.doReadBytes(NioSocketChannel.java:357) ~[netty-transport-4.1.92.Final.jar:4.1.92.Final]
	at io.netty.channel.nio.AbstractNioByteChannel$NioByteUnsafe.read(AbstractNioByteChannel.java:151) ~[netty-transport-4.1.92.Final.jar:4.1.92.Final]
	at io.netty.channel.nio.NioEventLoop.processSelectedKey(NioEventLoop.java:788) ~[netty-transport-4.1.92.Final.jar:4.1.92.Final]
	at io.netty.channel.nio.NioEventLoop.processSelectedKeysOptimized(NioEventLoop.java:724) ~[netty-transport-4.1.92.Final.jar:4.1.92.Final]
	at io.netty.channel.nio.NioEventLoop.processSelectedKeys(NioEventLoop.java:650) ~[netty-transport-4.1.92.Final.jar:4.1.92.Final]
	at io.netty.channel.nio.NioEventLoop.run(NioEventLoop.java:562) ~[netty-transport-4.1.92.Final.jar:4.1.92.Final]
	at io.netty.util.concurrent.SingleThreadEventExecutor$4.run(SingleThreadEventExecutor.java:997) ~[netty-common-4.1.92.Final.jar:4.1.92.Final]
	at io.netty.util.internal.ThreadExecutorMap$2.run(ThreadExecutorMap.java:74) ~[netty-common-4.1.92.Final.jar:4.1.92.Final]
	at io.netty.util.concurrent.FastThreadLocalRunnable.run(FastThreadLocalRunnable.java:30) ~[netty-common-4.1.92.Final.jar:4.1.92.Final]
	at java.lang.Thread.run(Thread.java:1623) [?:?]
[04-11-2023 15:34:04.260 INFO com.vmo.automationexercise.helper.Log] - Open browser
[04-11-2023 15:34:07.745 INFO com.vmo.automationexercise.helper.Log] - Open Homepage successful
[04-11-2023 15:34:07.747 INFO com.vmo.automationexercise.helper.Log] - Open Automation exercise shop
[04-11-2023 15:34:07.770 INFO com.vmo.automationexercise.helper.Log] - Verify that home page is visible successfully
[04-11-2023 15:34:08.856 INFO com.vmo.automationexercise.helper.Log] -  Click on 'Signup / Login' button
[04-11-2023 15:34:09.087 INFO com.vmo.automationexercise.helper.Log] -  Verify 'Login to your account' is visible
[04-11-2023 15:34:09.260 INFO com.vmo.automationexercise.helper.Log] - Enter email: tia.mclaughlin@gmail.com
[04-11-2023 15:34:09.381 INFO com.vmo.automationexercise.helper.Log] - Enter password: uaq3hhz2sdke6
[04-11-2023 15:34:15.184 INFO com.vmo.automationexercise.helper.Log] - Click 'login' button
[04-11-2023 15:34:15.331 INFO com.vmo.automationexercise.helper.Log] - Verify that 'Logged in as username' is visible
