[22-11-2023 06:04:06.753 INFO com.vmo.automationexercise.helper.Log] - Open browser
[22-11-2023 06:04:10.639 INFO com.vmo.automationexercise.helper.Log] - Open Homepage successful
[22-11-2023 06:04:10.680 INFO com.vmo.automationexercise.helper.Log] - Open Automation exercise shop
[22-11-2023 06:04:10.835 INFO com.vmo.automationexercise.helper.Log] - Verify that home page is visible successfully
[22-11-2023 06:04:10.967 INFO com.vmo.automationexercise.helper.Log] - Click on arrow left
[22-11-2023 06:04:11.066 INFO com.vmo.automationexercise.helper.Log] - String: 
[22-11-2023 06:04:11.778 WARN org.asynchttpclient.netty.handler.WebSocketHandler] - onError
java.net.SocketException: Connection reset
	at sun.nio.ch.SocketChannelImpl.throwConnectionReset(SocketChannelImpl.java:401) ~[?:?]
	at sun.nio.ch.SocketChannelImpl.read(SocketChannelImpl.java:434) ~[?:?]
	at io.netty.buffer.PooledByteBuf.setBytes(PooledByteBuf.java:256) ~[netty-buffer-4.1.92.Final.jar:4.1.92.Final]
	at io.netty.buffer.AbstractByteBuf.writeBytes(AbstractByteBuf.java:1132) ~[netty-buffer-4.1.92.Final.jar:4.1.92.Final]
	at io.netty.channel.socket.nio.NioSocketChannel.doReadBytes(NioSocketChannel.java:357) ~[netty-transport-4.1.92.Final.jar:4.1.92.Final]
	at io.netty.channel.nio.AbstractNioByteChannel$NioByteUnsafe.read(AbstractNioByteChannel.java:151) ~[netty-transport-4.1.92.Final.jar:4.1.92.Final]
	at io.netty.channel.nio.NioEventLoop.processSelectedKey(NioEventLoop.java:788) ~[netty-transport-4.1.92.Final.jar:4.1.92.Final]
	at io.netty.channel.nio.NioEventLoop.processSelectedKeysOptimized(NioEventLoop.java:724) ~[netty-transport-4.1.92.Final.jar:4.1.92.Final]
	at io.netty.channel.nio.NioEventLoop.processSelectedKeys(NioEventLoop.java:650) ~[netty-transport-4.1.92.Final.jar:4.1.92.Final]
	at io.netty.channel.nio.NioEventLoop.run(NioEventLoop.java:562) ~[netty-transport-4.1.92.Final.jar:4.1.92.Final]
	at io.netty.util.concurrent.SingleThreadEventExecutor$4.run(SingleThreadEventExecutor.java:997) ~[netty-common-4.1.92.Final.jar:4.1.92.Final]
	at io.netty.util.internal.ThreadExecutorMap$2.run(ThreadExecutorMap.java:74) ~[netty-common-4.1.92.Final.jar:4.1.92.Final]
	at io.netty.util.concurrent.FastThreadLocalRunnable.run(FastThreadLocalRunnable.java:30) ~[netty-common-4.1.92.Final.jar:4.1.92.Final]
	at java.lang.Thread.run(Thread.java:1623) [?:?]
[22-11-2023 06:04:13.487 INFO com.vmo.automationexercise.helper.Log] - Open browser
[22-11-2023 06:04:17.257 INFO com.vmo.automationexercise.helper.Log] - Open Homepage successful
[22-11-2023 06:04:17.262 INFO com.vmo.automationexercise.helper.Log] - Open Automation exercise shop
[22-11-2023 06:04:17.291 INFO com.vmo.automationexercise.helper.Log] - Verify that home page is visible successfully
[22-11-2023 06:04:17.543 INFO com.vmo.automationexercise.helper.Log] - Click on arrow left
[22-11-2023 06:04:17.647 INFO com.vmo.automationexercise.helper.Log] - String: 
