[20-11-2023 21:50:55.646 INFO com.vmo.automationexercise.helper.Log] - Open browser
[20-11-2023 21:50:58.939 INFO com.vmo.automationexercise.helper.Log] - Open Homepage successful
[20-11-2023 21:50:58.997 INFO com.vmo.automationexercise.helper.Log] - Open Automation exercise shop
[20-11-2023 21:50:59.381 INFO com.vmo.automationexercise.helper.Log] - Verify that home page is visible successfully
[20-11-2023 21:51:01.684 INFO com.vmo.automationexercise.helper.Log] - Click 'Products' button
[20-11-2023 21:51:01.951 INFO com.vmo.automationexercise.helper.Log] - Hover over first product 
[20-11-2023 21:51:02.136 INFO com.vmo.automationexercise.helper.Log] - Click add to cart of first product
[20-11-2023 21:51:02.848 INFO com.vmo.automationexercise.helper.Log] - Click 'Continue Shopping' button
[20-11-2023 21:51:03.023 INFO com.vmo.automationexercise.helper.Log] - Hover over second product 
[20-11-2023 21:51:03.211 INFO com.vmo.automationexercise.helper.Log] - Click add to cart of second product
[20-11-2023 21:52:03.837 WARN org.asynchttpclient.netty.handler.WebSocketHandler] - onError
java.net.SocketException: Connection reset
	at sun.nio.ch.SocketChannelImpl.throwConnectionReset(SocketChannelImpl.java:401) ~[?:?]
	at sun.nio.ch.SocketChannelImpl.read(SocketChannelImpl.java:434) ~[?:?]
	at io.netty.buffer.PooledByteBuf.setBytes(PooledByteBuf.java:256) ~[netty-buffer-4.1.92.Final.jar:4.1.92.Final]
	at io.netty.buffer.AbstractByteBuf.writeBytes(AbstractByteBuf.java:1132) ~[netty-buffer-4.1.92.Final.jar:4.1.92.Final]
	at io.netty.channel.socket.nio.NioSocketChannel.doReadBytes(NioSocketChannel.java:357) ~[netty-transport-4.1.92.Final.jar:4.1.92.Final]
	at io.netty.channel.nio.AbstractNioByteChannel$NioByteUnsafe.read(AbstractNioByteChannel.java:151) ~[netty-transport-4.1.92.Final.jar:4.1.92.Final]
	at io.netty.channel.nio.NioEventLoop.processSelectedKey(NioEventLoop.java:788) ~[netty-transport-4.1.92.Final.jar:4.1.92.Final]
	at io.netty.channel.nio.NioEventLoop.processSelectedKeysOptimized(NioEventLoop.java:724) ~[netty-transport-4.1.92.Final.jar:4.1.92.Final]
	at io.netty.channel.nio.NioEventLoop.processSelectedKeys(NioEventLoop.java:650) ~[netty-transport-4.1.92.Final.jar:4.1.92.Final]
	at io.netty.channel.nio.NioEventLoop.run(NioEventLoop.java:562) ~[netty-transport-4.1.92.Final.jar:4.1.92.Final]
	at io.netty.util.concurrent.SingleThreadEventExecutor$4.run(SingleThreadEventExecutor.java:997) ~[netty-common-4.1.92.Final.jar:4.1.92.Final]
	at io.netty.util.internal.ThreadExecutorMap$2.run(ThreadExecutorMap.java:74) ~[netty-common-4.1.92.Final.jar:4.1.92.Final]
	at io.netty.util.concurrent.FastThreadLocalRunnable.run(FastThreadLocalRunnable.java:30) ~[netty-common-4.1.92.Final.jar:4.1.92.Final]
	at java.lang.Thread.run(Thread.java:1623) [?:?]
[20-11-2023 21:52:05.344 INFO com.vmo.automationexercise.helper.Log] - Open browser
[20-11-2023 21:52:08.664 INFO com.vmo.automationexercise.helper.Log] - Open Homepage successful
[20-11-2023 21:52:08.671 INFO com.vmo.automationexercise.helper.Log] - Open Automation exercise shop
[20-11-2023 21:52:08.688 INFO com.vmo.automationexercise.helper.Log] - Verify that home page is visible successfully
[20-11-2023 21:52:10.249 INFO com.vmo.automationexercise.helper.Log] - Click 'View Product' for any product on home page
[20-11-2023 21:52:10.261 INFO com.vmo.automationexercise.helper.Log] - Verify product detail is opened
[20-11-2023 21:52:10.561 INFO com.vmo.automationexercise.helper.Log] - Increase quantity to 4
[20-11-2023 21:52:10.653 INFO com.vmo.automationexercise.helper.Log] - Click 'Add to cart' button
[20-11-2023 21:52:12.242 INFO com.vmo.automationexercise.helper.Log] - Click 'View Cart' button
[20-11-2023 21:52:12.471 INFO com.vmo.automationexercise.helper.Log] - Verify that product is displayed in cart page with exact quantity
[20-11-2023 21:52:14.392 INFO com.vmo.automationexercise.helper.Log] - Open browser
[20-11-2023 21:52:19.585 INFO com.vmo.automationexercise.helper.Log] - Open Homepage successful
[20-11-2023 21:52:19.587 INFO com.vmo.automationexercise.helper.Log] - Open Automation exercise shop
[20-11-2023 21:52:19.608 INFO com.vmo.automationexercise.helper.Log] - Verify that home page is visible successfully
[20-11-2023 21:52:20.870 INFO com.vmo.automationexercise.helper.Log] - Click 'View Product' for any product on home page
[20-11-2023 21:52:20.880 INFO com.vmo.automationexercise.helper.Log] - Verify product detail is opened
[20-11-2023 21:52:21.161 INFO com.vmo.automationexercise.helper.Log] - Increase quantity to 4
[20-11-2023 21:52:21.270 INFO com.vmo.automationexercise.helper.Log] - Click 'Add to cart' button
[20-11-2023 21:52:22.875 INFO com.vmo.automationexercise.helper.Log] - Click 'View Cart' button
[20-11-2023 21:52:23.116 INFO com.vmo.automationexercise.helper.Log] - Verify that product is displayed in cart page with exact quantity
[20-11-2023 21:52:23.225 INFO com.vmo.automationexercise.helper.Log] -  Click 'X' button corresponding to particular product
[20-11-2023 21:52:23.852 INFO com.vmo.automationexercise.helper.Log] - Verify that product is removed from the cart
[20-11-2023 21:52:25.689 INFO com.vmo.automationexercise.helper.Log] - Open browser
[20-11-2023 21:52:29.188 INFO com.vmo.automationexercise.helper.Log] - Open Homepage successful
[20-11-2023 21:52:29.190 INFO com.vmo.automationexercise.helper.Log] - Open Automation exercise shop
[20-11-2023 21:52:29.213 INFO com.vmo.automationexercise.helper.Log] - Verify that home page is visible successfully
[20-11-2023 21:52:29.266 INFO com.vmo.automationexercise.helper.Log] - Scroll to bottom of page
[20-11-2023 21:52:29.378 INFO com.vmo.automationexercise.helper.Log] - Verify 'RECOMMENDED ITEMS' are visible
[20-11-2023 21:52:34.421 INFO com.vmo.automationexercise.helper.Log] - Click on 'Add To Cart' on Recommended product
[20-11-2023 21:52:36.526 INFO com.vmo.automationexercise.helper.Log] - First product is added to Cart
