[20-11-2023 21:54:10.897 INFO com.vmo.automationexercise.helper.Log] - Open browser
[20-11-2023 21:54:22.080 INFO com.vmo.automationexercise.helper.Log] - Open Homepage successful
[20-11-2023 21:54:22.133 INFO com.vmo.automationexercise.helper.Log] - Open Automation exercise shop
[20-11-2023 21:54:22.529 INFO com.vmo.automationexercise.helper.Log] - Verify that home page is visible successfully
[20-11-2023 21:54:28.234 INFO com.vmo.automationexercise.helper.Log] - Click 'Products' button
[20-11-2023 21:54:28.498 INFO com.vmo.automationexercise.helper.Log] - Hover over first product 
[20-11-2023 21:54:28.704 INFO com.vmo.automationexercise.helper.Log] - Click add to cart of first product
[20-11-2023 21:54:29.446 INFO com.vmo.automationexercise.helper.Log] - Click 'Continue Shopping' button
[20-11-2023 21:54:29.645 INFO com.vmo.automationexercise.helper.Log] - Hover over second product 
[20-11-2023 21:54:29.806 INFO com.vmo.automationexercise.helper.Log] - Click add to cart of second product
[20-11-2023 21:54:31.435 INFO com.vmo.automationexercise.helper.Log] - Click 'View Cart' button
[20-11-2023 21:54:31.753 INFO com.vmo.automationexercise.helper.Log] - First product is added to Cart
[20-11-2023 21:54:31.927 INFO com.vmo.automationexercise.helper.Log] - Second product is added to Cart
[20-11-2023 21:54:32.009 INFO com.vmo.automationexercise.helper.Log] - Quantity of first product is: 1
[20-11-2023 21:54:32.081 INFO com.vmo.automationexercise.helper.Log] - Quantity of second product is: 1
[20-11-2023 21:54:32.173 INFO com.vmo.automationexercise.helper.Log] - Total price of first product is correct
[20-11-2023 21:54:32.267 INFO com.vmo.automationexercise.helper.Log] - Total price of second product is correct
[20-11-2023 21:54:32.783 WARN org.asynchttpclient.netty.handler.WebSocketHandler] - onError
java.net.SocketException: Connection reset
	at sun.nio.ch.SocketChannelImpl.throwConnectionReset(SocketChannelImpl.java:401) ~[?:?]
	at sun.nio.ch.SocketChannelImpl.read(SocketChannelImpl.java:434) ~[?:?]
	at io.netty.buffer.PooledByteBuf.setBytes(PooledByteBuf.java:256) ~[netty-buffer-4.1.92.Final.jar:4.1.92.Final]
	at io.netty.buffer.AbstractByteBuf.writeBytes(AbstractByteBuf.java:1132) ~[netty-buffer-4.1.92.Final.jar:4.1.92.Final]
	at io.netty.channel.socket.nio.NioSocketChannel.doReadBytes(NioSocketChannel.java:357) ~[netty-transport-4.1.92.Final.jar:4.1.92.Final]
	at io.netty.channel.nio.AbstractNioByteChannel$NioByteUnsafe.read(AbstractNioByteChannel.java:151) ~[netty-transport-4.1.92.Final.jar:4.1.92.Final]
	at io.netty.channel.nio.NioEventLoop.processSelectedKey(NioEventLoop.java:788) ~[netty-transport-4.1.92.Final.jar:4.1.92.Final]
	at io.netty.channel.nio.NioEventLoop.processSelectedKeysOptimized(NioEventLoop.java:724) ~[netty-transport-4.1.92.Final.jar:4.1.92.Final]
	at io.netty.channel.nio.NioEventLoop.processSelectedKeys(NioEventLoop.java:650) ~[netty-transport-4.1.92.Final.jar:4.1.92.Final]
	at io.netty.channel.nio.NioEventLoop.run(NioEventLoop.java:562) ~[netty-transport-4.1.92.Final.jar:4.1.92.Final]
	at io.netty.util.concurrent.SingleThreadEventExecutor$4.run(SingleThreadEventExecutor.java:997) ~[netty-common-4.1.92.Final.jar:4.1.92.Final]
	at io.netty.util.internal.ThreadExecutorMap$2.run(ThreadExecutorMap.java:74) ~[netty-common-4.1.92.Final.jar:4.1.92.Final]
	at io.netty.util.concurrent.FastThreadLocalRunnable.run(FastThreadLocalRunnable.java:30) ~[netty-common-4.1.92.Final.jar:4.1.92.Final]
	at java.lang.Thread.run(Thread.java:1623) [?:?]
[20-11-2023 21:54:34.463 INFO com.vmo.automationexercise.helper.Log] - Open browser
[20-11-2023 21:54:38.219 INFO com.vmo.automationexercise.helper.Log] - Open Homepage successful
[20-11-2023 21:54:38.227 INFO com.vmo.automationexercise.helper.Log] - Open Automation exercise shop
[20-11-2023 21:54:38.251 INFO com.vmo.automationexercise.helper.Log] - Verify that home page is visible successfully
[20-11-2023 21:54:39.777 INFO com.vmo.automationexercise.helper.Log] - Click 'View Product' for any product on home page
[20-11-2023 21:54:39.795 INFO com.vmo.automationexercise.helper.Log] - Verify product detail is opened
[20-11-2023 21:54:39.963 INFO com.vmo.automationexercise.helper.Log] - Increase quantity to 4
[20-11-2023 21:54:40.046 INFO com.vmo.automationexercise.helper.Log] - Click 'Add to cart' button
[20-11-2023 21:54:41.630 INFO com.vmo.automationexercise.helper.Log] - Click 'View Cart' button
[20-11-2023 21:54:41.856 INFO com.vmo.automationexercise.helper.Log] - Verify that product is displayed in cart page with exact quantity
[20-11-2023 21:54:43.932 INFO com.vmo.automationexercise.helper.Log] - Open browser
[20-11-2023 21:54:48.120 INFO com.vmo.automationexercise.helper.Log] - Open Homepage successful
[20-11-2023 21:54:48.120 INFO com.vmo.automationexercise.helper.Log] - Open Automation exercise shop
[20-11-2023 21:54:48.144 INFO com.vmo.automationexercise.helper.Log] - Verify that home page is visible successfully
[20-11-2023 21:54:50.453 INFO com.vmo.automationexercise.helper.Log] - Click 'View Product' for any product on home page
[20-11-2023 21:54:50.462 INFO com.vmo.automationexercise.helper.Log] - Verify product detail is opened
[20-11-2023 21:54:50.800 INFO com.vmo.automationexercise.helper.Log] - Increase quantity to 4
[20-11-2023 21:54:50.915 INFO com.vmo.automationexercise.helper.Log] - Click 'Add to cart' button
[20-11-2023 21:54:52.410 INFO com.vmo.automationexercise.helper.Log] - Click 'View Cart' button
[20-11-2023 21:54:52.673 INFO com.vmo.automationexercise.helper.Log] - Verify that product is displayed in cart page with exact quantity
[20-11-2023 21:54:52.830 INFO com.vmo.automationexercise.helper.Log] -  Click 'X' button corresponding to particular product
[20-11-2023 21:54:53.481 INFO com.vmo.automationexercise.helper.Log] - Verify that product is removed from the cart
[20-11-2023 21:54:55.647 INFO com.vmo.automationexercise.helper.Log] - Open browser
[20-11-2023 21:54:59.189 INFO com.vmo.automationexercise.helper.Log] - Open Homepage successful
[20-11-2023 21:54:59.189 INFO com.vmo.automationexercise.helper.Log] - Open Automation exercise shop
[20-11-2023 21:54:59.212 INFO com.vmo.automationexercise.helper.Log] - Verify that home page is visible successfully
[20-11-2023 21:54:59.247 INFO com.vmo.automationexercise.helper.Log] - Scroll to bottom of page
[20-11-2023 21:54:59.329 INFO com.vmo.automationexercise.helper.Log] - Verify 'RECOMMENDED ITEMS' are visible
[20-11-2023 21:55:04.922 INFO com.vmo.automationexercise.helper.Log] - Click on 'Add To Cart' on Recommended product
[20-11-2023 21:55:06.905 INFO com.vmo.automationexercise.helper.Log] - First product is added to Cart
